2017-09-21 11:02:23,754 INFO [Druid-ConnectionPool-Log-8057729] c.a.d.p.DruidDataSourceStatLoggerImpl [DruidDataSourceStatLoggerImpl.java : 77] {"url":"jdbc:mysql://192.168.0.94:3306/attach?useUnicode=true&characterEncoding=utf8&pinGlobalTxToPhysicalConnection=true","dbType":"mysql","name":"DataSource-8057729","activeCount":0,"poolingCount":1,"connectCount":0,"closeCount":0}
2017-09-21 11:07:23,768 INFO [Druid-ConnectionPool-Log-8057729] c.a.d.p.DruidDataSourceStatLoggerImpl [DruidDataSourceStatLoggerImpl.java : 77] {"url":"jdbc:mysql://192.168.0.94:3306/attach?useUnicode=true&characterEncoding=utf8&pinGlobalTxToPhysicalConnection=true","dbType":"mysql","name":"DataSource-8057729","activeCount":0,"poolingCount":1,"connectCount":0,"closeCount":0}
2017-09-21 11:12:23,796 INFO [Druid-ConnectionPool-Log-8057729] c.a.d.p.DruidDataSourceStatLoggerImpl [DruidDataSourceStatLoggerImpl.java : 77] {"url":"jdbc:mysql://192.168.0.94:3306/attach?useUnicode=true&characterEncoding=utf8&pinGlobalTxToPhysicalConnection=true","dbType":"mysql","name":"DataSource-8057729","activeCount":0,"poolingCount":1,"connectCount":0,"closeCount":0}
2017-09-21 11:12:49,127 INFO [17858659@qtp-6712462-198] o.a.g.p.dao.CommonRepositoryImpl [CommonRepositoryImpl.java : 497] qlString = {SELECT o.id,o.businessId,o.userId,o.fileName,o.fileSort,o.fileSuffix,o.fileSize,o.relativePath,o.uploadTime FROM FileInfoEntity o WHERE 1=1 ORDER BY o.fileSort DESC}
2017-09-21 11:12:49,132 INFO [17858659@qtp-6712462-198] o.a.g.p.dao.CommonRepositoryImpl [CommonRepositoryImpl.java : 701] conIndex = {130}
2017-09-21 11:12:49,134 INFO [17858659@qtp-6712462-198] o.a.g.p.dao.CommonRepositoryImpl [CommonRepositoryImpl.java : 706] 条件前的?个数：{0}
2017-09-21 11:12:49,134 INFO [17858659@qtp-6712462-198] o.a.g.p.dao.CommonRepositoryImpl [CommonRepositoryImpl.java : 707] 条件后的?个数：{0}
2017-09-21 11:12:49,135 INFO [17858659@qtp-6712462-198] o.a.g.p.dao.CommonRepositoryImpl [CommonRepositoryImpl.java : 708] 条件的起始位置：{0}
2017-09-21 11:12:49,136 INFO [17858659@qtp-6712462-198] o.a.g.p.dao.CommonRepositoryImpl [CommonRepositoryImpl.java : 674] condition = { AND  (  ( businessId = ? )  ) }
2017-09-21 11:12:49,137 INFO [17858659@qtp-6712462-198] o.a.g.p.dao.CommonRepositoryImpl [CommonRepositoryImpl.java : 420] list_ql = {SELECT o.id,o.businessId,o.userId,o.fileName,o.fileSort,o.fileSuffix,o.fileSize,o.relativePath,o.uploadTime FROM FileInfoEntity o  WHERE 1=1  AND  (  ( businessId = ? )  )  ORDER BY o.fileSort DESC}
2017-09-21 11:12:49,138 INFO [17858659@qtp-6712462-198] o.a.g.p.dao.CommonRepositoryImpl [CommonRepositoryImpl.java : 152] count_ql = {SELECT count(*) FROM FileInfoEntity o  WHERE 1=1  AND  (  ( businessId = ? )  )  ORDER BY o.fileSort DESC}
2017-09-21 11:12:49,153 INFO [17858659@qtp-6712462-198] o.a.g.p.dao.CommonRepositoryImpl [CommonRepositoryImpl.java : 737] executeCount totalRows = {14}
2017-09-21 11:12:59,629 INFO [17858659@qtp-6712462-198] o.a.g.p.dao.CommonRepositoryImpl [CommonRepositoryImpl.java : 497] qlString = {SELECT o.id,o.businessId,o.userId,o.fileName,o.fileSort,o.fileSuffix,o.fileSize,o.relativePath,o.uploadTime FROM FileInfoEntity o WHERE 1=1 ORDER BY o.fileSort DESC}
2017-09-21 11:12:59,645 INFO [17858659@qtp-6712462-198] o.a.g.p.dao.CommonRepositoryImpl [CommonRepositoryImpl.java : 701] conIndex = {130}
2017-09-21 11:12:59,646 INFO [17858659@qtp-6712462-198] o.a.g.p.dao.CommonRepositoryImpl [CommonRepositoryImpl.java : 706] 条件前的?个数：{0}
2017-09-21 11:12:59,647 INFO [17858659@qtp-6712462-198] o.a.g.p.dao.CommonRepositoryImpl [CommonRepositoryImpl.java : 707] 条件后的?个数：{0}
2017-09-21 11:12:59,648 INFO [17858659@qtp-6712462-198] o.a.g.p.dao.CommonRepositoryImpl [CommonRepositoryImpl.java : 708] 条件的起始位置：{0}
2017-09-21 11:12:59,649 INFO [17858659@qtp-6712462-198] o.a.g.p.dao.CommonRepositoryImpl [CommonRepositoryImpl.java : 674] condition = { AND  (  ( businessId = ? )  ) }
2017-09-21 11:12:59,651 INFO [17858659@qtp-6712462-198] o.a.g.p.dao.CommonRepositoryImpl [CommonRepositoryImpl.java : 420] list_ql = {SELECT o.id,o.businessId,o.userId,o.fileName,o.fileSort,o.fileSuffix,o.fileSize,o.relativePath,o.uploadTime FROM FileInfoEntity o  WHERE 1=1  AND  (  ( businessId = ? )  )  ORDER BY o.fileSort DESC}
2017-09-21 11:12:59,652 INFO [17858659@qtp-6712462-198] o.a.g.p.dao.CommonRepositoryImpl [CommonRepositoryImpl.java : 152] count_ql = {SELECT count(*) FROM FileInfoEntity o  WHERE 1=1  AND  (  ( businessId = ? )  )  ORDER BY o.fileSort DESC}
2017-09-21 11:12:59,658 INFO [17858659@qtp-6712462-198] o.a.g.p.dao.CommonRepositoryImpl [CommonRepositoryImpl.java : 737] executeCount totalRows = {14}
2017-09-21 11:13:15,883 INFO [17858659@qtp-6712462-198] o.a.g.p.dao.CommonRepositoryImpl [CommonRepositoryImpl.java : 497] qlString = {SELECT o.id,o.businessId,o.userId,o.fileName,o.fileSort,o.fileSuffix,o.fileSize,o.relativePath,o.uploadTime FROM FileInfoEntity o WHERE 1=1 ORDER BY o.fileSort DESC}
2017-09-21 11:13:15,884 INFO [17858659@qtp-6712462-198] o.a.g.p.dao.CommonRepositoryImpl [CommonRepositoryImpl.java : 701] conIndex = {130}
2017-09-21 11:13:15,885 INFO [17858659@qtp-6712462-198] o.a.g.p.dao.CommonRepositoryImpl [CommonRepositoryImpl.java : 706] 条件前的?个数：{0}
2017-09-21 11:13:15,885 INFO [17858659@qtp-6712462-198] o.a.g.p.dao.CommonRepositoryImpl [CommonRepositoryImpl.java : 707] 条件后的?个数：{0}
2017-09-21 11:13:15,886 INFO [17858659@qtp-6712462-198] o.a.g.p.dao.CommonRepositoryImpl [CommonRepositoryImpl.java : 708] 条件的起始位置：{0}
2017-09-21 11:13:15,887 INFO [17858659@qtp-6712462-198] o.a.g.p.dao.CommonRepositoryImpl [CommonRepositoryImpl.java : 674] condition = { AND  (  ( businessId = ? )  ) }
2017-09-21 11:13:15,888 INFO [17858659@qtp-6712462-198] o.a.g.p.dao.CommonRepositoryImpl [CommonRepositoryImpl.java : 420] list_ql = {SELECT o.id,o.businessId,o.userId,o.fileName,o.fileSort,o.fileSuffix,o.fileSize,o.relativePath,o.uploadTime FROM FileInfoEntity o  WHERE 1=1  AND  (  ( businessId = ? )  )  ORDER BY o.fileSort DESC}
2017-09-21 11:13:15,889 INFO [17858659@qtp-6712462-198] o.a.g.p.dao.CommonRepositoryImpl [CommonRepositoryImpl.java : 152] count_ql = {SELECT count(*) FROM FileInfoEntity o  WHERE 1=1  AND  (  ( businessId = ? )  )  ORDER BY o.fileSort DESC}
2017-09-21 11:13:15,893 INFO [17858659@qtp-6712462-198] o.a.g.p.dao.CommonRepositoryImpl [CommonRepositoryImpl.java : 737] executeCount totalRows = {14}
2017-09-21 11:13:15,901 INFO [17858659@qtp-6712462-198] o.a.g.p.dao.CommonRepositoryImpl [CommonRepositoryImpl.java : 393] firstFromIndex={108}
2017-09-21 11:13:15,902 INFO [17858659@qtp-6712462-198] o.a.g.p.dao.CommonRepositoryImpl [CommonRepositoryImpl.java : 395] prefixFrom={SELECT o.id,o.businessId,o.userId,o.fileName,o.fileSort,o.fileSuffix,o.fileSize,o.relativePath,o.uploadTime }
2017-09-21 11:13:22,212 INFO [17858659@qtp-6712462-198] o.a.g.p.dao.CommonRepositoryImpl [CommonRepositoryImpl.java : 497] qlString = {SELECT o.id,o.businessId,o.userId,o.fileName,o.fileSort,o.fileSuffix,o.fileSize,o.relativePath,o.uploadTime FROM FileInfoEntity o WHERE 1=1 ORDER BY o.fileSort DESC}
2017-09-21 11:13:22,212 INFO [17858659@qtp-6712462-198] o.a.g.p.dao.CommonRepositoryImpl [CommonRepositoryImpl.java : 701] conIndex = {130}
2017-09-21 11:13:22,212 INFO [17858659@qtp-6712462-198] o.a.g.p.dao.CommonRepositoryImpl [CommonRepositoryImpl.java : 706] 条件前的?个数：{0}
2017-09-21 11:13:22,212 INFO [17858659@qtp-6712462-198] o.a.g.p.dao.CommonRepositoryImpl [CommonRepositoryImpl.java : 707] 条件后的?个数：{0}
2017-09-21 11:13:22,228 INFO [17858659@qtp-6712462-198] o.a.g.p.dao.CommonRepositoryImpl [CommonRepositoryImpl.java : 708] 条件的起始位置：{0}
2017-09-21 11:13:22,230 INFO [17858659@qtp-6712462-198] o.a.g.p.dao.CommonRepositoryImpl [CommonRepositoryImpl.java : 674] condition = { AND  (  ( businessId = ? )  ) }
2017-09-21 11:13:22,231 INFO [17858659@qtp-6712462-198] o.a.g.p.dao.CommonRepositoryImpl [CommonRepositoryImpl.java : 420] list_ql = {SELECT o.id,o.businessId,o.userId,o.fileName,o.fileSort,o.fileSuffix,o.fileSize,o.relativePath,o.uploadTime FROM FileInfoEntity o  WHERE 1=1  AND  (  ( businessId = ? )  )  ORDER BY o.fileSort DESC}
2017-09-21 11:13:22,232 INFO [17858659@qtp-6712462-198] o.a.g.p.dao.CommonRepositoryImpl [CommonRepositoryImpl.java : 152] count_ql = {SELECT count(*) FROM FileInfoEntity o  WHERE 1=1  AND  (  ( businessId = ? )  )  ORDER BY o.fileSort DESC}
2017-09-21 11:13:22,238 INFO [17858659@qtp-6712462-198] o.a.g.p.dao.CommonRepositoryImpl [CommonRepositoryImpl.java : 737] executeCount totalRows = {14}
2017-09-21 11:13:22,247 INFO [17858659@qtp-6712462-198] o.a.g.p.dao.CommonRepositoryImpl [CommonRepositoryImpl.java : 393] firstFromIndex={108}
2017-09-21 11:13:22,248 INFO [17858659@qtp-6712462-198] o.a.g.p.dao.CommonRepositoryImpl [CommonRepositoryImpl.java : 395] prefixFrom={SELECT o.id,o.businessId,o.userId,o.fileName,o.fileSort,o.fileSuffix,o.fileSize,o.relativePath,o.uploadTime }
2017-09-21 11:13:29,385 INFO [17858659@qtp-6712462-198] o.a.g.p.dao.CommonRepositoryImpl [CommonRepositoryImpl.java : 497] qlString = {SELECT o.id,o.businessId,o.userId,o.fileName,o.fileSort,o.fileSuffix,o.fileSize,o.relativePath,o.uploadTime FROM FileInfoEntity o WHERE 1=1 ORDER BY o.fileSort DESC}
2017-09-21 11:13:29,386 INFO [17858659@qtp-6712462-198] o.a.g.p.dao.CommonRepositoryImpl [CommonRepositoryImpl.java : 701] conIndex = {130}
2017-09-21 11:13:29,387 INFO [17858659@qtp-6712462-198] o.a.g.p.dao.CommonRepositoryImpl [CommonRepositoryImpl.java : 706] 条件前的?个数：{0}
2017-09-21 11:13:29,388 INFO [17858659@qtp-6712462-198] o.a.g.p.dao.CommonRepositoryImpl [CommonRepositoryImpl.java : 707] 条件后的?个数：{0}
2017-09-21 11:13:29,389 INFO [17858659@qtp-6712462-198] o.a.g.p.dao.CommonRepositoryImpl [CommonRepositoryImpl.java : 708] 条件的起始位置：{0}
2017-09-21 11:13:29,389 INFO [17858659@qtp-6712462-198] o.a.g.p.dao.CommonRepositoryImpl [CommonRepositoryImpl.java : 674] condition = { AND  (  ( businessId = ? )  ) }
2017-09-21 11:13:29,390 INFO [17858659@qtp-6712462-198] o.a.g.p.dao.CommonRepositoryImpl [CommonRepositoryImpl.java : 420] list_ql = {SELECT o.id,o.businessId,o.userId,o.fileName,o.fileSort,o.fileSuffix,o.fileSize,o.relativePath,o.uploadTime FROM FileInfoEntity o  WHERE 1=1  AND  (  ( businessId = ? )  )  ORDER BY o.fileSort DESC}
2017-09-21 11:13:29,391 INFO [17858659@qtp-6712462-198] o.a.g.p.dao.CommonRepositoryImpl [CommonRepositoryImpl.java : 152] count_ql = {SELECT count(*) FROM FileInfoEntity o  WHERE 1=1  AND  (  ( businessId = ? )  )  ORDER BY o.fileSort DESC}
2017-09-21 11:13:29,398 INFO [17858659@qtp-6712462-198] o.a.g.p.dao.CommonRepositoryImpl [CommonRepositoryImpl.java : 737] executeCount totalRows = {14}
2017-09-21 11:13:29,406 INFO [17858659@qtp-6712462-198] o.a.g.p.dao.CommonRepositoryImpl [CommonRepositoryImpl.java : 393] firstFromIndex={108}
2017-09-21 11:13:29,407 INFO [17858659@qtp-6712462-198] o.a.g.p.dao.CommonRepositoryImpl [CommonRepositoryImpl.java : 395] prefixFrom={SELECT o.id,o.businessId,o.userId,o.fileName,o.fileSort,o.fileSuffix,o.fileSize,o.relativePath,o.uploadTime }
2017-09-21 11:13:33,482 INFO [17858659@qtp-6712462-198] o.a.g.p.dao.CommonRepositoryImpl [CommonRepositoryImpl.java : 497] qlString = {SELECT o.id,o.businessId,o.userId,o.fileName,o.fileSort,o.fileSuffix,o.fileSize,o.relativePath,o.uploadTime FROM FileInfoEntity o WHERE 1=1 ORDER BY o.fileSort DESC}
2017-09-21 11:13:33,483 INFO [17858659@qtp-6712462-198] o.a.g.p.dao.CommonRepositoryImpl [CommonRepositoryImpl.java : 701] conIndex = {130}
2017-09-21 11:13:33,484 INFO [17858659@qtp-6712462-198] o.a.g.p.dao.CommonRepositoryImpl [CommonRepositoryImpl.java : 706] 条件前的?个数：{0}
2017-09-21 11:13:33,485 INFO [17858659@qtp-6712462-198] o.a.g.p.dao.CommonRepositoryImpl [CommonRepositoryImpl.java : 707] 条件后的?个数：{0}
2017-09-21 11:13:33,486 INFO [17858659@qtp-6712462-198] o.a.g.p.dao.CommonRepositoryImpl [CommonRepositoryImpl.java : 708] 条件的起始位置：{0}
2017-09-21 11:13:33,487 INFO [17858659@qtp-6712462-198] o.a.g.p.dao.CommonRepositoryImpl [CommonRepositoryImpl.java : 674] condition = { AND  (  ( businessId = ? )  ) }
2017-09-21 11:13:33,488 INFO [17858659@qtp-6712462-198] o.a.g.p.dao.CommonRepositoryImpl [CommonRepositoryImpl.java : 420] list_ql = {SELECT o.id,o.businessId,o.userId,o.fileName,o.fileSort,o.fileSuffix,o.fileSize,o.relativePath,o.uploadTime FROM FileInfoEntity o  WHERE 1=1  AND  (  ( businessId = ? )  )  ORDER BY o.fileSort DESC}
2017-09-21 11:13:33,489 INFO [17858659@qtp-6712462-198] o.a.g.p.dao.CommonRepositoryImpl [CommonRepositoryImpl.java : 152] count_ql = {SELECT count(*) FROM FileInfoEntity o  WHERE 1=1  AND  (  ( businessId = ? )  )  ORDER BY o.fileSort DESC}
2017-09-21 11:13:33,494 INFO [17858659@qtp-6712462-198] o.a.g.p.dao.CommonRepositoryImpl [CommonRepositoryImpl.java : 737] executeCount totalRows = {14}
2017-09-21 11:13:33,501 INFO [17858659@qtp-6712462-198] o.a.g.p.dao.CommonRepositoryImpl [CommonRepositoryImpl.java : 393] firstFromIndex={108}
2017-09-21 11:13:33,503 INFO [17858659@qtp-6712462-198] o.a.g.p.dao.CommonRepositoryImpl [CommonRepositoryImpl.java : 395] prefixFrom={SELECT o.id,o.businessId,o.userId,o.fileName,o.fileSort,o.fileSuffix,o.fileSize,o.relativePath,o.uploadTime }
2017-09-21 11:13:37,252 INFO [17858659@qtp-6712462-198] o.a.g.p.dao.CommonRepositoryImpl [CommonRepositoryImpl.java : 497] qlString = {SELECT o.id,o.businessId,o.userId,o.fileName,o.fileSort,o.fileSuffix,o.fileSize,o.relativePath,o.uploadTime FROM FileInfoEntity o WHERE 1=1 ORDER BY o.fileSort DESC}
2017-09-21 11:13:37,254 INFO [17858659@qtp-6712462-198] o.a.g.p.dao.CommonRepositoryImpl [CommonRepositoryImpl.java : 701] conIndex = {130}
2017-09-21 11:13:37,255 INFO [17858659@qtp-6712462-198] o.a.g.p.dao.CommonRepositoryImpl [CommonRepositoryImpl.java : 706] 条件前的?个数：{0}
2017-09-21 11:13:37,257 INFO [17858659@qtp-6712462-198] o.a.g.p.dao.CommonRepositoryImpl [CommonRepositoryImpl.java : 707] 条件后的?个数：{0}
2017-09-21 11:13:37,258 INFO [17858659@qtp-6712462-198] o.a.g.p.dao.CommonRepositoryImpl [CommonRepositoryImpl.java : 708] 条件的起始位置：{0}
2017-09-21 11:13:37,259 INFO [17858659@qtp-6712462-198] o.a.g.p.dao.CommonRepositoryImpl [CommonRepositoryImpl.java : 674] condition = { AND  (  ( businessId = ? )  ) }
2017-09-21 11:13:37,260 INFO [17858659@qtp-6712462-198] o.a.g.p.dao.CommonRepositoryImpl [CommonRepositoryImpl.java : 420] list_ql = {SELECT o.id,o.businessId,o.userId,o.fileName,o.fileSort,o.fileSuffix,o.fileSize,o.relativePath,o.uploadTime FROM FileInfoEntity o  WHERE 1=1  AND  (  ( businessId = ? )  )  ORDER BY o.fileSort DESC}
2017-09-21 11:13:37,262 INFO [17858659@qtp-6712462-198] o.a.g.p.dao.CommonRepositoryImpl [CommonRepositoryImpl.java : 152] count_ql = {SELECT count(*) FROM FileInfoEntity o  WHERE 1=1  AND  (  ( businessId = ? )  )  ORDER BY o.fileSort DESC}
2017-09-21 11:13:37,267 INFO [17858659@qtp-6712462-198] o.a.g.p.dao.CommonRepositoryImpl [CommonRepositoryImpl.java : 737] executeCount totalRows = {14}
2017-09-21 11:13:37,274 INFO [17858659@qtp-6712462-198] o.a.g.p.dao.CommonRepositoryImpl [CommonRepositoryImpl.java : 393] firstFromIndex={108}
2017-09-21 11:13:37,275 INFO [17858659@qtp-6712462-198] o.a.g.p.dao.CommonRepositoryImpl [CommonRepositoryImpl.java : 395] prefixFrom={SELECT o.id,o.businessId,o.userId,o.fileName,o.fileSort,o.fileSuffix,o.fileSize,o.relativePath,o.uploadTime }
2017-09-21 11:13:46,540 INFO [17858659@qtp-6712462-198] o.a.g.p.dao.CommonRepositoryImpl [CommonRepositoryImpl.java : 497] qlString = {SELECT o.id,o.businessId,o.userId,o.fileName,o.fileSort,o.fileSuffix,o.fileSize,o.relativePath,o.uploadTime FROM FileInfoEntity o WHERE 1=1 ORDER BY o.fileSort DESC}
2017-09-21 11:13:46,543 INFO [17858659@qtp-6712462-198] o.a.g.p.dao.CommonRepositoryImpl [CommonRepositoryImpl.java : 701] conIndex = {130}
2017-09-21 11:13:46,544 INFO [17858659@qtp-6712462-198] o.a.g.p.dao.CommonRepositoryImpl [CommonRepositoryImpl.java : 706] 条件前的?个数：{0}
2017-09-21 11:13:46,545 INFO [17858659@qtp-6712462-198] o.a.g.p.dao.CommonRepositoryImpl [CommonRepositoryImpl.java : 707] 条件后的?个数：{0}
2017-09-21 11:13:46,546 INFO [17858659@qtp-6712462-198] o.a.g.p.dao.CommonRepositoryImpl [CommonRepositoryImpl.java : 708] 条件的起始位置：{0}
2017-09-21 11:13:46,547 INFO [17858659@qtp-6712462-198] o.a.g.p.dao.CommonRepositoryImpl [CommonRepositoryImpl.java : 674] condition = { AND  (  ( businessId = ? )  ) }
2017-09-21 11:13:46,547 INFO [17858659@qtp-6712462-198] o.a.g.p.dao.CommonRepositoryImpl [CommonRepositoryImpl.java : 420] list_ql = {SELECT o.id,o.businessId,o.userId,o.fileName,o.fileSort,o.fileSuffix,o.fileSize,o.relativePath,o.uploadTime FROM FileInfoEntity o  WHERE 1=1  AND  (  ( businessId = ? )  )  ORDER BY o.fileSort DESC}
2017-09-21 11:13:46,548 INFO [17858659@qtp-6712462-198] o.a.g.p.dao.CommonRepositoryImpl [CommonRepositoryImpl.java : 152] count_ql = {SELECT count(*) FROM FileInfoEntity o  WHERE 1=1  AND  (  ( businessId = ? )  )  ORDER BY o.fileSort DESC}
2017-09-21 11:13:46,553 INFO [17858659@qtp-6712462-198] o.a.g.p.dao.CommonRepositoryImpl [CommonRepositoryImpl.java : 737] executeCount totalRows = {14}
2017-09-21 11:13:46,560 INFO [17858659@qtp-6712462-198] o.a.g.p.dao.CommonRepositoryImpl [CommonRepositoryImpl.java : 393] firstFromIndex={108}
2017-09-21 11:13:46,561 INFO [17858659@qtp-6712462-198] o.a.g.p.dao.CommonRepositoryImpl [CommonRepositoryImpl.java : 395] prefixFrom={SELECT o.id,o.businessId,o.userId,o.fileName,o.fileSort,o.fileSuffix,o.fileSize,o.relativePath,o.uploadTime }
2017-09-21 11:13:49,877 INFO [17858659@qtp-6712462-198] o.a.g.p.dao.CommonRepositoryImpl [CommonRepositoryImpl.java : 497] qlString = {SELECT o.id,o.businessId,o.userId,o.fileName,o.fileSort,o.fileSuffix,o.fileSize,o.relativePath,o.uploadTime FROM FileInfoEntity o WHERE 1=1 ORDER BY o.fileSort DESC}
2017-09-21 11:13:49,878 INFO [17858659@qtp-6712462-198] o.a.g.p.dao.CommonRepositoryImpl [CommonRepositoryImpl.java : 701] conIndex = {130}
2017-09-21 11:13:49,880 INFO [17858659@qtp-6712462-198] o.a.g.p.dao.CommonRepositoryImpl [CommonRepositoryImpl.java : 706] 条件前的?个数：{0}
2017-09-21 11:13:49,881 INFO [17858659@qtp-6712462-198] o.a.g.p.dao.CommonRepositoryImpl [CommonRepositoryImpl.java : 707] 条件后的?个数：{0}
2017-09-21 11:13:49,882 INFO [17858659@qtp-6712462-198] o.a.g.p.dao.CommonRepositoryImpl [CommonRepositoryImpl.java : 708] 条件的起始位置：{0}
2017-09-21 11:13:49,883 INFO [17858659@qtp-6712462-198] o.a.g.p.dao.CommonRepositoryImpl [CommonRepositoryImpl.java : 674] condition = { AND  (  ( businessId = ? )  ) }
2017-09-21 11:13:49,884 INFO [17858659@qtp-6712462-198] o.a.g.p.dao.CommonRepositoryImpl [CommonRepositoryImpl.java : 420] list_ql = {SELECT o.id,o.businessId,o.userId,o.fileName,o.fileSort,o.fileSuffix,o.fileSize,o.relativePath,o.uploadTime FROM FileInfoEntity o  WHERE 1=1  AND  (  ( businessId = ? )  )  ORDER BY o.fileSort DESC}
2017-09-21 11:13:49,885 INFO [17858659@qtp-6712462-198] o.a.g.p.dao.CommonRepositoryImpl [CommonRepositoryImpl.java : 152] count_ql = {SELECT count(*) FROM FileInfoEntity o  WHERE 1=1  AND  (  ( businessId = ? )  )  ORDER BY o.fileSort DESC}
2017-09-21 11:13:49,891 INFO [17858659@qtp-6712462-198] o.a.g.p.dao.CommonRepositoryImpl [CommonRepositoryImpl.java : 737] executeCount totalRows = {14}
2017-09-21 11:13:49,899 INFO [17858659@qtp-6712462-198] o.a.g.p.dao.CommonRepositoryImpl [CommonRepositoryImpl.java : 393] firstFromIndex={108}
2017-09-21 11:13:49,900 INFO [17858659@qtp-6712462-198] o.a.g.p.dao.CommonRepositoryImpl [CommonRepositoryImpl.java : 395] prefixFrom={SELECT o.id,o.businessId,o.userId,o.fileName,o.fileSort,o.fileSuffix,o.fileSize,o.relativePath,o.uploadTime }
2017-09-21 11:14:12,062 INFO [17858659@qtp-6712462-198] o.a.g.p.dao.CommonRepositoryImpl [CommonRepositoryImpl.java : 497] qlString = {SELECT o.id,o.businessId,o.userId,o.fileName,o.fileSort,o.fileSuffix,o.fileSize,o.relativePath,o.uploadTime FROM FileInfoEntity o WHERE 1=1 ORDER BY o.fileSort DESC}
2017-09-21 11:14:12,063 INFO [17858659@qtp-6712462-198] o.a.g.p.dao.CommonRepositoryImpl [CommonRepositoryImpl.java : 701] conIndex = {130}
2017-09-21 11:14:12,084 INFO [17858659@qtp-6712462-198] o.a.g.p.dao.CommonRepositoryImpl [CommonRepositoryImpl.java : 706] 条件前的?个数：{0}
2017-09-21 11:14:12,085 INFO [17858659@qtp-6712462-198] o.a.g.p.dao.CommonRepositoryImpl [CommonRepositoryImpl.java : 707] 条件后的?个数：{0}
2017-09-21 11:14:12,086 INFO [17858659@qtp-6712462-198] o.a.g.p.dao.CommonRepositoryImpl [CommonRepositoryImpl.java : 708] 条件的起始位置：{0}
2017-09-21 11:14:12,087 INFO [17858659@qtp-6712462-198] o.a.g.p.dao.CommonRepositoryImpl [CommonRepositoryImpl.java : 674] condition = { AND  (  ( businessId = ? )  ) }
2017-09-21 11:14:12,088 INFO [17858659@qtp-6712462-198] o.a.g.p.dao.CommonRepositoryImpl [CommonRepositoryImpl.java : 420] list_ql = {SELECT o.id,o.businessId,o.userId,o.fileName,o.fileSort,o.fileSuffix,o.fileSize,o.relativePath,o.uploadTime FROM FileInfoEntity o  WHERE 1=1  AND  (  ( businessId = ? )  )  ORDER BY o.fileSort DESC}
2017-09-21 11:14:12,101 INFO [17858659@qtp-6712462-198] o.a.g.p.dao.CommonRepositoryImpl [CommonRepositoryImpl.java : 152] count_ql = {SELECT count(*) FROM FileInfoEntity o  WHERE 1=1  AND  (  ( businessId = ? )  )  ORDER BY o.fileSort DESC}
2017-09-21 11:14:12,106 INFO [17858659@qtp-6712462-198] o.a.g.p.dao.CommonRepositoryImpl [CommonRepositoryImpl.java : 737] executeCount totalRows = {14}
2017-09-21 11:14:12,114 INFO [17858659@qtp-6712462-198] o.a.g.p.dao.CommonRepositoryImpl [CommonRepositoryImpl.java : 393] firstFromIndex={108}
2017-09-21 11:14:12,115 INFO [17858659@qtp-6712462-198] o.a.g.p.dao.CommonRepositoryImpl [CommonRepositoryImpl.java : 395] prefixFrom={SELECT o.id,o.businessId,o.userId,o.fileName,o.fileSort,o.fileSuffix,o.fileSize,o.relativePath,o.uploadTime }
2017-09-21 11:14:27,302 INFO [17858659@qtp-6712462-198] o.a.g.p.dao.CommonRepositoryImpl [CommonRepositoryImpl.java : 497] qlString = {SELECT o.id,o.businessId,o.userId,o.fileName,o.fileSort,o.fileSuffix,o.fileSize,o.relativePath,o.uploadTime FROM FileInfoEntity o WHERE 1=1 ORDER BY o.fileSort DESC}
2017-09-21 11:14:27,303 INFO [17858659@qtp-6712462-198] o.a.g.p.dao.CommonRepositoryImpl [CommonRepositoryImpl.java : 701] conIndex = {130}
2017-09-21 11:14:27,304 INFO [17858659@qtp-6712462-198] o.a.g.p.dao.CommonRepositoryImpl [CommonRepositoryImpl.java : 706] 条件前的?个数：{0}
2017-09-21 11:14:27,304 INFO [17858659@qtp-6712462-198] o.a.g.p.dao.CommonRepositoryImpl [CommonRepositoryImpl.java : 707] 条件后的?个数：{0}
2017-09-21 11:14:27,305 INFO [17858659@qtp-6712462-198] o.a.g.p.dao.CommonRepositoryImpl [CommonRepositoryImpl.java : 708] 条件的起始位置：{0}
2017-09-21 11:14:27,320 INFO [17858659@qtp-6712462-198] o.a.g.p.dao.CommonRepositoryImpl [CommonRepositoryImpl.java : 674] condition = { AND  (  ( businessId = ? )  ) }
2017-09-21 11:14:27,320 INFO [17858659@qtp-6712462-198] o.a.g.p.dao.CommonRepositoryImpl [CommonRepositoryImpl.java : 420] list_ql = {SELECT o.id,o.businessId,o.userId,o.fileName,o.fileSort,o.fileSuffix,o.fileSize,o.relativePath,o.uploadTime FROM FileInfoEntity o  WHERE 1=1  AND  (  ( businessId = ? )  )  ORDER BY o.fileSort DESC}
2017-09-21 11:14:27,321 INFO [17858659@qtp-6712462-198] o.a.g.p.dao.CommonRepositoryImpl [CommonRepositoryImpl.java : 152] count_ql = {SELECT count(*) FROM FileInfoEntity o  WHERE 1=1  AND  (  ( businessId = ? )  )  ORDER BY o.fileSort DESC}
2017-09-21 11:14:27,326 INFO [17858659@qtp-6712462-198] o.a.g.p.dao.CommonRepositoryImpl [CommonRepositoryImpl.java : 737] executeCount totalRows = {14}
2017-09-21 11:14:27,334 INFO [17858659@qtp-6712462-198] o.a.g.p.dao.CommonRepositoryImpl [CommonRepositoryImpl.java : 393] firstFromIndex={108}
2017-09-21 11:14:27,335 INFO [17858659@qtp-6712462-198] o.a.g.p.dao.CommonRepositoryImpl [CommonRepositoryImpl.java : 395] prefixFrom={SELECT o.id,o.businessId,o.userId,o.fileName,o.fileSort,o.fileSuffix,o.fileSize,o.relativePath,o.uploadTime }
2017-09-21 11:14:35,086 INFO [17858659@qtp-6712462-198] o.a.g.p.dao.CommonRepositoryImpl [CommonRepositoryImpl.java : 497] qlString = {SELECT o.id,o.businessId,o.userId,o.fileName,o.fileSort,o.fileSuffix,o.fileSize,o.relativePath,o.uploadTime FROM FileInfoEntity o WHERE 1=1 ORDER BY o.fileSort DESC}
2017-09-21 11:14:35,087 INFO [17858659@qtp-6712462-198] o.a.g.p.dao.CommonRepositoryImpl [CommonRepositoryImpl.java : 701] conIndex = {130}
2017-09-21 11:14:35,088 INFO [17858659@qtp-6712462-198] o.a.g.p.dao.CommonRepositoryImpl [CommonRepositoryImpl.java : 706] 条件前的?个数：{0}
2017-09-21 11:14:35,089 INFO [17858659@qtp-6712462-198] o.a.g.p.dao.CommonRepositoryImpl [CommonRepositoryImpl.java : 707] 条件后的?个数：{0}
2017-09-21 11:14:35,090 INFO [17858659@qtp-6712462-198] o.a.g.p.dao.CommonRepositoryImpl [CommonRepositoryImpl.java : 708] 条件的起始位置：{0}
2017-09-21 11:14:35,091 INFO [17858659@qtp-6712462-198] o.a.g.p.dao.CommonRepositoryImpl [CommonRepositoryImpl.java : 674] condition = { AND  (  ( businessId = ? )  ) }
2017-09-21 11:14:35,092 INFO [17858659@qtp-6712462-198] o.a.g.p.dao.CommonRepositoryImpl [CommonRepositoryImpl.java : 420] list_ql = {SELECT o.id,o.businessId,o.userId,o.fileName,o.fileSort,o.fileSuffix,o.fileSize,o.relativePath,o.uploadTime FROM FileInfoEntity o  WHERE 1=1  AND  (  ( businessId = ? )  )  ORDER BY o.fileSort DESC}
2017-09-21 11:14:35,093 INFO [17858659@qtp-6712462-198] o.a.g.p.dao.CommonRepositoryImpl [CommonRepositoryImpl.java : 152] count_ql = {SELECT count(*) FROM FileInfoEntity o  WHERE 1=1  AND  (  ( businessId = ? )  )  ORDER BY o.fileSort DESC}
2017-09-21 11:14:35,098 INFO [17858659@qtp-6712462-198] o.a.g.p.dao.CommonRepositoryImpl [CommonRepositoryImpl.java : 737] executeCount totalRows = {14}
2017-09-21 11:14:35,104 INFO [17858659@qtp-6712462-198] o.a.g.p.dao.CommonRepositoryImpl [CommonRepositoryImpl.java : 393] firstFromIndex={108}
2017-09-21 11:14:35,105 INFO [17858659@qtp-6712462-198] o.a.g.p.dao.CommonRepositoryImpl [CommonRepositoryImpl.java : 395] prefixFrom={SELECT o.id,o.businessId,o.userId,o.fileName,o.fileSort,o.fileSuffix,o.fileSize,o.relativePath,o.uploadTime }
2017-09-21 11:15:51,645 INFO [17858659@qtp-6712462-198] o.a.g.p.dao.CommonRepositoryImpl [CommonRepositoryImpl.java : 497] qlString = {SELECT o.id,o.businessId,o.userId,o.fileName,o.fileSort,o.fileSuffix,o.fileSize,o.relativePath,o.uploadTime FROM FileInfoEntity o WHERE 1=1 ORDER BY o.fileSort DESC}
2017-09-21 11:15:51,646 INFO [17858659@qtp-6712462-198] o.a.g.p.dao.CommonRepositoryImpl [CommonRepositoryImpl.java : 701] conIndex = {130}
2017-09-21 11:15:51,647 INFO [17858659@qtp-6712462-198] o.a.g.p.dao.CommonRepositoryImpl [CommonRepositoryImpl.java : 706] 条件前的?个数：{0}
2017-09-21 11:15:51,648 INFO [17858659@qtp-6712462-198] o.a.g.p.dao.CommonRepositoryImpl [CommonRepositoryImpl.java : 707] 条件后的?个数：{0}
2017-09-21 11:15:51,649 INFO [17858659@qtp-6712462-198] o.a.g.p.dao.CommonRepositoryImpl [CommonRepositoryImpl.java : 708] 条件的起始位置：{0}
2017-09-21 11:15:51,650 INFO [17858659@qtp-6712462-198] o.a.g.p.dao.CommonRepositoryImpl [CommonRepositoryImpl.java : 674] condition = { AND  (  ( businessId = ? )  ) }
2017-09-21 11:15:51,650 INFO [17858659@qtp-6712462-198] o.a.g.p.dao.CommonRepositoryImpl [CommonRepositoryImpl.java : 482] order = { ORDER BY uploadTime DESC}
2017-09-21 11:15:51,651 INFO [17858659@qtp-6712462-198] o.a.g.p.dao.CommonRepositoryImpl [CommonRepositoryImpl.java : 420] list_ql = {SELECT o.id,o.businessId,o.userId,o.fileName,o.fileSort,o.fileSuffix,o.fileSize,o.relativePath,o.uploadTime FROM FileInfoEntity o  WHERE 1=1  AND  (  ( businessId = ? )  )  ORDER BY o.fileSort DESC , uploadTime DESC}
2017-09-21 11:15:51,653 INFO [17858659@qtp-6712462-198] o.a.g.p.dao.CommonRepositoryImpl [CommonRepositoryImpl.java : 152] count_ql = {SELECT count(*) FROM FileInfoEntity o  WHERE 1=1  AND  (  ( businessId = ? )  )  ORDER BY o.fileSort DESC}
2017-09-21 11:15:51,657 INFO [17858659@qtp-6712462-198] o.a.g.p.dao.CommonRepositoryImpl [CommonRepositoryImpl.java : 737] executeCount totalRows = {14}
2017-09-21 11:15:52,793 INFO [17858659@qtp-6712462-198] o.a.g.p.dao.CommonRepositoryImpl [CommonRepositoryImpl.java : 393] firstFromIndex={108}
2017-09-21 11:15:52,794 INFO [17858659@qtp-6712462-198] o.a.g.p.dao.CommonRepositoryImpl [CommonRepositoryImpl.java : 395] prefixFrom={SELECT o.id,o.businessId,o.userId,o.fileName,o.fileSort,o.fileSuffix,o.fileSize,o.relativePath,o.uploadTime }
2017-09-21 11:16:43,669 INFO [29894636@qtp-6712462-197] o.a.g.p.dao.CommonRepositoryImpl [CommonRepositoryImpl.java : 497] qlString = {SELECT o.id,o.businessId,o.userId,o.fileName,o.fileSort,o.fileSuffix,o.fileSize,o.relativePath,o.uploadTime FROM FileInfoEntity o WHERE 1=1 ORDER BY o.fileSort DESC}
2017-09-21 11:16:43,677 INFO [29894636@qtp-6712462-197] o.a.g.p.dao.CommonRepositoryImpl [CommonRepositoryImpl.java : 701] conIndex = {130}
2017-09-21 11:16:43,677 INFO [29894636@qtp-6712462-197] o.a.g.p.dao.CommonRepositoryImpl [CommonRepositoryImpl.java : 706] 条件前的?个数：{0}
2017-09-21 11:16:43,678 INFO [29894636@qtp-6712462-197] o.a.g.p.dao.CommonRepositoryImpl [CommonRepositoryImpl.java : 707] 条件后的?个数：{0}
2017-09-21 11:16:43,679 INFO [29894636@qtp-6712462-197] o.a.g.p.dao.CommonRepositoryImpl [CommonRepositoryImpl.java : 708] 条件的起始位置：{0}
2017-09-21 11:16:43,685 INFO [29894636@qtp-6712462-197] o.a.g.p.dao.CommonRepositoryImpl [CommonRepositoryImpl.java : 674] condition = { AND  (  ( businessId = ? )  ) }
2017-09-21 11:16:43,686 INFO [29894636@qtp-6712462-197] o.a.g.p.dao.CommonRepositoryImpl [CommonRepositoryImpl.java : 420] list_ql = {SELECT o.id,o.businessId,o.userId,o.fileName,o.fileSort,o.fileSuffix,o.fileSize,o.relativePath,o.uploadTime FROM FileInfoEntity o  WHERE 1=1  AND  (  ( businessId = ? )  )  ORDER BY o.fileSort DESC}
2017-09-21 11:16:43,687 INFO [29894636@qtp-6712462-197] o.a.g.p.dao.CommonRepositoryImpl [CommonRepositoryImpl.java : 152] count_ql = {SELECT count(*) FROM FileInfoEntity o  WHERE 1=1  AND  (  ( businessId = ? )  )  ORDER BY o.fileSort DESC}
2017-09-21 11:16:43,697 INFO [29894636@qtp-6712462-197] o.a.g.p.dao.CommonRepositoryImpl [CommonRepositoryImpl.java : 737] executeCount totalRows = {14}
2017-09-21 11:16:43,705 INFO [29894636@qtp-6712462-197] o.a.g.p.dao.CommonRepositoryImpl [CommonRepositoryImpl.java : 393] firstFromIndex={108}
2017-09-21 11:16:43,706 INFO [29894636@qtp-6712462-197] o.a.g.p.dao.CommonRepositoryImpl [CommonRepositoryImpl.java : 395] prefixFrom={SELECT o.id,o.businessId,o.userId,o.fileName,o.fileSort,o.fileSuffix,o.fileSize,o.relativePath,o.uploadTime }
2017-09-21 11:17:23,816 INFO [Druid-ConnectionPool-Log-8057729] c.a.d.p.DruidDataSourceStatLoggerImpl [DruidDataSourceStatLoggerImpl.java : 77] {"url":"jdbc:mysql://192.168.0.94:3306/attach?useUnicode=true&characterEncoding=utf8&pinGlobalTxToPhysicalConnection=true","dbType":"mysql","name":"DataSource-8057729","activeCount":0,"activePeak":1,"activePeakTime":"2017-09-21 11:12:49","poolingCount":1,"poolingPeak":1,"poolingPeakTime":"2017-09-21 11:12:49","connectCount":29,"closeCount":29,"executeCount":43,"commitCount":29,"pstmtCacheHitCount":43,"startTransactionCount":29,"transactionHistogram":[0,11,16,1,1],"connectionHoldTimeHistogram":[0,1,26,1,1],"sqlList":[{"sql":"select count(*) as col_0_0_ from base_file_info fileinfoen0_ where 1=1 and fileinfoen0_.businessId=? order by fileinfoen0_.fileSort DESC","executeCount":14,"executeMillisMax":10,"executeMillisTotal":35,"executeHistogram":[0,13,1],"executeAndResultHoldHistogram":[14],"concurrentMax":1,"fetchRowCount":1,"fetchRowHistogram":[0,14],"inTransactionCount":14},{"sql":"select fileinfoen0_.id as col_0_0_, fileinfoen0_.businessId as col_1_0_, fileinfoen0_.userId as col_2_0_, fileinfoen0_.fileName as col_3_0_, fileinfoen0_.fileSort as col_4_0_, fileinfoen0_.fileSuffix as col_5_0_, fileinfoen0_.fileSize as col_6_0_, fileinfoen0_.relativePath as col_7_0_, fileinfoen0_.uploadTime as col_8_0_ from base_file_info fileinfoen0_ where 1=1 and fileinfoen0_.businessId=? order by fileinfoen0_.fileSort DESC limit ?, ?","executeCount":13,"executeMillisMax":3,"executeMillisTotal":38,"executeHistogram":[0,13],"executeAndResultHoldHistogram":[13],"concurrentMax":1,"fetchRowCount":1,"fetchRowHistogram":[2,11],"inTransactionCount":13},{"sql":"select fileinfoen0_.id as id1_0_0_, fileinfoen0_.businessId as business2_0_0_, fileinfoen0_.fileName as fileName3_0_0_, fileinfoen0_.fileSize as fileSize4_0_0_, fileinfoen0_.fileSort as fileSort5_0_0_, fileinfoen0_.fileStatus as fileStat6_0_0_, fileinfoen0_.fileSuffix as fileSuff7_0_0_, fileinfoen0_.relativePath as relative8_0_0_, fileinfoen0_.uploadTime as uploadTi9_0_0_, fileinfoen0_.userId as userId10_0_0_ from base_file_info fileinfoen0_ where fileinfoen0_.id=?","executeCount":15,"executeMillisMax":2,"executeMillisTotal":30,"executeHistogram":[0,15],"executeAndResultHoldHistogram":[15],"concurrentMax":1,"fetchRowCount":1,"fetchRowHistogram":[0,15],"inTransactionCount":15},{"sql":"select fileinfoen0_.id as col_0_0_, fileinfoen0_.businessId as col_1_0_, fileinfoen0_.userId as col_2_0_, fileinfoen0_.fileName as col_3_0_, fileinfoen0_.fileSort as col_4_0_, fileinfoen0_.fileSuffix as col_5_0_, fileinfoen0_.fileSize as col_6_0_, fileinfoen0_.relativePath as col_7_0_, fileinfoen0_.uploadTime as col_8_0_ from base_file_info fileinfoen0_ where 1=1 and fileinfoen0_.businessId=? order by fileinfoen0_.fileSort DESC, fileinfoen0_.uploadTime DESC limit ?","executeCount":1,"executeMillisMax":4,"executeMillisTotal":4,"executeHistogram":[0,1],"executeAndResultHoldHistogram":[1],"concurrentMax":1,"fetchRowCount":10,"fetchRowHistogram":[0,0,1],"inTransactionCount":1}]}
2017-09-21 11:17:55,910 INFO [29894636@qtp-6712462-197] o.a.g.p.dao.CommonRepositoryImpl [CommonRepositoryImpl.java : 497] qlString = {SELECT o.id,o.businessId,o.userId,o.fileName,o.fileSort,o.fileSuffix,o.fileSize,o.relativePath,o.uploadTime FROM FileInfoEntity o WHERE 1=1 ORDER BY o.fileSort DESC}
2017-09-21 11:17:55,931 INFO [29894636@qtp-6712462-197] o.a.g.p.dao.CommonRepositoryImpl [CommonRepositoryImpl.java : 701] conIndex = {130}
2017-09-21 11:17:55,932 INFO [29894636@qtp-6712462-197] o.a.g.p.dao.CommonRepositoryImpl [CommonRepositoryImpl.java : 706] 条件前的?个数：{0}
2017-09-21 11:17:55,933 INFO [29894636@qtp-6712462-197] o.a.g.p.dao.CommonRepositoryImpl [CommonRepositoryImpl.java : 707] 条件后的?个数：{0}
2017-09-21 11:17:55,934 INFO [29894636@qtp-6712462-197] o.a.g.p.dao.CommonRepositoryImpl [CommonRepositoryImpl.java : 708] 条件的起始位置：{0}
2017-09-21 11:17:55,935 INFO [29894636@qtp-6712462-197] o.a.g.p.dao.CommonRepositoryImpl [CommonRepositoryImpl.java : 674] condition = { AND  (  ( businessId = ? )  ) }
2017-09-21 11:17:55,937 INFO [29894636@qtp-6712462-197] o.a.g.p.dao.CommonRepositoryImpl [CommonRepositoryImpl.java : 420] list_ql = {SELECT o.id,o.businessId,o.userId,o.fileName,o.fileSort,o.fileSuffix,o.fileSize,o.relativePath,o.uploadTime FROM FileInfoEntity o  WHERE 1=1  AND  (  ( businessId = ? )  )  ORDER BY o.fileSort DESC}
2017-09-21 11:17:55,939 INFO [29894636@qtp-6712462-197] o.a.g.p.dao.CommonRepositoryImpl [CommonRepositoryImpl.java : 152] count_ql = {SELECT count(*) FROM FileInfoEntity o  WHERE 1=1  AND  (  ( businessId = ? )  )  ORDER BY o.fileSort DESC}
2017-09-21 11:17:55,944 INFO [29894636@qtp-6712462-197] o.a.g.p.dao.CommonRepositoryImpl [CommonRepositoryImpl.java : 737] executeCount totalRows = {14}
2017-09-21 11:17:56,037 INFO [29894636@qtp-6712462-197] o.a.g.p.dao.CommonRepositoryImpl [CommonRepositoryImpl.java : 393] firstFromIndex={108}
2017-09-21 11:17:56,038 INFO [29894636@qtp-6712462-197] o.a.g.p.dao.CommonRepositoryImpl [CommonRepositoryImpl.java : 395] prefixFrom={SELECT o.id,o.businessId,o.userId,o.fileName,o.fileSort,o.fileSuffix,o.fileSize,o.relativePath,o.uploadTime }
2017-09-21 11:18:17,766 INFO [29894636@qtp-6712462-197] o.a.g.p.dao.CommonRepositoryImpl [CommonRepositoryImpl.java : 497] qlString = {SELECT o.id,o.businessId,o.userId,o.fileName,o.fileSort,o.fileSuffix,o.fileSize,o.relativePath,o.uploadTime FROM FileInfoEntity o WHERE 1=1 ORDER BY o.fileSort DESC}
2017-09-21 11:18:17,767 INFO [29894636@qtp-6712462-197] o.a.g.p.dao.CommonRepositoryImpl [CommonRepositoryImpl.java : 701] conIndex = {130}
2017-09-21 11:18:17,768 INFO [29894636@qtp-6712462-197] o.a.g.p.dao.CommonRepositoryImpl [CommonRepositoryImpl.java : 706] 条件前的?个数：{0}
2017-09-21 11:18:17,769 INFO [29894636@qtp-6712462-197] o.a.g.p.dao.CommonRepositoryImpl [CommonRepositoryImpl.java : 707] 条件后的?个数：{0}
2017-09-21 11:18:17,770 INFO [29894636@qtp-6712462-197] o.a.g.p.dao.CommonRepositoryImpl [CommonRepositoryImpl.java : 708] 条件的起始位置：{0}
2017-09-21 11:18:17,771 INFO [29894636@qtp-6712462-197] o.a.g.p.dao.CommonRepositoryImpl [CommonRepositoryImpl.java : 674] condition = { AND  (  ( businessId = ? )  ) }
2017-09-21 11:18:17,772 INFO [29894636@qtp-6712462-197] o.a.g.p.dao.CommonRepositoryImpl [CommonRepositoryImpl.java : 420] list_ql = {SELECT o.id,o.businessId,o.userId,o.fileName,o.fileSort,o.fileSuffix,o.fileSize,o.relativePath,o.uploadTime FROM FileInfoEntity o  WHERE 1=1  AND  (  ( businessId = ? )  )  ORDER BY o.fileSort DESC}
2017-09-21 11:18:17,773 INFO [29894636@qtp-6712462-197] o.a.g.p.dao.CommonRepositoryImpl [CommonRepositoryImpl.java : 152] count_ql = {SELECT count(*) FROM FileInfoEntity o  WHERE 1=1  AND  (  ( businessId = ? )  )  ORDER BY o.fileSort DESC}
2017-09-21 11:18:17,778 INFO [29894636@qtp-6712462-197] o.a.g.p.dao.CommonRepositoryImpl [CommonRepositoryImpl.java : 737] executeCount totalRows = {14}
2017-09-21 11:18:17,785 INFO [29894636@qtp-6712462-197] o.a.g.p.dao.CommonRepositoryImpl [CommonRepositoryImpl.java : 393] firstFromIndex={108}
2017-09-21 11:18:17,786 INFO [29894636@qtp-6712462-197] o.a.g.p.dao.CommonRepositoryImpl [CommonRepositoryImpl.java : 395] prefixFrom={SELECT o.id,o.businessId,o.userId,o.fileName,o.fileSort,o.fileSuffix,o.fileSize,o.relativePath,o.uploadTime }
2017-09-21 11:18:26,437 INFO [29894636@qtp-6712462-197] o.a.g.p.dao.CommonRepositoryImpl [CommonRepositoryImpl.java : 497] qlString = {SELECT o.id,o.businessId,o.userId,o.fileName,o.fileSort,o.fileSuffix,o.fileSize,o.relativePath,o.uploadTime FROM FileInfoEntity o WHERE 1=1 ORDER BY o.fileSort DESC}
2017-09-21 11:18:26,438 INFO [29894636@qtp-6712462-197] o.a.g.p.dao.CommonRepositoryImpl [CommonRepositoryImpl.java : 701] conIndex = {130}
2017-09-21 11:18:26,438 INFO [29894636@qtp-6712462-197] o.a.g.p.dao.CommonRepositoryImpl [CommonRepositoryImpl.java : 706] 条件前的?个数：{0}
2017-09-21 11:18:26,439 INFO [29894636@qtp-6712462-197] o.a.g.p.dao.CommonRepositoryImpl [CommonRepositoryImpl.java : 707] 条件后的?个数：{0}
2017-09-21 11:18:26,446 INFO [29894636@qtp-6712462-197] o.a.g.p.dao.CommonRepositoryImpl [CommonRepositoryImpl.java : 708] 条件的起始位置：{0}
2017-09-21 11:18:26,447 INFO [29894636@qtp-6712462-197] o.a.g.p.dao.CommonRepositoryImpl [CommonRepositoryImpl.java : 674] condition = { AND  (  ( businessId = ? )  ) }
2017-09-21 11:18:26,449 INFO [29894636@qtp-6712462-197] o.a.g.p.dao.CommonRepositoryImpl [CommonRepositoryImpl.java : 420] list_ql = {SELECT o.id,o.businessId,o.userId,o.fileName,o.fileSort,o.fileSuffix,o.fileSize,o.relativePath,o.uploadTime FROM FileInfoEntity o  WHERE 1=1  AND  (  ( businessId = ? )  )  ORDER BY o.fileSort DESC}
2017-09-21 11:18:26,450 INFO [29894636@qtp-6712462-197] o.a.g.p.dao.CommonRepositoryImpl [CommonRepositoryImpl.java : 152] count_ql = {SELECT count(*) FROM FileInfoEntity o  WHERE 1=1  AND  (  ( businessId = ? )  )  ORDER BY o.fileSort DESC}
2017-09-21 11:18:26,456 INFO [29894636@qtp-6712462-197] o.a.g.p.dao.CommonRepositoryImpl [CommonRepositoryImpl.java : 737] executeCount totalRows = {14}
2017-09-21 11:18:26,473 INFO [29894636@qtp-6712462-197] o.a.g.p.dao.CommonRepositoryImpl [CommonRepositoryImpl.java : 393] firstFromIndex={108}
2017-09-21 11:18:26,474 INFO [29894636@qtp-6712462-197] o.a.g.p.dao.CommonRepositoryImpl [CommonRepositoryImpl.java : 395] prefixFrom={SELECT o.id,o.businessId,o.userId,o.fileName,o.fileSort,o.fileSuffix,o.fileSize,o.relativePath,o.uploadTime }
2017-09-21 11:18:34,462 INFO [29894636@qtp-6712462-197] o.a.g.p.dao.CommonRepositoryImpl [CommonRepositoryImpl.java : 497] qlString = {SELECT o.id,o.businessId,o.userId,o.fileName,o.fileSort,o.fileSuffix,o.fileSize,o.relativePath,o.uploadTime FROM FileInfoEntity o WHERE 1=1 ORDER BY o.fileSort DESC}
2017-09-21 11:18:34,462 INFO [29894636@qtp-6712462-197] o.a.g.p.dao.CommonRepositoryImpl [CommonRepositoryImpl.java : 701] conIndex = {130}
2017-09-21 11:18:34,462 INFO [29894636@qtp-6712462-197] o.a.g.p.dao.CommonRepositoryImpl [CommonRepositoryImpl.java : 706] 条件前的?个数：{0}
2017-09-21 11:18:34,462 INFO [29894636@qtp-6712462-197] o.a.g.p.dao.CommonRepositoryImpl [CommonRepositoryImpl.java : 707] 条件后的?个数：{0}
2017-09-21 11:18:34,478 INFO [29894636@qtp-6712462-197] o.a.g.p.dao.CommonRepositoryImpl [CommonRepositoryImpl.java : 708] 条件的起始位置：{0}
2017-09-21 11:18:34,479 INFO [29894636@qtp-6712462-197] o.a.g.p.dao.CommonRepositoryImpl [CommonRepositoryImpl.java : 674] condition = { AND  (  ( businessId = ? )  ) }
2017-09-21 11:18:34,480 INFO [29894636@qtp-6712462-197] o.a.g.p.dao.CommonRepositoryImpl [CommonRepositoryImpl.java : 420] list_ql = {SELECT o.id,o.businessId,o.userId,o.fileName,o.fileSort,o.fileSuffix,o.fileSize,o.relativePath,o.uploadTime FROM FileInfoEntity o  WHERE 1=1  AND  (  ( businessId = ? )  )  ORDER BY o.fileSort DESC}
2017-09-21 11:18:34,481 INFO [29894636@qtp-6712462-197] o.a.g.p.dao.CommonRepositoryImpl [CommonRepositoryImpl.java : 152] count_ql = {SELECT count(*) FROM FileInfoEntity o  WHERE 1=1  AND  (  ( businessId = ? )  )  ORDER BY o.fileSort DESC}
2017-09-21 11:18:34,487 INFO [29894636@qtp-6712462-197] o.a.g.p.dao.CommonRepositoryImpl [CommonRepositoryImpl.java : 737] executeCount totalRows = {14}
2017-09-21 11:18:34,495 INFO [29894636@qtp-6712462-197] o.a.g.p.dao.CommonRepositoryImpl [CommonRepositoryImpl.java : 393] firstFromIndex={108}
2017-09-21 11:18:34,497 INFO [29894636@qtp-6712462-197] o.a.g.p.dao.CommonRepositoryImpl [CommonRepositoryImpl.java : 395] prefixFrom={SELECT o.id,o.businessId,o.userId,o.fileName,o.fileSort,o.fileSuffix,o.fileSize,o.relativePath,o.uploadTime }
2017-09-21 11:18:40,488 INFO [29894636@qtp-6712462-197] o.a.g.p.dao.CommonRepositoryImpl [CommonRepositoryImpl.java : 497] qlString = {SELECT o.id,o.businessId,o.userId,o.fileName,o.fileSort,o.fileSuffix,o.fileSize,o.relativePath,o.uploadTime FROM FileInfoEntity o WHERE 1=1 ORDER BY o.fileSort DESC}
2017-09-21 11:18:40,489 INFO [29894636@qtp-6712462-197] o.a.g.p.dao.CommonRepositoryImpl [CommonRepositoryImpl.java : 701] conIndex = {130}
2017-09-21 11:18:40,490 INFO [29894636@qtp-6712462-197] o.a.g.p.dao.CommonRepositoryImpl [CommonRepositoryImpl.java : 706] 条件前的?个数：{0}
2017-09-21 11:18:40,491 INFO [29894636@qtp-6712462-197] o.a.g.p.dao.CommonRepositoryImpl [CommonRepositoryImpl.java : 707] 条件后的?个数：{0}
2017-09-21 11:18:40,492 INFO [29894636@qtp-6712462-197] o.a.g.p.dao.CommonRepositoryImpl [CommonRepositoryImpl.java : 708] 条件的起始位置：{0}
2017-09-21 11:18:40,493 INFO [29894636@qtp-6712462-197] o.a.g.p.dao.CommonRepositoryImpl [CommonRepositoryImpl.java : 674] condition = { AND  (  ( businessId = ? )  ) }
2017-09-21 11:18:40,494 INFO [29894636@qtp-6712462-197] o.a.g.p.dao.CommonRepositoryImpl [CommonRepositoryImpl.java : 420] list_ql = {SELECT o.id,o.businessId,o.userId,o.fileName,o.fileSort,o.fileSuffix,o.fileSize,o.relativePath,o.uploadTime FROM FileInfoEntity o  WHERE 1=1  AND  (  ( businessId = ? )  )  ORDER BY o.fileSort DESC}
2017-09-21 11:18:40,495 INFO [29894636@qtp-6712462-197] o.a.g.p.dao.CommonRepositoryImpl [CommonRepositoryImpl.java : 152] count_ql = {SELECT count(*) FROM FileInfoEntity o  WHERE 1=1  AND  (  ( businessId = ? )  )  ORDER BY o.fileSort DESC}
2017-09-21 11:18:40,499 INFO [29894636@qtp-6712462-197] o.a.g.p.dao.CommonRepositoryImpl [CommonRepositoryImpl.java : 737] executeCount totalRows = {14}
2017-09-21 11:18:40,507 INFO [29894636@qtp-6712462-197] o.a.g.p.dao.CommonRepositoryImpl [CommonRepositoryImpl.java : 393] firstFromIndex={108}
2017-09-21 11:18:40,508 INFO [29894636@qtp-6712462-197] o.a.g.p.dao.CommonRepositoryImpl [CommonRepositoryImpl.java : 395] prefixFrom={SELECT o.id,o.businessId,o.userId,o.fileName,o.fileSort,o.fileSuffix,o.fileSize,o.relativePath,o.uploadTime }
2017-09-21 11:18:45,196 INFO [29894636@qtp-6712462-197] o.a.g.p.dao.CommonRepositoryImpl [CommonRepositoryImpl.java : 497] qlString = {SELECT o.id,o.businessId,o.userId,o.fileName,o.fileSort,o.fileSuffix,o.fileSize,o.relativePath,o.uploadTime FROM FileInfoEntity o WHERE 1=1 ORDER BY o.fileSort DESC}
2017-09-21 11:18:45,196 INFO [29894636@qtp-6712462-197] o.a.g.p.dao.CommonRepositoryImpl [CommonRepositoryImpl.java : 701] conIndex = {130}
2017-09-21 11:18:45,196 INFO [29894636@qtp-6712462-197] o.a.g.p.dao.CommonRepositoryImpl [CommonRepositoryImpl.java : 706] 条件前的?个数：{0}
2017-09-21 11:18:45,196 INFO [29894636@qtp-6712462-197] o.a.g.p.dao.CommonRepositoryImpl [CommonRepositoryImpl.java : 707] 条件后的?个数：{0}
2017-09-21 11:18:45,196 INFO [29894636@qtp-6712462-197] o.a.g.p.dao.CommonRepositoryImpl [CommonRepositoryImpl.java : 708] 条件的起始位置：{0}
2017-09-21 11:18:45,196 INFO [29894636@qtp-6712462-197] o.a.g.p.dao.CommonRepositoryImpl [CommonRepositoryImpl.java : 674] condition = { AND  (  ( businessId = ? )  ) }
2017-09-21 11:18:45,196 INFO [29894636@qtp-6712462-197] o.a.g.p.dao.CommonRepositoryImpl [CommonRepositoryImpl.java : 420] list_ql = {SELECT o.id,o.businessId,o.userId,o.fileName,o.fileSort,o.fileSuffix,o.fileSize,o.relativePath,o.uploadTime FROM FileInfoEntity o  WHERE 1=1  AND  (  ( businessId = ? )  )  ORDER BY o.fileSort DESC}
2017-09-21 11:18:45,196 INFO [29894636@qtp-6712462-197] o.a.g.p.dao.CommonRepositoryImpl [CommonRepositoryImpl.java : 152] count_ql = {SELECT count(*) FROM FileInfoEntity o  WHERE 1=1  AND  (  ( businessId = ? )  )  ORDER BY o.fileSort DESC}
2017-09-21 11:18:45,216 INFO [29894636@qtp-6712462-197] o.a.g.p.dao.CommonRepositoryImpl [CommonRepositoryImpl.java : 737] executeCount totalRows = {14}
2017-09-21 11:18:45,224 INFO [29894636@qtp-6712462-197] o.a.g.p.dao.CommonRepositoryImpl [CommonRepositoryImpl.java : 393] firstFromIndex={108}
2017-09-21 11:18:45,225 INFO [29894636@qtp-6712462-197] o.a.g.p.dao.CommonRepositoryImpl [CommonRepositoryImpl.java : 395] prefixFrom={SELECT o.id,o.businessId,o.userId,o.fileName,o.fileSort,o.fileSuffix,o.fileSize,o.relativePath,o.uploadTime }
2017-09-21 11:18:50,599 INFO [29894636@qtp-6712462-197] o.a.g.p.dao.CommonRepositoryImpl [CommonRepositoryImpl.java : 497] qlString = {SELECT o.id,o.businessId,o.userId,o.fileName,o.fileSort,o.fileSuffix,o.fileSize,o.relativePath,o.uploadTime FROM FileInfoEntity o WHERE 1=1 ORDER BY o.fileSort DESC}
2017-09-21 11:18:50,601 INFO [29894636@qtp-6712462-197] o.a.g.p.dao.CommonRepositoryImpl [CommonRepositoryImpl.java : 701] conIndex = {130}
2017-09-21 11:18:50,602 INFO [29894636@qtp-6712462-197] o.a.g.p.dao.CommonRepositoryImpl [CommonRepositoryImpl.java : 706] 条件前的?个数：{0}
2017-09-21 11:18:50,602 INFO [29894636@qtp-6712462-197] o.a.g.p.dao.CommonRepositoryImpl [CommonRepositoryImpl.java : 707] 条件后的?个数：{0}
2017-09-21 11:18:50,603 INFO [29894636@qtp-6712462-197] o.a.g.p.dao.CommonRepositoryImpl [CommonRepositoryImpl.java : 708] 条件的起始位置：{0}
2017-09-21 11:18:50,604 INFO [29894636@qtp-6712462-197] o.a.g.p.dao.CommonRepositoryImpl [CommonRepositoryImpl.java : 674] condition = { AND  (  ( businessId = ? )  ) }
2017-09-21 11:18:50,606 INFO [29894636@qtp-6712462-197] o.a.g.p.dao.CommonRepositoryImpl [CommonRepositoryImpl.java : 420] list_ql = {SELECT o.id,o.businessId,o.userId,o.fileName,o.fileSort,o.fileSuffix,o.fileSize,o.relativePath,o.uploadTime FROM FileInfoEntity o  WHERE 1=1  AND  (  ( businessId = ? )  )  ORDER BY o.fileSort DESC}
2017-09-21 11:18:50,607 INFO [29894636@qtp-6712462-197] o.a.g.p.dao.CommonRepositoryImpl [CommonRepositoryImpl.java : 152] count_ql = {SELECT count(*) FROM FileInfoEntity o  WHERE 1=1  AND  (  ( businessId = ? )  )  ORDER BY o.fileSort DESC}
2017-09-21 11:18:50,613 INFO [29894636@qtp-6712462-197] o.a.g.p.dao.CommonRepositoryImpl [CommonRepositoryImpl.java : 737] executeCount totalRows = {14}
2017-09-21 11:18:50,621 INFO [29894636@qtp-6712462-197] o.a.g.p.dao.CommonRepositoryImpl [CommonRepositoryImpl.java : 393] firstFromIndex={108}
2017-09-21 11:18:50,623 INFO [29894636@qtp-6712462-197] o.a.g.p.dao.CommonRepositoryImpl [CommonRepositoryImpl.java : 395] prefixFrom={SELECT o.id,o.businessId,o.userId,o.fileName,o.fileSort,o.fileSuffix,o.fileSize,o.relativePath,o.uploadTime }
2017-09-21 11:18:55,600 INFO [29894636@qtp-6712462-197] o.a.g.p.dao.CommonRepositoryImpl [CommonRepositoryImpl.java : 497] qlString = {SELECT o.id,o.businessId,o.userId,o.fileName,o.fileSort,o.fileSuffix,o.fileSize,o.relativePath,o.uploadTime FROM FileInfoEntity o WHERE 1=1 ORDER BY o.fileSort DESC}
2017-09-21 11:18:55,600 INFO [29894636@qtp-6712462-197] o.a.g.p.dao.CommonRepositoryImpl [CommonRepositoryImpl.java : 701] conIndex = {130}
2017-09-21 11:18:55,600 INFO [29894636@qtp-6712462-197] o.a.g.p.dao.CommonRepositoryImpl [CommonRepositoryImpl.java : 706] 条件前的?个数：{0}
2017-09-21 11:18:55,600 INFO [29894636@qtp-6712462-197] o.a.g.p.dao.CommonRepositoryImpl [CommonRepositoryImpl.java : 707] 条件后的?个数：{0}
2017-09-21 11:18:55,616 INFO [29894636@qtp-6712462-197] o.a.g.p.dao.CommonRepositoryImpl [CommonRepositoryImpl.java : 708] 条件的起始位置：{0}
2017-09-21 11:18:55,617 INFO [29894636@qtp-6712462-197] o.a.g.p.dao.CommonRepositoryImpl [CommonRepositoryImpl.java : 674] condition = { AND  (  ( businessId = ? )  ) }
2017-09-21 11:18:55,618 INFO [29894636@qtp-6712462-197] o.a.g.p.dao.CommonRepositoryImpl [CommonRepositoryImpl.java : 420] list_ql = {SELECT o.id,o.businessId,o.userId,o.fileName,o.fileSort,o.fileSuffix,o.fileSize,o.relativePath,o.uploadTime FROM FileInfoEntity o  WHERE 1=1  AND  (  ( businessId = ? )  )  ORDER BY o.fileSort DESC}
2017-09-21 11:18:55,619 INFO [29894636@qtp-6712462-197] o.a.g.p.dao.CommonRepositoryImpl [CommonRepositoryImpl.java : 152] count_ql = {SELECT count(*) FROM FileInfoEntity o  WHERE 1=1  AND  (  ( businessId = ? )  )  ORDER BY o.fileSort DESC}
2017-09-21 11:18:55,626 INFO [29894636@qtp-6712462-197] o.a.g.p.dao.CommonRepositoryImpl [CommonRepositoryImpl.java : 737] executeCount totalRows = {14}
2017-09-21 11:18:55,635 INFO [29894636@qtp-6712462-197] o.a.g.p.dao.CommonRepositoryImpl [CommonRepositoryImpl.java : 393] firstFromIndex={108}
2017-09-21 11:18:55,636 INFO [29894636@qtp-6712462-197] o.a.g.p.dao.CommonRepositoryImpl [CommonRepositoryImpl.java : 395] prefixFrom={SELECT o.id,o.businessId,o.userId,o.fileName,o.fileSort,o.fileSuffix,o.fileSize,o.relativePath,o.uploadTime }
2017-09-21 11:19:06,090 INFO [29894636@qtp-6712462-197] o.a.g.p.dao.CommonRepositoryImpl [CommonRepositoryImpl.java : 497] qlString = {SELECT o.id,o.businessId,o.userId,o.fileName,o.fileSort,o.fileSuffix,o.fileSize,o.relativePath,o.uploadTime FROM FileInfoEntity o WHERE 1=1 ORDER BY o.fileSort DESC}
2017-09-21 11:19:06,091 INFO [29894636@qtp-6712462-197] o.a.g.p.dao.CommonRepositoryImpl [CommonRepositoryImpl.java : 701] conIndex = {130}
2017-09-21 11:19:06,092 INFO [29894636@qtp-6712462-197] o.a.g.p.dao.CommonRepositoryImpl [CommonRepositoryImpl.java : 706] 条件前的?个数：{0}
2017-09-21 11:19:06,093 INFO [29894636@qtp-6712462-197] o.a.g.p.dao.CommonRepositoryImpl [CommonRepositoryImpl.java : 707] 条件后的?个数：{0}
2017-09-21 11:19:06,094 INFO [29894636@qtp-6712462-197] o.a.g.p.dao.CommonRepositoryImpl [CommonRepositoryImpl.java : 708] 条件的起始位置：{0}
2017-09-21 11:19:06,095 INFO [29894636@qtp-6712462-197] o.a.g.p.dao.CommonRepositoryImpl [CommonRepositoryImpl.java : 674] condition = { AND  (  ( businessId = ? )  ) }
2017-09-21 11:19:06,096 INFO [29894636@qtp-6712462-197] o.a.g.p.dao.CommonRepositoryImpl [CommonRepositoryImpl.java : 420] list_ql = {SELECT o.id,o.businessId,o.userId,o.fileName,o.fileSort,o.fileSuffix,o.fileSize,o.relativePath,o.uploadTime FROM FileInfoEntity o  WHERE 1=1  AND  (  ( businessId = ? )  )  ORDER BY o.fileSort DESC}
2017-09-21 11:19:06,097 INFO [29894636@qtp-6712462-197] o.a.g.p.dao.CommonRepositoryImpl [CommonRepositoryImpl.java : 152] count_ql = {SELECT count(*) FROM FileInfoEntity o  WHERE 1=1  AND  (  ( businessId = ? )  )  ORDER BY o.fileSort DESC}
2017-09-21 11:19:06,102 INFO [29894636@qtp-6712462-197] o.a.g.p.dao.CommonRepositoryImpl [CommonRepositoryImpl.java : 737] executeCount totalRows = {14}
2017-09-21 11:19:06,177 INFO [29894636@qtp-6712462-197] o.a.g.p.dao.CommonRepositoryImpl [CommonRepositoryImpl.java : 393] firstFromIndex={108}
2017-09-21 11:19:06,179 INFO [29894636@qtp-6712462-197] o.a.g.p.dao.CommonRepositoryImpl [CommonRepositoryImpl.java : 395] prefixFrom={SELECT o.id,o.businessId,o.userId,o.fileName,o.fileSort,o.fileSuffix,o.fileSize,o.relativePath,o.uploadTime }
2017-09-21 11:19:21,373 INFO [29894636@qtp-6712462-197] o.a.g.p.dao.CommonRepositoryImpl [CommonRepositoryImpl.java : 497] qlString = {SELECT o.id,o.businessId,o.userId,o.fileName,o.fileSort,o.fileSuffix,o.fileSize,o.relativePath,o.uploadTime FROM FileInfoEntity o WHERE 1=1 ORDER BY o.fileSort DESC}
2017-09-21 11:19:21,375 INFO [29894636@qtp-6712462-197] o.a.g.p.dao.CommonRepositoryImpl [CommonRepositoryImpl.java : 701] conIndex = {130}
2017-09-21 11:19:21,375 INFO [29894636@qtp-6712462-197] o.a.g.p.dao.CommonRepositoryImpl [CommonRepositoryImpl.java : 706] 条件前的?个数：{0}
2017-09-21 11:19:21,376 INFO [29894636@qtp-6712462-197] o.a.g.p.dao.CommonRepositoryImpl [CommonRepositoryImpl.java : 707] 条件后的?个数：{0}
2017-09-21 11:19:21,377 INFO [29894636@qtp-6712462-197] o.a.g.p.dao.CommonRepositoryImpl [CommonRepositoryImpl.java : 708] 条件的起始位置：{0}
2017-09-21 11:19:21,377 INFO [29894636@qtp-6712462-197] o.a.g.p.dao.CommonRepositoryImpl [CommonRepositoryImpl.java : 674] condition = { AND  (  ( businessId = ? )  ) }
2017-09-21 11:19:21,378 INFO [29894636@qtp-6712462-197] o.a.g.p.dao.CommonRepositoryImpl [CommonRepositoryImpl.java : 420] list_ql = {SELECT o.id,o.businessId,o.userId,o.fileName,o.fileSort,o.fileSuffix,o.fileSize,o.relativePath,o.uploadTime FROM FileInfoEntity o  WHERE 1=1  AND  (  ( businessId = ? )  )  ORDER BY o.fileSort DESC}
2017-09-21 11:19:21,379 INFO [29894636@qtp-6712462-197] o.a.g.p.dao.CommonRepositoryImpl [CommonRepositoryImpl.java : 152] count_ql = {SELECT count(*) FROM FileInfoEntity o  WHERE 1=1  AND  (  ( businessId = ? )  )  ORDER BY o.fileSort DESC}
2017-09-21 11:19:21,383 INFO [29894636@qtp-6712462-197] o.a.g.p.dao.CommonRepositoryImpl [CommonRepositoryImpl.java : 737] executeCount totalRows = {14}
2017-09-21 11:19:21,391 INFO [29894636@qtp-6712462-197] o.a.g.p.dao.CommonRepositoryImpl [CommonRepositoryImpl.java : 393] firstFromIndex={108}
2017-09-21 11:19:21,392 INFO [29894636@qtp-6712462-197] o.a.g.p.dao.CommonRepositoryImpl [CommonRepositoryImpl.java : 395] prefixFrom={SELECT o.id,o.businessId,o.userId,o.fileName,o.fileSort,o.fileSuffix,o.fileSize,o.relativePath,o.uploadTime }
2017-09-21 11:19:44,580 INFO [29894636@qtp-6712462-197] o.a.g.p.dao.CommonRepositoryImpl [CommonRepositoryImpl.java : 497] qlString = {SELECT o.id,o.businessId,o.userId,o.fileName,o.fileSort,o.fileSuffix,o.fileSize,o.relativePath,o.uploadTime FROM FileInfoEntity o WHERE 1=1 ORDER BY o.fileSort DESC}
2017-09-21 11:19:44,581 INFO [29894636@qtp-6712462-197] o.a.g.p.dao.CommonRepositoryImpl [CommonRepositoryImpl.java : 701] conIndex = {130}
2017-09-21 11:19:44,582 INFO [29894636@qtp-6712462-197] o.a.g.p.dao.CommonRepositoryImpl [CommonRepositoryImpl.java : 706] 条件前的?个数：{0}
2017-09-21 11:19:44,584 INFO [29894636@qtp-6712462-197] o.a.g.p.dao.CommonRepositoryImpl [CommonRepositoryImpl.java : 707] 条件后的?个数：{0}
2017-09-21 11:19:44,585 INFO [29894636@qtp-6712462-197] o.a.g.p.dao.CommonRepositoryImpl [CommonRepositoryImpl.java : 708] 条件的起始位置：{0}
2017-09-21 11:19:44,586 INFO [29894636@qtp-6712462-197] o.a.g.p.dao.CommonRepositoryImpl [CommonRepositoryImpl.java : 674] condition = { AND  (  ( businessId = ? )  ) }
2017-09-21 11:19:44,586 INFO [29894636@qtp-6712462-197] o.a.g.p.dao.CommonRepositoryImpl [CommonRepositoryImpl.java : 420] list_ql = {SELECT o.id,o.businessId,o.userId,o.fileName,o.fileSort,o.fileSuffix,o.fileSize,o.relativePath,o.uploadTime FROM FileInfoEntity o  WHERE 1=1  AND  (  ( businessId = ? )  )  ORDER BY o.fileSort DESC}
2017-09-21 11:19:44,587 INFO [29894636@qtp-6712462-197] o.a.g.p.dao.CommonRepositoryImpl [CommonRepositoryImpl.java : 152] count_ql = {SELECT count(*) FROM FileInfoEntity o  WHERE 1=1  AND  (  ( businessId = ? )  )  ORDER BY o.fileSort DESC}
2017-09-21 11:19:44,592 INFO [29894636@qtp-6712462-197] o.a.g.p.dao.CommonRepositoryImpl [CommonRepositoryImpl.java : 737] executeCount totalRows = {14}
2017-09-21 11:19:44,601 INFO [29894636@qtp-6712462-197] o.a.g.p.dao.CommonRepositoryImpl [CommonRepositoryImpl.java : 393] firstFromIndex={108}
2017-09-21 11:19:44,602 INFO [29894636@qtp-6712462-197] o.a.g.p.dao.CommonRepositoryImpl [CommonRepositoryImpl.java : 395] prefixFrom={SELECT o.id,o.businessId,o.userId,o.fileName,o.fileSort,o.fileSuffix,o.fileSize,o.relativePath,o.uploadTime }
2017-09-21 11:19:59,055 INFO [29894636@qtp-6712462-197] o.a.g.p.dao.CommonRepositoryImpl [CommonRepositoryImpl.java : 497] qlString = {SELECT o.id,o.businessId,o.userId,o.fileName,o.fileSort,o.fileSuffix,o.fileSize,o.relativePath,o.uploadTime FROM FileInfoEntity o WHERE 1=1 ORDER BY o.fileSort DESC}
2017-09-21 11:19:59,056 INFO [29894636@qtp-6712462-197] o.a.g.p.dao.CommonRepositoryImpl [CommonRepositoryImpl.java : 701] conIndex = {130}
2017-09-21 11:19:59,057 INFO [29894636@qtp-6712462-197] o.a.g.p.dao.CommonRepositoryImpl [CommonRepositoryImpl.java : 706] 条件前的?个数：{0}
2017-09-21 11:19:59,058 INFO [29894636@qtp-6712462-197] o.a.g.p.dao.CommonRepositoryImpl [CommonRepositoryImpl.java : 707] 条件后的?个数：{0}
2017-09-21 11:19:59,060 INFO [29894636@qtp-6712462-197] o.a.g.p.dao.CommonRepositoryImpl [CommonRepositoryImpl.java : 708] 条件的起始位置：{0}
2017-09-21 11:19:59,062 INFO [29894636@qtp-6712462-197] o.a.g.p.dao.CommonRepositoryImpl [CommonRepositoryImpl.java : 674] condition = { AND  (  ( businessId = ? )  ) }
2017-09-21 11:19:59,063 INFO [29894636@qtp-6712462-197] o.a.g.p.dao.CommonRepositoryImpl [CommonRepositoryImpl.java : 420] list_ql = {SELECT o.id,o.businessId,o.userId,o.fileName,o.fileSort,o.fileSuffix,o.fileSize,o.relativePath,o.uploadTime FROM FileInfoEntity o  WHERE 1=1  AND  (  ( businessId = ? )  )  ORDER BY o.fileSort DESC}
2017-09-21 11:19:59,064 INFO [29894636@qtp-6712462-197] o.a.g.p.dao.CommonRepositoryImpl [CommonRepositoryImpl.java : 152] count_ql = {SELECT count(*) FROM FileInfoEntity o  WHERE 1=1  AND  (  ( businessId = ? )  )  ORDER BY o.fileSort DESC}
2017-09-21 11:19:59,069 INFO [29894636@qtp-6712462-197] o.a.g.p.dao.CommonRepositoryImpl [CommonRepositoryImpl.java : 737] executeCount totalRows = {14}
2017-09-21 11:19:59,075 INFO [29894636@qtp-6712462-197] o.a.g.p.dao.CommonRepositoryImpl [CommonRepositoryImpl.java : 393] firstFromIndex={108}
2017-09-21 11:19:59,076 INFO [29894636@qtp-6712462-197] o.a.g.p.dao.CommonRepositoryImpl [CommonRepositoryImpl.java : 395] prefixFrom={SELECT o.id,o.businessId,o.userId,o.fileName,o.fileSort,o.fileSuffix,o.fileSize,o.relativePath,o.uploadTime }
2017-09-21 11:20:42,165 INFO [29894636@qtp-6712462-197] o.a.g.p.dao.CommonRepositoryImpl [CommonRepositoryImpl.java : 497] qlString = {SELECT o.id,o.businessId,o.userId,o.fileName,o.fileSort,o.fileSuffix,o.fileSize,o.relativePath,o.uploadTime FROM FileInfoEntity o WHERE 1=1 ORDER BY o.fileSort DESC}
2017-09-21 11:20:42,166 INFO [29894636@qtp-6712462-197] o.a.g.p.dao.CommonRepositoryImpl [CommonRepositoryImpl.java : 701] conIndex = {130}
2017-09-21 11:20:42,167 INFO [29894636@qtp-6712462-197] o.a.g.p.dao.CommonRepositoryImpl [CommonRepositoryImpl.java : 706] 条件前的?个数：{0}
2017-09-21 11:20:42,168 INFO [29894636@qtp-6712462-197] o.a.g.p.dao.CommonRepositoryImpl [CommonRepositoryImpl.java : 707] 条件后的?个数：{0}
2017-09-21 11:20:42,169 INFO [29894636@qtp-6712462-197] o.a.g.p.dao.CommonRepositoryImpl [CommonRepositoryImpl.java : 708] 条件的起始位置：{0}
2017-09-21 11:20:42,169 INFO [29894636@qtp-6712462-197] o.a.g.p.dao.CommonRepositoryImpl [CommonRepositoryImpl.java : 674] condition = { AND  (  ( businessId = ? )  ) }
2017-09-21 11:20:42,170 INFO [29894636@qtp-6712462-197] o.a.g.p.dao.CommonRepositoryImpl [CommonRepositoryImpl.java : 420] list_ql = {SELECT o.id,o.businessId,o.userId,o.fileName,o.fileSort,o.fileSuffix,o.fileSize,o.relativePath,o.uploadTime FROM FileInfoEntity o  WHERE 1=1  AND  (  ( businessId = ? )  )  ORDER BY o.fileSort DESC}
2017-09-21 11:20:42,171 INFO [29894636@qtp-6712462-197] o.a.g.p.dao.CommonRepositoryImpl [CommonRepositoryImpl.java : 152] count_ql = {SELECT count(*) FROM FileInfoEntity o  WHERE 1=1  AND  (  ( businessId = ? )  )  ORDER BY o.fileSort DESC}
2017-09-21 11:20:42,175 INFO [29894636@qtp-6712462-197] o.a.g.p.dao.CommonRepositoryImpl [CommonRepositoryImpl.java : 737] executeCount totalRows = {14}
2017-09-21 11:20:42,182 INFO [29894636@qtp-6712462-197] o.a.g.p.dao.CommonRepositoryImpl [CommonRepositoryImpl.java : 393] firstFromIndex={108}
2017-09-21 11:20:42,183 INFO [29894636@qtp-6712462-197] o.a.g.p.dao.CommonRepositoryImpl [CommonRepositoryImpl.java : 395] prefixFrom={SELECT o.id,o.businessId,o.userId,o.fileName,o.fileSort,o.fileSuffix,o.fileSize,o.relativePath,o.uploadTime }
2017-09-21 11:20:47,361 INFO [29894636@qtp-6712462-197] o.a.g.p.dao.CommonRepositoryImpl [CommonRepositoryImpl.java : 497] qlString = {SELECT o.id,o.businessId,o.userId,o.fileName,o.fileSort,o.fileSuffix,o.fileSize,o.relativePath,o.uploadTime FROM FileInfoEntity o WHERE 1=1 ORDER BY o.fileSort DESC}
2017-09-21 11:20:47,362 INFO [29894636@qtp-6712462-197] o.a.g.p.dao.CommonRepositoryImpl [CommonRepositoryImpl.java : 701] conIndex = {130}
2017-09-21 11:20:47,364 INFO [29894636@qtp-6712462-197] o.a.g.p.dao.CommonRepositoryImpl [CommonRepositoryImpl.java : 706] 条件前的?个数：{0}
2017-09-21 11:20:47,365 INFO [29894636@qtp-6712462-197] o.a.g.p.dao.CommonRepositoryImpl [CommonRepositoryImpl.java : 707] 条件后的?个数：{0}
2017-09-21 11:20:47,366 INFO [29894636@qtp-6712462-197] o.a.g.p.dao.CommonRepositoryImpl [CommonRepositoryImpl.java : 708] 条件的起始位置：{0}
2017-09-21 11:20:47,368 INFO [29894636@qtp-6712462-197] o.a.g.p.dao.CommonRepositoryImpl [CommonRepositoryImpl.java : 674] condition = { AND  (  ( businessId = ? )  ) }
2017-09-21 11:20:47,369 INFO [29894636@qtp-6712462-197] o.a.g.p.dao.CommonRepositoryImpl [CommonRepositoryImpl.java : 420] list_ql = {SELECT o.id,o.businessId,o.userId,o.fileName,o.fileSort,o.fileSuffix,o.fileSize,o.relativePath,o.uploadTime FROM FileInfoEntity o  WHERE 1=1  AND  (  ( businessId = ? )  )  ORDER BY o.fileSort DESC}
2017-09-21 11:20:47,370 INFO [29894636@qtp-6712462-197] o.a.g.p.dao.CommonRepositoryImpl [CommonRepositoryImpl.java : 152] count_ql = {SELECT count(*) FROM FileInfoEntity o  WHERE 1=1  AND  (  ( businessId = ? )  )  ORDER BY o.fileSort DESC}
2017-09-21 11:20:47,375 INFO [29894636@qtp-6712462-197] o.a.g.p.dao.CommonRepositoryImpl [CommonRepositoryImpl.java : 737] executeCount totalRows = {14}
2017-09-21 11:20:47,382 INFO [29894636@qtp-6712462-197] o.a.g.p.dao.CommonRepositoryImpl [CommonRepositoryImpl.java : 393] firstFromIndex={108}
2017-09-21 11:20:47,384 INFO [29894636@qtp-6712462-197] o.a.g.p.dao.CommonRepositoryImpl [CommonRepositoryImpl.java : 395] prefixFrom={SELECT o.id,o.businessId,o.userId,o.fileName,o.fileSort,o.fileSuffix,o.fileSize,o.relativePath,o.uploadTime }
2017-09-21 11:20:52,270 INFO [29894636@qtp-6712462-197] o.a.g.p.dao.CommonRepositoryImpl [CommonRepositoryImpl.java : 497] qlString = {SELECT o.id,o.businessId,o.userId,o.fileName,o.fileSort,o.fileSuffix,o.fileSize,o.relativePath,o.uploadTime FROM FileInfoEntity o WHERE 1=1 ORDER BY o.fileSort DESC}
2017-09-21 11:20:52,272 INFO [29894636@qtp-6712462-197] o.a.g.p.dao.CommonRepositoryImpl [CommonRepositoryImpl.java : 701] conIndex = {130}
2017-09-21 11:20:52,273 INFO [29894636@qtp-6712462-197] o.a.g.p.dao.CommonRepositoryImpl [CommonRepositoryImpl.java : 706] 条件前的?个数：{0}
2017-09-21 11:20:52,274 INFO [29894636@qtp-6712462-197] o.a.g.p.dao.CommonRepositoryImpl [CommonRepositoryImpl.java : 707] 条件后的?个数：{0}
2017-09-21 11:20:52,275 INFO [29894636@qtp-6712462-197] o.a.g.p.dao.CommonRepositoryImpl [CommonRepositoryImpl.java : 708] 条件的起始位置：{0}
2017-09-21 11:20:52,276 INFO [29894636@qtp-6712462-197] o.a.g.p.dao.CommonRepositoryImpl [CommonRepositoryImpl.java : 674] condition = { AND  (  ( businessId = ? )  ) }
2017-09-21 11:20:52,278 INFO [29894636@qtp-6712462-197] o.a.g.p.dao.CommonRepositoryImpl [CommonRepositoryImpl.java : 420] list_ql = {SELECT o.id,o.businessId,o.userId,o.fileName,o.fileSort,o.fileSuffix,o.fileSize,o.relativePath,o.uploadTime FROM FileInfoEntity o  WHERE 1=1  AND  (  ( businessId = ? )  )  ORDER BY o.fileSort DESC}
2017-09-21 11:20:52,279 INFO [29894636@qtp-6712462-197] o.a.g.p.dao.CommonRepositoryImpl [CommonRepositoryImpl.java : 152] count_ql = {SELECT count(*) FROM FileInfoEntity o  WHERE 1=1  AND  (  ( businessId = ? )  )  ORDER BY o.fileSort DESC}
2017-09-21 11:20:52,284 INFO [29894636@qtp-6712462-197] o.a.g.p.dao.CommonRepositoryImpl [CommonRepositoryImpl.java : 737] executeCount totalRows = {14}
2017-09-21 11:20:52,292 INFO [29894636@qtp-6712462-197] o.a.g.p.dao.CommonRepositoryImpl [CommonRepositoryImpl.java : 393] firstFromIndex={108}
2017-09-21 11:20:52,293 INFO [29894636@qtp-6712462-197] o.a.g.p.dao.CommonRepositoryImpl [CommonRepositoryImpl.java : 395] prefixFrom={SELECT o.id,o.businessId,o.userId,o.fileName,o.fileSort,o.fileSuffix,o.fileSize,o.relativePath,o.uploadTime }
2017-09-21 11:22:23,853 INFO [Druid-ConnectionPool-Log-8057729] c.a.d.p.DruidDataSourceStatLoggerImpl [DruidDataSourceStatLoggerImpl.java : 77] {"url":"jdbc:mysql://192.168.0.94:3306/attach?useUnicode=true&characterEncoding=utf8&pinGlobalTxToPhysicalConnection=true","dbType":"mysql","name":"DataSource-8057729","activeCount":0,"activePeak":1,"activePeakTime":"2017-09-21 11:17:29","poolingCount":1,"poolingPeak":1,"poolingPeakTime":"2017-09-21 11:17:29","connectCount":40,"closeCount":40,"executeCount":55,"commitCount":40,"pstmtCacheHitCount":55,"startTransactionCount":40,"transactionHistogram":[0,24,13,3],"connectionHoldTimeHistogram":[0,5,32,3],"sqlList":[{"sql":"select count(*) as col_0_0_ from base_file_info fileinfoen0_ where 1=1 and fileinfoen0_.businessId=? order by fileinfoen0_.fileSort DESC","executeCount":15,"executeMillisMax":2,"executeMillisTotal":29,"executeHistogram":[0,15],"executeAndResultHoldHistogram":[15],"concurrentMax":1,"fetchRowCount":1,"fetchRowHistogram":[0,15],"inTransactionCount":15},{"sql":"select fileinfoen0_.id as col_0_0_, fileinfoen0_.businessId as col_1_0_, fileinfoen0_.userId as col_2_0_, fileinfoen0_.fileName as col_3_0_, fileinfoen0_.fileSort as col_4_0_, fileinfoen0_.fileSuffix as col_5_0_, fileinfoen0_.fileSize as col_6_0_, fileinfoen0_.relativePath as col_7_0_, fileinfoen0_.uploadTime as col_8_0_ from base_file_info fileinfoen0_ where 1=1 and fileinfoen0_.businessId=? order by fileinfoen0_.fileSort DESC limit ?, ?","executeCount":12,"executeMillisMax":3,"executeMillisTotal":34,"executeHistogram":[0,12],"executeAndResultHoldHistogram":[12],"concurrentMax":1,"fetchRowCount":1,"fetchRowHistogram":[0,12],"inTransactionCount":12},{"sql":"select fileinfoen0_.id as id1_0_0_, fileinfoen0_.businessId as business2_0_0_, fileinfoen0_.fileName as fileName3_0_0_, fileinfoen0_.fileSize as fileSize4_0_0_, fileinfoen0_.fileSort as fileSort5_0_0_, fileinfoen0_.fileStatus as fileStat6_0_0_, fileinfoen0_.fileSuffix as fileSuff7_0_0_, fileinfoen0_.relativePath as relative8_0_0_, fileinfoen0_.uploadTime as uploadTi9_0_0_, fileinfoen0_.userId as userId10_0_0_ from base_file_info fileinfoen0_ where fileinfoen0_.id=?","executeCount":25,"executeMillisMax":4,"executeMillisTotal":55,"executeHistogram":[0,25],"executeAndResultHoldHistogram":[25],"concurrentMax":1,"fetchRowCount":1,"fetchRowHistogram":[0,25],"inTransactionCount":25},{"sql":"select fileinfoen0_.id as col_0_0_, fileinfoen0_.businessId as col_1_0_, fileinfoen0_.userId as col_2_0_, fileinfoen0_.fileName as col_3_0_, fileinfoen0_.fileSort as col_4_0_, fileinfoen0_.fileSuffix as col_5_0_, fileinfoen0_.fileSize as col_6_0_, fileinfoen0_.relativePath as col_7_0_, fileinfoen0_.uploadTime as col_8_0_ from base_file_info fileinfoen0_ where 1=1 and fileinfoen0_.businessId=? order by fileinfoen0_.fileSort DESC limit ?","executeCount":3,"executeMillisMax":4,"executeMillisTotal":9,"executeHistogram":[0,3],"executeAndResultHoldHistogram":[3],"concurrentMax":1,"fetchRowCount":1,"fetchRowHistogram":[0,3],"inTransactionCount":3}]}
