2017-09-04 20:09:20,034 WARN [qtp13421967-21] org.eclipse.jetty.server.HttpChannel [HttpChannel.java : 507] /attachment_provider/customerFileInfo/showFileContext
org.springframework.web.util.NestedServletException: Request processing failed; nested exception is java.lang.NullPointerException
	at org.springframework.web.servlet.FrameworkServlet.processRequest(FrameworkServlet.java:982)
	at org.springframework.web.servlet.FrameworkServlet.doGet(FrameworkServlet.java:861)
	at javax.servlet.http.HttpServlet.service(HttpServlet.java:687)
	at org.springframework.web.servlet.FrameworkServlet.service(FrameworkServlet.java:846)
	at javax.servlet.http.HttpServlet.service(HttpServlet.java:790)
	at org.eclipse.jetty.servlet.ServletHolder.handle(ServletHolder.java:841)
	at org.eclipse.jetty.servlet.ServletHandler$CachedChain.doFilter(ServletHandler.java:1634)
	at org.eclipse.jetty.websocket.server.WebSocketUpgradeFilter.doFilter(WebSocketUpgradeFilter.java:206)
	at org.eclipse.jetty.servlet.ServletHandler$CachedChain.doFilter(ServletHandler.java:1621)
	at org.springframework.web.filter.RequestContextFilter.doFilterInternal(RequestContextFilter.java:99)
	at org.springframework.web.filter.OncePerRequestFilter.doFilter(OncePerRequestFilter.java:107)
	at org.eclipse.jetty.servlet.ServletHandler$CachedChain.doFilter(ServletHandler.java:1621)
	at org.springframework.web.filter.HttpPutFormContentFilter.doFilterInternal(HttpPutFormContentFilter.java:105)
	at org.springframework.web.filter.OncePerRequestFilter.doFilter(OncePerRequestFilter.java:107)
	at org.eclipse.jetty.servlet.ServletHandler$CachedChain.doFilter(ServletHandler.java:1621)
	at org.springframework.web.filter.HiddenHttpMethodFilter.doFilterInternal(HiddenHttpMethodFilter.java:81)
	at org.springframework.web.filter.OncePerRequestFilter.doFilter(OncePerRequestFilter.java:107)
	at org.eclipse.jetty.servlet.ServletHandler$CachedChain.doFilter(ServletHandler.java:1621)
	at org.springframework.web.filter.CharacterEncodingFilter.doFilterInternal(CharacterEncodingFilter.java:197)
	at org.springframework.web.filter.OncePerRequestFilter.doFilter(OncePerRequestFilter.java:107)
	at org.eclipse.jetty.servlet.ServletHandler$CachedChain.doFilter(ServletHandler.java:1621)
	at org.eclipse.jetty.servlet.ServletHandler.doHandle(ServletHandler.java:541)
	at org.eclipse.jetty.server.handler.ScopedHandler.handle(ScopedHandler.java:143)
	at org.eclipse.jetty.security.SecurityHandler.handle(SecurityHandler.java:548)
	at org.eclipse.jetty.server.handler.HandlerWrapper.handle(HandlerWrapper.java:132)
	at org.eclipse.jetty.server.handler.ScopedHandler.nextHandle(ScopedHandler.java:190)
	at org.eclipse.jetty.server.session.SessionHandler.doHandle(SessionHandler.java:1592)
	at org.eclipse.jetty.server.handler.ScopedHandler.nextHandle(ScopedHandler.java:188)
	at org.eclipse.jetty.server.handler.ContextHandler.doHandle(ContextHandler.java:1239)
	at org.eclipse.jetty.server.handler.ScopedHandler.nextScope(ScopedHandler.java:168)
	at org.eclipse.jetty.servlet.ServletHandler.doScope(ServletHandler.java:481)
	at org.eclipse.jetty.server.session.SessionHandler.doScope(SessionHandler.java:1561)
	at org.eclipse.jetty.server.handler.ScopedHandler.nextScope(ScopedHandler.java:166)
	at org.eclipse.jetty.server.handler.ContextHandler.doScope(ContextHandler.java:1141)
	at org.eclipse.jetty.server.handler.ScopedHandler.handle(ScopedHandler.java:141)
	at org.eclipse.jetty.server.handler.HandlerWrapper.handle(HandlerWrapper.java:132)
	at org.eclipse.jetty.server.Server.handle(Server.java:564)
	at org.eclipse.jetty.server.HttpChannel.handle(HttpChannel.java:320)
	at org.eclipse.jetty.server.HttpConnection.onFillable(HttpConnection.java:251)
	at org.eclipse.jetty.io.AbstractConnection$ReadCallback.succeeded(AbstractConnection.java:279)
	at org.eclipse.jetty.io.FillInterest.fillable(FillInterest.java:110)
	at org.eclipse.jetty.io.ChannelEndPoint$2.run(ChannelEndPoint.java:124)
	at org.eclipse.jetty.util.thread.Invocable.invokePreferred(Invocable.java:122)
	at org.eclipse.jetty.util.thread.strategy.ExecutingExecutionStrategy.invoke(ExecutingExecutionStrategy.java:58)
	at org.eclipse.jetty.util.thread.strategy.ExecuteProduceConsume.produceConsume(ExecuteProduceConsume.java:201)
	at org.eclipse.jetty.util.thread.strategy.ExecuteProduceConsume.run(ExecuteProduceConsume.java:133)
	at org.eclipse.jetty.util.thread.QueuedThreadPool.runJob(QueuedThreadPool.java:672)
	at org.eclipse.jetty.util.thread.QueuedThreadPool$2.run(QueuedThreadPool.java:590)
	at java.lang.Thread.run(Unknown Source)
Caused by: java.lang.NullPointerException: null
	at org.apel.show.attach.core.base.FileStorePath.getBytes(FileStorePath.java:239)
	at org.apel.show.attach.core.base.FileStoreServer.getFileBytes(FileStoreServer.java:218)
	at org.apel.show.attach.provider.FileInfoProvider.getFileBytes1(FileInfoProvider.java:164)
	at com.alibaba.dubbo.common.bytecode.Wrapper1.invokeMethod(Wrapper1.java)
	at com.alibaba.dubbo.rpc.proxy.javassist.JavassistProxyFactory$1.doInvoke(JavassistProxyFactory.java:46)
	at com.alibaba.dubbo.rpc.proxy.AbstractProxyInvoker.invoke(AbstractProxyInvoker.java:72)
	at com.alibaba.dubbo.rpc.protocol.InvokerWrapper.invoke(InvokerWrapper.java:53)
	at com.alibaba.dubbo.rpc.filter.ExceptionFilter.invoke(ExceptionFilter.java:64)
	at com.alibaba.dubbo.rpc.protocol.ProtocolFilterWrapper$1.invoke(ProtocolFilterWrapper.java:91)
	at com.alibaba.dubbo.monitor.support.MonitorFilter.invoke(MonitorFilter.java:75)
	at com.alibaba.dubbo.rpc.protocol.ProtocolFilterWrapper$1.invoke(ProtocolFilterWrapper.java:91)
	at com.alibaba.dubbo.rpc.filter.TimeoutFilter.invoke(TimeoutFilter.java:42)
	at com.alibaba.dubbo.rpc.protocol.ProtocolFilterWrapper$1.invoke(ProtocolFilterWrapper.java:91)
	at com.alibaba.dubbo.rpc.protocol.dubbo.filter.TraceFilter.invoke(TraceFilter.java:78)
	at com.alibaba.dubbo.rpc.protocol.ProtocolFilterWrapper$1.invoke(ProtocolFilterWrapper.java:91)
	at com.alibaba.dubbo.rpc.filter.ContextFilter.invoke(ContextFilter.java:60)
	at com.alibaba.dubbo.rpc.protocol.ProtocolFilterWrapper$1.invoke(ProtocolFilterWrapper.java:91)
	at com.alibaba.dubbo.rpc.filter.GenericFilter.invoke(GenericFilter.java:112)
	at com.alibaba.dubbo.rpc.protocol.ProtocolFilterWrapper$1.invoke(ProtocolFilterWrapper.java:91)
	at com.alibaba.dubbo.rpc.filter.ClassLoaderFilter.invoke(ClassLoaderFilter.java:38)
	at com.alibaba.dubbo.rpc.protocol.ProtocolFilterWrapper$1.invoke(ProtocolFilterWrapper.java:91)
	at com.alibaba.dubbo.rpc.filter.EchoFilter.invoke(EchoFilter.java:38)
	at com.alibaba.dubbo.rpc.protocol.ProtocolFilterWrapper$1.invoke(ProtocolFilterWrapper.java:91)
	at com.alibaba.dubbo.rpc.proxy.InvokerInvocationHandler.invoke(InvokerInvocationHandler.java:52)
	at com.alibaba.dubbo.common.bytecode.proxy0.getFileBytes1(proxy0.java)
	at sun.reflect.NativeMethodAccessorImpl.invoke0(Native Method)
	at sun.reflect.NativeMethodAccessorImpl.invoke(Unknown Source)
	at sun.reflect.DelegatingMethodAccessorImpl.invoke(Unknown Source)
	at java.lang.reflect.Method.invoke(Unknown Source)
	at com.caucho.hessian.server.HessianSkeleton.invoke(HessianSkeleton.java:306)
	at com.caucho.hessian.server.HessianSkeleton.invoke(HessianSkeleton.java:202)
	at com.caucho.hessian.server.HessianSkeleton.invoke(HessianSkeleton.java:143)
	at com.alibaba.dubbo.rpc.protocol.hessian.HessianProtocol$HessianHandler.handle(HessianProtocol.java:78)
	at com.alibaba.dubbo.remoting.http.servlet.DispatcherServlet.service(DispatcherServlet.java:64)
	at javax.servlet.http.HttpServlet.service(HttpServlet.java:790)
	at org.mortbay.jetty.servlet.ServletHolder.handle(ServletHolder.java:511)
	at org.mortbay.jetty.servlet.ServletHandler.handle(ServletHandler.java:401)
	at org.mortbay.jetty.handler.HandlerWrapper.handle(HandlerWrapper.java:152)
	at org.mortbay.jetty.Server.handle(Server.java:326)
	at org.mortbay.jetty.HttpConnection.handleRequest(HttpConnection.java:542)
	at org.mortbay.jetty.HttpConnection$RequestHandler.content(HttpConnection.java:945)
	at org.mortbay.jetty.HttpParser.parseNext(HttpParser.java:756)
	at org.mortbay.jetty.HttpParser.parseAvailable(HttpParser.java:218)
	at org.mortbay.jetty.HttpConnection.handle(HttpConnection.java:404)
	at org.mortbay.io.nio.SelectChannelEndPoint.run(SelectChannelEndPoint.java:410)
	at org.mortbay.thread.QueuedThreadPool$PoolThread.run(QueuedThreadPool.java:582)
2017-09-04 20:10:48,369 WARN [qtp13421967-50] org.eclipse.jetty.server.HttpChannel [HttpChannel.java : 507] /attachment_provider/customerFileInfo/downloadFile
org.springframework.web.util.NestedServletException: Request processing failed; nested exception is java.lang.NullPointerException
	at org.springframework.web.servlet.FrameworkServlet.processRequest(FrameworkServlet.java:982)
	at org.springframework.web.servlet.FrameworkServlet.doGet(FrameworkServlet.java:861)
	at javax.servlet.http.HttpServlet.service(HttpServlet.java:687)
	at org.springframework.web.servlet.FrameworkServlet.service(FrameworkServlet.java:846)
	at javax.servlet.http.HttpServlet.service(HttpServlet.java:790)
	at org.eclipse.jetty.servlet.ServletHolder.handle(ServletHolder.java:841)
	at org.eclipse.jetty.servlet.ServletHandler$CachedChain.doFilter(ServletHandler.java:1634)
	at org.eclipse.jetty.websocket.server.WebSocketUpgradeFilter.doFilter(WebSocketUpgradeFilter.java:206)
	at org.eclipse.jetty.servlet.ServletHandler$CachedChain.doFilter(ServletHandler.java:1621)
	at org.springframework.web.filter.RequestContextFilter.doFilterInternal(RequestContextFilter.java:99)
	at org.springframework.web.filter.OncePerRequestFilter.doFilter(OncePerRequestFilter.java:107)
	at org.eclipse.jetty.servlet.ServletHandler$CachedChain.doFilter(ServletHandler.java:1621)
	at org.springframework.web.filter.HttpPutFormContentFilter.doFilterInternal(HttpPutFormContentFilter.java:105)
	at org.springframework.web.filter.OncePerRequestFilter.doFilter(OncePerRequestFilter.java:107)
	at org.eclipse.jetty.servlet.ServletHandler$CachedChain.doFilter(ServletHandler.java:1621)
	at org.springframework.web.filter.HiddenHttpMethodFilter.doFilterInternal(HiddenHttpMethodFilter.java:81)
	at org.springframework.web.filter.OncePerRequestFilter.doFilter(OncePerRequestFilter.java:107)
	at org.eclipse.jetty.servlet.ServletHandler$CachedChain.doFilter(ServletHandler.java:1621)
	at org.springframework.web.filter.CharacterEncodingFilter.doFilterInternal(CharacterEncodingFilter.java:197)
	at org.springframework.web.filter.OncePerRequestFilter.doFilter(OncePerRequestFilter.java:107)
	at org.eclipse.jetty.servlet.ServletHandler$CachedChain.doFilter(ServletHandler.java:1621)
	at org.eclipse.jetty.servlet.ServletHandler.doHandle(ServletHandler.java:541)
	at org.eclipse.jetty.server.handler.ScopedHandler.handle(ScopedHandler.java:143)
	at org.eclipse.jetty.security.SecurityHandler.handle(SecurityHandler.java:548)
	at org.eclipse.jetty.server.handler.HandlerWrapper.handle(HandlerWrapper.java:132)
	at org.eclipse.jetty.server.handler.ScopedHandler.nextHandle(ScopedHandler.java:190)
	at org.eclipse.jetty.server.session.SessionHandler.doHandle(SessionHandler.java:1592)
	at org.eclipse.jetty.server.handler.ScopedHandler.nextHandle(ScopedHandler.java:188)
	at org.eclipse.jetty.server.handler.ContextHandler.doHandle(ContextHandler.java:1239)
	at org.eclipse.jetty.server.handler.ScopedHandler.nextScope(ScopedHandler.java:168)
	at org.eclipse.jetty.servlet.ServletHandler.doScope(ServletHandler.java:481)
	at org.eclipse.jetty.server.session.SessionHandler.doScope(SessionHandler.java:1561)
	at org.eclipse.jetty.server.handler.ScopedHandler.nextScope(ScopedHandler.java:166)
	at org.eclipse.jetty.server.handler.ContextHandler.doScope(ContextHandler.java:1141)
	at org.eclipse.jetty.server.handler.ScopedHandler.handle(ScopedHandler.java:141)
	at org.eclipse.jetty.server.handler.HandlerWrapper.handle(HandlerWrapper.java:132)
	at org.eclipse.jetty.server.Server.handle(Server.java:564)
	at org.eclipse.jetty.server.HttpChannel.handle(HttpChannel.java:320)
	at org.eclipse.jetty.server.HttpConnection.onFillable(HttpConnection.java:251)
	at org.eclipse.jetty.io.AbstractConnection$ReadCallback.succeeded(AbstractConnection.java:279)
	at org.eclipse.jetty.io.FillInterest.fillable(FillInterest.java:110)
	at org.eclipse.jetty.io.ChannelEndPoint$2.run(ChannelEndPoint.java:124)
	at org.eclipse.jetty.util.thread.QueuedThreadPool.runJob(QueuedThreadPool.java:672)
	at org.eclipse.jetty.util.thread.QueuedThreadPool$2.run(QueuedThreadPool.java:590)
	at java.lang.Thread.run(Unknown Source)
Caused by: java.lang.NullPointerException: null
	at org.apel.show.attach.core.base.FileStorePath.getBytes(FileStorePath.java:239)
	at org.apel.show.attach.core.base.FileStoreServer.getFileBytes(FileStoreServer.java:218)
	at org.apel.show.attach.provider.FileInfoProvider.getFileBytes1(FileInfoProvider.java:164)
	at com.alibaba.dubbo.common.bytecode.Wrapper1.invokeMethod(Wrapper1.java)
	at com.alibaba.dubbo.rpc.proxy.javassist.JavassistProxyFactory$1.doInvoke(JavassistProxyFactory.java:46)
	at com.alibaba.dubbo.rpc.proxy.AbstractProxyInvoker.invoke(AbstractProxyInvoker.java:72)
	at com.alibaba.dubbo.rpc.protocol.InvokerWrapper.invoke(InvokerWrapper.java:53)
	at com.alibaba.dubbo.rpc.filter.ExceptionFilter.invoke(ExceptionFilter.java:64)
	at com.alibaba.dubbo.rpc.protocol.ProtocolFilterWrapper$1.invoke(ProtocolFilterWrapper.java:91)
	at com.alibaba.dubbo.monitor.support.MonitorFilter.invoke(MonitorFilter.java:75)
	at com.alibaba.dubbo.rpc.protocol.ProtocolFilterWrapper$1.invoke(ProtocolFilterWrapper.java:91)
	at com.alibaba.dubbo.rpc.filter.TimeoutFilter.invoke(TimeoutFilter.java:42)
	at com.alibaba.dubbo.rpc.protocol.ProtocolFilterWrapper$1.invoke(ProtocolFilterWrapper.java:91)
	at com.alibaba.dubbo.rpc.protocol.dubbo.filter.TraceFilter.invoke(TraceFilter.java:78)
	at com.alibaba.dubbo.rpc.protocol.ProtocolFilterWrapper$1.invoke(ProtocolFilterWrapper.java:91)
	at com.alibaba.dubbo.rpc.filter.ContextFilter.invoke(ContextFilter.java:60)
	at com.alibaba.dubbo.rpc.protocol.ProtocolFilterWrapper$1.invoke(ProtocolFilterWrapper.java:91)
	at com.alibaba.dubbo.rpc.filter.GenericFilter.invoke(GenericFilter.java:112)
	at com.alibaba.dubbo.rpc.protocol.ProtocolFilterWrapper$1.invoke(ProtocolFilterWrapper.java:91)
	at com.alibaba.dubbo.rpc.filter.ClassLoaderFilter.invoke(ClassLoaderFilter.java:38)
	at com.alibaba.dubbo.rpc.protocol.ProtocolFilterWrapper$1.invoke(ProtocolFilterWrapper.java:91)
	at com.alibaba.dubbo.rpc.filter.EchoFilter.invoke(EchoFilter.java:38)
	at com.alibaba.dubbo.rpc.protocol.ProtocolFilterWrapper$1.invoke(ProtocolFilterWrapper.java:91)
	at com.alibaba.dubbo.rpc.proxy.InvokerInvocationHandler.invoke(InvokerInvocationHandler.java:52)
	at com.alibaba.dubbo.common.bytecode.proxy0.getFileBytes1(proxy0.java)
	at sun.reflect.NativeMethodAccessorImpl.invoke0(Native Method)
	at sun.reflect.NativeMethodAccessorImpl.invoke(Unknown Source)
	at sun.reflect.DelegatingMethodAccessorImpl.invoke(Unknown Source)
	at java.lang.reflect.Method.invoke(Unknown Source)
	at com.caucho.hessian.server.HessianSkeleton.invoke(HessianSkeleton.java:306)
	at com.caucho.hessian.server.HessianSkeleton.invoke(HessianSkeleton.java:202)
	at com.caucho.hessian.server.HessianSkeleton.invoke(HessianSkeleton.java:143)
	at com.alibaba.dubbo.rpc.protocol.hessian.HessianProtocol$HessianHandler.handle(HessianProtocol.java:78)
	at com.alibaba.dubbo.remoting.http.servlet.DispatcherServlet.service(DispatcherServlet.java:64)
	at javax.servlet.http.HttpServlet.service(HttpServlet.java:790)
	at org.mortbay.jetty.servlet.ServletHolder.handle(ServletHolder.java:511)
	at org.mortbay.jetty.servlet.ServletHandler.handle(ServletHandler.java:401)
	at org.mortbay.jetty.handler.HandlerWrapper.handle(HandlerWrapper.java:152)
	at org.mortbay.jetty.Server.handle(Server.java:326)
	at org.mortbay.jetty.HttpConnection.handleRequest(HttpConnection.java:542)
	at org.mortbay.jetty.HttpConnection$RequestHandler.content(HttpConnection.java:945)
	at org.mortbay.jetty.HttpParser.parseNext(HttpParser.java:756)
	at org.mortbay.jetty.HttpParser.parseAvailable(HttpParser.java:218)
	at org.mortbay.jetty.HttpConnection.handle(HttpConnection.java:404)
	at org.mortbay.io.nio.SelectChannelEndPoint.run(SelectChannelEndPoint.java:410)
	at org.mortbay.thread.QueuedThreadPool$PoolThread.run(QueuedThreadPool.java:582)
2017-09-04 20:12:24,061 WARN [qtp13421967-53] c.a.d.r.c.s.FailoverClusterInvoker [Log4jLogger.java : 78]  [DUBBO] Although retry the method storeFile2 in the service org.apel.show.attach.service.service.FileInfoProviderService was successful by the provider 192.168.0.33:20855, but there have been failed providers [192.168.0.33:20855] (1/1) from the registry wulin:2181 on the consumer 192.168.0.33 using the dubbo version 2.5.3. Last error is: Failed to invoke remote service: interface org.apel.show.attach.service.service.FileInfoProviderService, method: storeFile2, cause: 500: java.net.SocketTimeoutException: Read timed out, dubbo version: 2.5.3, current host: 192.168.0.33
com.alibaba.dubbo.rpc.RpcException: Failed to invoke remote service: interface org.apel.show.attach.service.service.FileInfoProviderService, method: storeFile2, cause: 500: java.net.SocketTimeoutException: Read timed out
	at com.alibaba.dubbo.rpc.protocol.AbstractProxyProtocol.getRpcException(AbstractProxyProtocol.java:118)
	at com.alibaba.dubbo.rpc.protocol.AbstractProxyProtocol$2.doInvoke(AbstractProxyProtocol.java:98)
	at com.alibaba.dubbo.rpc.protocol.AbstractInvoker.invoke(AbstractInvoker.java:144)
	at com.alibaba.dubbo.monitor.support.MonitorFilter.invoke(MonitorFilter.java:75)
	at com.alibaba.dubbo.rpc.protocol.ProtocolFilterWrapper$1.invoke(ProtocolFilterWrapper.java:91)
	at com.alibaba.dubbo.rpc.protocol.dubbo.filter.FutureFilter.invoke(FutureFilter.java:53)
	at com.alibaba.dubbo.rpc.protocol.ProtocolFilterWrapper$1.invoke(ProtocolFilterWrapper.java:91)
	at com.alibaba.dubbo.rpc.filter.ConsumerContextFilter.invoke(ConsumerContextFilter.java:48)
	at com.alibaba.dubbo.rpc.protocol.ProtocolFilterWrapper$1.invoke(ProtocolFilterWrapper.java:91)
	at com.alibaba.dubbo.rpc.listener.ListenerInvokerWrapper.invoke(ListenerInvokerWrapper.java:74)
	at com.alibaba.dubbo.rpc.protocol.InvokerWrapper.invoke(InvokerWrapper.java:53)
	at com.alibaba.dubbo.rpc.cluster.support.FailoverClusterInvoker.doInvoke(FailoverClusterInvoker.java:77)
	at com.alibaba.dubbo.rpc.cluster.support.AbstractClusterInvoker.invoke(AbstractClusterInvoker.java:227)
	at com.alibaba.dubbo.rpc.cluster.support.wrapper.MockClusterInvoker.invoke(MockClusterInvoker.java:72)
	at com.alibaba.dubbo.rpc.proxy.InvokerInvocationHandler.invoke(InvokerInvocationHandler.java:52)
	at com.alibaba.dubbo.common.bytecode.proxy0.storeFile2(proxy0.java)
	at org.apel.show.attach.provider.web.CustomerFileInfoController.fileUpload(CustomerFileInfoController.java:91)
	at sun.reflect.NativeMethodAccessorImpl.invoke0(Native Method)
	at sun.reflect.NativeMethodAccessorImpl.invoke(Unknown Source)
	at sun.reflect.DelegatingMethodAccessorImpl.invoke(Unknown Source)
	at java.lang.reflect.Method.invoke(Unknown Source)
	at org.springframework.web.method.support.InvocableHandlerMethod.doInvoke(InvocableHandlerMethod.java:205)
	at org.springframework.web.method.support.InvocableHandlerMethod.invokeForRequest(InvocableHandlerMethod.java:133)
	at org.springframework.web.servlet.mvc.method.annotation.ServletInvocableHandlerMethod.invokeAndHandle(ServletInvocableHandlerMethod.java:116)
	at org.springframework.web.servlet.mvc.method.annotation.RequestMappingHandlerAdapter.invokeHandlerMethod(RequestMappingHandlerAdapter.java:827)
	at org.springframework.web.servlet.mvc.method.annotation.RequestMappingHandlerAdapter.handleInternal(RequestMappingHandlerAdapter.java:738)
	at org.springframework.web.servlet.mvc.method.AbstractHandlerMethodAdapter.handle(AbstractHandlerMethodAdapter.java:85)
	at org.springframework.web.servlet.DispatcherServlet.doDispatch(DispatcherServlet.java:963)
	at org.springframework.web.servlet.DispatcherServlet.doService(DispatcherServlet.java:897)
	at org.springframework.web.servlet.FrameworkServlet.processRequest(FrameworkServlet.java:970)
	at org.springframework.web.servlet.FrameworkServlet.doPost(FrameworkServlet.java:872)
	at javax.servlet.http.HttpServlet.service(HttpServlet.java:707)
	at org.springframework.web.servlet.FrameworkServlet.service(FrameworkServlet.java:846)
	at javax.servlet.http.HttpServlet.service(HttpServlet.java:790)
	at org.eclipse.jetty.servlet.ServletHolder.handle(ServletHolder.java:841)
	at org.eclipse.jetty.servlet.ServletHandler$CachedChain.doFilter(ServletHandler.java:1634)
	at org.eclipse.jetty.websocket.server.WebSocketUpgradeFilter.doFilter(WebSocketUpgradeFilter.java:206)
	at org.eclipse.jetty.servlet.ServletHandler$CachedChain.doFilter(ServletHandler.java:1621)
	at org.springframework.web.filter.RequestContextFilter.doFilterInternal(RequestContextFilter.java:99)
	at org.springframework.web.filter.OncePerRequestFilter.doFilter(OncePerRequestFilter.java:107)
	at org.eclipse.jetty.servlet.ServletHandler$CachedChain.doFilter(ServletHandler.java:1621)
	at org.springframework.web.filter.HttpPutFormContentFilter.doFilterInternal(HttpPutFormContentFilter.java:105)
	at org.springframework.web.filter.OncePerRequestFilter.doFilter(OncePerRequestFilter.java:107)
	at org.eclipse.jetty.servlet.ServletHandler$CachedChain.doFilter(ServletHandler.java:1621)
	at org.springframework.web.filter.HiddenHttpMethodFilter.doFilterInternal(HiddenHttpMethodFilter.java:81)
	at org.springframework.web.filter.OncePerRequestFilter.doFilter(OncePerRequestFilter.java:107)
	at org.eclipse.jetty.servlet.ServletHandler$CachedChain.doFilter(ServletHandler.java:1621)
	at org.springframework.web.filter.CharacterEncodingFilter.doFilterInternal(CharacterEncodingFilter.java:197)
	at org.springframework.web.filter.OncePerRequestFilter.doFilter(OncePerRequestFilter.java:107)
	at org.eclipse.jetty.servlet.ServletHandler$CachedChain.doFilter(ServletHandler.java:1621)
	at org.eclipse.jetty.servlet.ServletHandler.doHandle(ServletHandler.java:541)
	at org.eclipse.jetty.server.handler.ScopedHandler.handle(ScopedHandler.java:143)
	at org.eclipse.jetty.security.SecurityHandler.handle(SecurityHandler.java:548)
	at org.eclipse.jetty.server.handler.HandlerWrapper.handle(HandlerWrapper.java:132)
	at org.eclipse.jetty.server.handler.ScopedHandler.nextHandle(ScopedHandler.java:190)
	at org.eclipse.jetty.server.session.SessionHandler.doHandle(SessionHandler.java:1592)
	at org.eclipse.jetty.server.handler.ScopedHandler.nextHandle(ScopedHandler.java:188)
	at org.eclipse.jetty.server.handler.ContextHandler.doHandle(ContextHandler.java:1239)
	at org.eclipse.jetty.server.handler.ScopedHandler.nextScope(ScopedHandler.java:168)
	at org.eclipse.jetty.servlet.ServletHandler.doScope(ServletHandler.java:481)
	at org.eclipse.jetty.server.session.SessionHandler.doScope(SessionHandler.java:1561)
	at org.eclipse.jetty.server.handler.ScopedHandler.nextScope(ScopedHandler.java:166)
	at org.eclipse.jetty.server.handler.ContextHandler.doScope(ContextHandler.java:1141)
	at org.eclipse.jetty.server.handler.ScopedHandler.handle(ScopedHandler.java:141)
	at org.eclipse.jetty.server.handler.HandlerWrapper.handle(HandlerWrapper.java:132)
	at org.eclipse.jetty.server.Server.handle(Server.java:564)
	at org.eclipse.jetty.server.HttpChannel.handle(HttpChannel.java:320)
	at org.eclipse.jetty.server.HttpConnection.onFillable(HttpConnection.java:251)
	at org.eclipse.jetty.io.AbstractConnection$ReadCallback.succeeded(AbstractConnection.java:279)
	at org.eclipse.jetty.io.FillInterest.fillable(FillInterest.java:110)
	at org.eclipse.jetty.io.ChannelEndPoint$2.run(ChannelEndPoint.java:124)
	at org.eclipse.jetty.util.thread.Invocable.invokePreferred(Invocable.java:122)
	at org.eclipse.jetty.util.thread.strategy.ExecutingExecutionStrategy.invoke(ExecutingExecutionStrategy.java:58)
	at org.eclipse.jetty.util.thread.strategy.ExecuteProduceConsume.produceConsume(ExecuteProduceConsume.java:201)
	at org.eclipse.jetty.util.thread.strategy.ExecuteProduceConsume.run(ExecuteProduceConsume.java:133)
	at org.eclipse.jetty.util.thread.QueuedThreadPool.runJob(QueuedThreadPool.java:672)
	at org.eclipse.jetty.util.thread.QueuedThreadPool$2.run(QueuedThreadPool.java:590)
	at java.lang.Thread.run(Unknown Source)
Caused by: com.caucho.hessian.client.HessianConnectionException: 500: java.net.SocketTimeoutException: Read timed out
	at com.caucho.hessian.client.HessianURLConnection.sendRequest(HessianURLConnection.java:142)
	at com.caucho.hessian.client.HessianProxy.sendRequest(HessianProxy.java:283)
	at com.caucho.hessian.client.HessianProxy.invoke(HessianProxy.java:170)
	at com.sun.proxy.$Proxy56.storeFile2(Unknown Source)
	at com.alibaba.dubbo.common.bytecode.Wrapper0.invokeMethod(Wrapper0.java)
	at com.alibaba.dubbo.rpc.proxy.javassist.JavassistProxyFactory$1.doInvoke(JavassistProxyFactory.java:46)
	at com.alibaba.dubbo.rpc.proxy.AbstractProxyInvoker.invoke(AbstractProxyInvoker.java:72)
	at com.alibaba.dubbo.rpc.protocol.AbstractProxyProtocol$2.doInvoke(AbstractProxyProtocol.java:93)
	... 76 common frames omitted
Caused by: java.net.SocketTimeoutException: Read timed out
	at sun.reflect.NativeConstructorAccessorImpl.newInstance0(Native Method)
	at sun.reflect.NativeConstructorAccessorImpl.newInstance(Unknown Source)
	at sun.reflect.DelegatingConstructorAccessorImpl.newInstance(Unknown Source)
	at java.lang.reflect.Constructor.newInstance(Unknown Source)
	at sun.net.www.protocol.http.HttpURLConnection$10.run(Unknown Source)
	at sun.net.www.protocol.http.HttpURLConnection$10.run(Unknown Source)
	at java.security.AccessController.doPrivileged(Native Method)
	at sun.net.www.protocol.http.HttpURLConnection.getChainedException(Unknown Source)
	at sun.net.www.protocol.http.HttpURLConnection.getInputStream0(Unknown Source)
	at sun.net.www.protocol.http.HttpURLConnection.getInputStream(Unknown Source)
	at com.caucho.hessian.client.HessianURLConnection.sendRequest(HessianURLConnection.java:122)
	... 83 common frames omitted
Caused by: java.net.SocketTimeoutException: Read timed out
	at java.net.SocketInputStream.socketRead0(Native Method)
	at java.net.SocketInputStream.socketRead(Unknown Source)
	at java.net.SocketInputStream.read(Unknown Source)
	at java.net.SocketInputStream.read(Unknown Source)
	at java.io.BufferedInputStream.fill(Unknown Source)
	at java.io.BufferedInputStream.read1(Unknown Source)
	at java.io.BufferedInputStream.read(Unknown Source)
	at sun.net.www.http.HttpClient.parseHTTPHeader(Unknown Source)
	at sun.net.www.http.HttpClient.parseHTTP(Unknown Source)
	at sun.net.www.protocol.http.HttpURLConnection.getInputStream0(Unknown Source)
	at sun.net.www.protocol.http.HttpURLConnection.getInputStream(Unknown Source)
	at java.net.HttpURLConnection.getResponseCode(Unknown Source)
	at com.caucho.hessian.client.HessianURLConnection.sendRequest(HessianURLConnection.java:109)
	... 83 common frames omitted
2017-09-04 20:14:00,452 INFO [main] o.a.s.a.p.w.t.AttachProviderWebStart [StartupInfoLogger.java : 48] Starting AttachProviderWebStart on wulin with PID 6516 (D:\git\bjhy_repository\show-attach\bjhy_show_attach\show-attach-parent\show-attach-provider-web\target\test-classes started by Administrator in D:\git\bjhy_repository\show-attach\bjhy_show_attach\show-attach-parent\show-attach-provider-web)
2017-09-04 20:14:00,497 INFO [main] o.a.s.a.p.w.t.AttachProviderWebStart [SpringApplication.java : 637] No active profile set, falling back to default profiles: default
2017-09-04 20:14:00,676 INFO [main] o.s.b.c.e.AnnotationConfigEmbeddedWebApplicationContext [AbstractApplicationContext.java : 582] Refreshing org.springframework.boot.context.embedded.AnnotationConfigEmbeddedWebApplicationContext@815fa3: startup date [Mon Sep 04 20:14:00 CST 2017]; root of context hierarchy
2017-09-04 20:14:01,255 INFO [background-preinit] o.h.validator.internal.util.Version [Version.java : 30] HV000001: Hibernate Validator 5.3.4.Final
2017-09-04 20:14:02,541 INFO [main] o.s.b.f.xml.XmlBeanDefinitionReader [XmlBeanDefinitionReader.java : 317] Loading XML bean definitions from file [D:\git\bjhy_repository\show-attach\bjhy_show_attach\show-attach-parent\show-attach-provider-web\target\classes\META-INF\spring\module-show-attach-provider-web.xml]
2017-09-04 20:14:03,118 INFO [main] c.a.d.common.logger.LoggerFactory [Log4jLogger.java : 58] using logger: com.alibaba.dubbo.common.logger.log4j.Log4jLoggerAdapter
2017-09-04 20:14:03,177 INFO [main] o.s.b.f.xml.XmlBeanDefinitionReader [XmlBeanDefinitionReader.java : 317] Loading XML bean definitions from URL [jar:file:/D:/repository/org/apel/gaia-property-loader/1.0.1-SNAPSHOT/gaia-property-loader-1.0.1-SNAPSHOT.jar!/META-INF/spring/module-property-loader.xml]
2017-09-04 20:14:03,255 INFO [main] o.s.b.f.xml.XmlBeanDefinitionReader [XmlBeanDefinitionReader.java : 317] Loading XML bean definitions from URL [jar:file:/D:/repository/org/apel/gaia-container-boot/1.0.1-SNAPSHOT/gaia-container-boot-1.0.1-SNAPSHOT.jar!/META-INF/spring/module-boot.xml]
2017-09-04 20:14:03,336 INFO [main] o.s.b.f.xml.XmlBeanDefinitionReader [XmlBeanDefinitionReader.java : 317] Loading XML bean definitions from URL [jar:file:/D:/repository/org/apel/gaia-container-boot/1.0.1-SNAPSHOT/gaia-container-boot-1.0.1-SNAPSHOT.jar!/META-INF/spring/module-mvc.xml]
2017-09-04 20:14:03,469 INFO [main] o.s.b.f.xml.XmlBeanDefinitionReader [XmlBeanDefinitionReader.java : 317] Loading XML bean definitions from URL [jar:file:/D:/repository/org/apel/gaia-js-lib/1.0.1-SNAPSHOT/gaia-js-lib-1.0.1-SNAPSHOT.jar!/META-INF/spring/module-js-lib.xml]
2017-09-04 20:14:03,517 INFO [main] o.s.b.f.xml.XmlBeanDefinitionReader [XmlBeanDefinitionReader.java : 317] Loading XML bean definitions from URL [jar:file:/D:/repository/com/bjhy/base-inline-office/1.0.1-SNAPSHOT/base-inline-office-1.0.1-SNAPSHOT.jar!/META-INF/spring/module-base_inline_office.xml]
2017-09-04 20:14:03,631 INFO [main] o.s.b.f.xml.XmlBeanDefinitionReader [XmlBeanDefinitionReader.java : 317] Loading XML bean definitions from file [D:\git\bjhy_repository\show-attach\bjhy_show_attach\show-attach-parent\show-attach-service\target\classes\META-INF\spring\module-show-attach-service.xml]
2017-09-04 20:14:04,041 INFO [main] o.s.b.f.s.DefaultListableBeanFactory [DefaultListableBeanFactory.java : 828] Overriding bean definition for bean 'org.springframework.transaction.config.internalTransactionAdvisor' with a different definition: replacing [Root bean: class [org.springframework.transaction.interceptor.BeanFactoryTransactionAttributeSourceAdvisor]; scope=; abstract=false; lazyInit=false; autowireMode=0; dependencyCheck=0; autowireCandidate=true; primary=false; factoryBeanName=null; factoryMethodName=null; initMethodName=null; destroyMethodName=null] with [Root bean: class [null]; scope=; abstract=false; lazyInit=false; autowireMode=3; dependencyCheck=0; autowireCandidate=true; primary=false; factoryBeanName=org.springframework.transaction.annotation.ProxyTransactionManagementConfiguration; factoryMethodName=transactionAdvisor; initMethodName=null; destroyMethodName=(inferred); defined in class path resource [org/springframework/transaction/annotation/ProxyTransactionManagementConfiguration.class]]
2017-09-04 20:14:04,043 INFO [main] o.s.c.a.ConfigurationClassBeanDefinitionReader [ConfigurationClassBeanDefinitionReader.java : 298] Skipping bean definition for [BeanMethod:name=transactionalEventListenerFactory,declaringClass=org.springframework.transaction.annotation.AbstractTransactionManagementConfiguration]: a definition for bean 'org.springframework.transaction.config.internalTransactionalEventListenerFactory' already exists. This top-level bean definition is considered as an override.
2017-09-04 20:14:04,974 WARN [main] o.s.c.a.ConfigurationClassEnhancer [ConfigurationClassEnhancer.java : 350] @Bean method CenterPropertyLoader.propertyPlaceholderConfigurer is non-static and returns an object assignable to Spring's BeanFactoryPostProcessor interface. This will result in a failure to process annotations such as @Autowired, @Resource and @PostConstruct within the method's declaring @Configuration class. Add the 'static' modifier to this method to avoid these container lifecycle issues; see @Bean javadoc for complete details.
2017-09-04 20:14:05,958 INFO [main] o.s.c.s.PostProcessorRegistrationDelegate$BeanPostProcessorChecker [PostProcessorRegistrationDelegate.java : 325] Bean 'org.springframework.transaction.annotation.ProxyTransactionManagementConfiguration' of type [org.springframework.transaction.annotation.ProxyTransactionManagementConfiguration$$EnhancerBySpringCGLIB$$9cf51d94] is not eligible for getting processed by all BeanPostProcessors (for example: not eligible for auto-proxying)
2017-09-04 20:14:06,835 INFO [main] org.eclipse.jetty.util.log [Log.java : 192] Logging initialized @10154ms to org.eclipse.jetty.util.log.Slf4jLog
2017-09-04 20:14:08,194 INFO [main] o.s.b.c.e.j.JettyEmbeddedServletContainerFactory [JettyEmbeddedServletContainerFactory.java : 176] Server initialized with port: 6691
2017-09-04 20:14:08,199 INFO [main] org.eclipse.jetty.server.Server [Server.java : 372] jetty-9.4.2.v20170220
2017-09-04 20:14:08,616 INFO [main] org.eclipse.jetty.server.session [DefaultSessionIdManager.java : 360] DefaultSessionIdManager workerName=node0
2017-09-04 20:14:08,617 INFO [main] org.eclipse.jetty.server.session [DefaultSessionIdManager.java : 365] No SessionScavenger set, using defaults
2017-09-04 20:14:08,626 INFO [main] org.eclipse.jetty.server.session [HouseKeeper.java : 146] Scavenging every 600000ms
2017-09-04 20:14:08,647 INFO [main] o.e.jetty.ContextHandler.application [ContextHandler.java : 2207] Initializing Spring embedded WebApplicationContext
2017-09-04 20:14:08,648 INFO [main] o.s.web.context.ContextLoader [EmbeddedWebApplicationContext.java : 276] Root WebApplicationContext: initialization completed in 7972 ms
2017-09-04 20:14:09,091 INFO [main] o.s.b.w.s.ServletRegistrationBean [ServletRegistrationBean.java : 190] Mapping servlet: 'dispatcherServlet' to [/]
2017-09-04 20:14:09,099 INFO [main] o.s.b.w.s.FilterRegistrationBean [AbstractFilterRegistrationBean.java : 258] Mapping filter: 'characterEncodingFilter' to: [/*]
2017-09-04 20:14:09,100 INFO [main] o.s.b.w.s.FilterRegistrationBean [AbstractFilterRegistrationBean.java : 258] Mapping filter: 'hiddenHttpMethodFilter' to: [/*]
2017-09-04 20:14:09,101 INFO [main] o.s.b.w.s.FilterRegistrationBean [AbstractFilterRegistrationBean.java : 258] Mapping filter: 'httpPutFormContentFilter' to: [/*]
2017-09-04 20:14:09,101 INFO [main] o.s.b.w.s.FilterRegistrationBean [AbstractFilterRegistrationBean.java : 258] Mapping filter: 'requestContextFilter' to: [/*]
2017-09-04 20:14:10,846 INFO [main] o.e.j.server.handler.ContextHandler [ContextHandler.java : 802] Started o.s.b.c.e.j.JettyEmbeddedWebAppContext@83495d{/attachment_provider,[file:///C:/Users/Administrator/AppData/Local/Temp/jetty-docbase.1855154869428901543.6691/],AVAILABLE}
2017-09-04 20:14:10,847 INFO [main] org.eclipse.jetty.server.Server [Server.java : 444] Started @14166ms
2017-09-04 20:14:11,889 INFO [main] c.a.d.r.zookeeper.ZookeeperRegistry [Log4jLogger.java : 58]  [DUBBO] Load registry store file C:\Users\Administrator\.dubbo\dubbo-registry-wulin.cache, data: {com.bjhy.platform.system.service.OrganizationService=empty://192.168.0.33:20557/com.bjhy.platform.system.service.OrganizationService?anyhost=true&application=platform-system&category=configurators&check=false&dubbo=2.5.3&interface=com.bjhy.platform.system.service.OrganizationService&methods=getChildrenById,getTreeNodeByParentId,findByIds,getOrgsByType,findAll,updateOrganization,getChildrenByType,findOrganizationById,getUserTree,saveOrganization,getOrgByUserId,getOrgsByOrgNameFuzzy,deleteOrganizationById,getTreeAll,getOrgByCode,getOrgsByOrgName&pid=2092&side=provider&timeout=2000&timestamp=1498804999860, com.bjhy.platform.system.service.SystemMenuService=empty://192.168.0.33:20557/com.bjhy.platform.system.service.SystemMenuService?anyhost=true&application=platform-system&category=configurators&check=false&dubbo=2.5.3&interface=com.bjhy.platform.system.service.SystemMenuService&methods=findAllLinkableMenusByAppClientId,findAllFunctionMenusByAppClientId,getMenuTree,deleteSystemMenuById,getAllMenusTreeByRole,findPermsByUserAndApp,findFunctionMenusByUserAndApp,findLinkableMenusByUserAndApp,findSystemMenuById,saveSystemMenu,updateSystemMenu&pid=2092&side=provider&timeout=6000&timestamp=1498805000800, com.bjhy.platform.system.service.SystemCodeService=empty://192.168.0.33:20557/com.bjhy.platform.system.service.SystemCodeService?anyhost=true&application=platform-system&category=configurators&check=false&dubbo=2.5.3&interface=com.bjhy.platform.system.service.SystemCodeService&methods=getChildrendTreeByCode,getChildrenById,updateSystemCode,getChildrenByCode,getChildrenByCodeSimple,getChildrenTreeById,findSystemCodeBeMapByIds,findAllCodes,findSystemCodeByIds,pageForSystemCode,findSystemCodeByNameFuzzyRecursive,findSystemCodeByCode,saveSystemCode,findSystemCodeById,getTree,findSystemCodeByNameFuzzy,deleteSystemCodeById&pid=2092&side=provider&timeout=6000&timestamp=1498805000691, com.bjhy.platform.system.service.SystemPersonService=empty://192.168.0.33:20557/com.bjhy.platform.system.service.SystemPersonService?anyhost=true&application=platform-system&category=configurators&check=false&dubbo=2.5.3&interface=com.bjhy.platform.system.service.SystemPersonService&methods=deleteSystemPersonById,updateSystemPerson,findAll,findSystemPersonById,storeSignature,deleteSystemPeople,saveSystemPerson,pageQuery,deleteSignature,deleteLogo&pid=2092&side=provider&timestamp=1498805000941, com.bjhy.platform.system.service.RegionService=empty://192.168.0.33:20557/com.bjhy.platform.system.service.RegionService?anyhost=true&application=platform-system&category=configurators&check=false&dubbo=2.5.3&interface=com.bjhy.platform.system.service.RegionService&methods=findByName,findByNameAndParentId,findBeMapByIds,findByParentId,findByNumberCode,findParentsById&pid=2092&side=provider&timestamp=1498805000535, org.apel.show.attach.service.service.FileInfoProviderService=empty://192.168.0.33:20855/org.apel.show.attach.service.service.FileInfoProviderService?anyhost=true&application=show-attach-provider&category=configurators&check=false&dubbo=2.5.3&interface=org.apel.show.attach.service.service.FileInfoProviderService&methods=deleteFile,isItEffective,isFile,findOne,update,findByBusinessId,deleteByBusinessId,store,getFileBytes1,getFileBytes2,findFileByBusinessId,updateFile,getRootDirectory,deleteById,storeFile1,storeFile2,findFileById,findFileInfo&pid=6908&side=provider&timestamp=1504527214248, com.bjhy.platform.system.service.SystemUserService=empty://192.168.0.33:20557/com.bjhy.platform.system.service.SystemUserService?anyhost=true&application=platform-system&category=configurators&check=false&dubbo=2.5.3&interface=com.bjhy.platform.system.service.SystemUserService&methods=buildUserOrgBridge,updateSystemUser,deleteSystemUserById,findUsersByRoleIds,findSystemUserByUserName,checkExistUserName,findUserByConditions,removeUserRole,findSystemUserByUserId,assembleRole,deleteSystemUsers,updatePassword,pageQuery,saveSystemUser&pid=2092&side=provider&timeout=2000&timestamp=1498805001145, com.bjhy.platform.logger.service.LogService=dubbo://192.168.0.57:20882/com.bjhy.platform.logger.service.LogService?anyhost=true&application=platform-logger&dubbo=2.5.3&interface=com.bjhy.platform.logger.service.LogService&methods=pageForLog,log&pid=1756&side=provider&timeout=2000&timestamp=1474421664461 empty://192.168.0.57/com.bjhy.platform.logger.service.LogService?application=platform-cas&category=configurators&dubbo=2.5.3&interface=com.bjhy.platform.logger.service.LogService&methods=pageForLog,log&pid=6480&side=consumer&timestamp=1474421792878 empty://192.168.0.57/com.bjhy.platform.logger.service.LogService?application=platform-cas&category=routers&dubbo=2.5.3&interface=com.bjhy.platform.logger.service.LogService&methods=pageForLog,log&pid=6480&side=consumer&timestamp=1474421792878, com.bjhy.platform.statics.service.StaticService=empty://192.168.0.33/com.bjhy.platform.statics.service.StaticService?application=platform-system&category=providers&dubbo=2.5.3&interface=com.bjhy.platform.statics.service.StaticService&methods=getStatic,storeStatic,removeStatic&pid=2092&side=consumer&timestamp=1498804998627 empty://192.168.0.33/com.bjhy.platform.statics.service.StaticService?application=platform-system&category=configurators&dubbo=2.5.3&interface=com.bjhy.platform.statics.service.StaticService&methods=getStatic,storeStatic,removeStatic&pid=2092&side=consumer&timestamp=1498804998627 empty://192.168.0.33/com.bjhy.platform.statics.service.StaticService?application=platform-system&category=routers&dubbo=2.5.3&interface=com.bjhy.platform.statics.service.StaticService&methods=getStatic,storeStatic,removeStatic&pid=2092&side=consumer&timestamp=1498804998627, com.bjhy.platform.cas.CasService=dubbo://192.168.0.57:20881/com.bjhy.platform.cas.CasService?anyhost=true&application=platform-cas-provider&dubbo=2.5.3&interface=com.bjhy.platform.cas.CasService&methods=checkSSOLogin,removeUserClientBridge,findEnabledAppClients,deleteAppClientById,getAppClientById,pageQueryForUserEnabled,pageQueryForUserExist,createAppClient,pageQueryForAppClient,logout,getAppClientInfoByUserId,updateAppClient,deleteAppClients,findAllAppClients,checkExistApp,saveUserLoginInfo,pageQueryForUserLogin,buildUserClientBridge&pid=3556&side=provider&timeout=2000&timestamp=1474421745368 empty://192.168.0.57/com.bjhy.platform.cas.CasService?application=platform-cas&category=configurators&dubbo=2.5.3&interface=com.bjhy.platform.cas.CasService&methods=checkSSOLogin,removeUserClientBridge,findEnabledAppClients,deleteAppClientById,pageQueryForUserEnabled,getAppClientById,pageQueryForUserExist,createAppClient,pageQueryForAppClient,logout,getAppClientInfoByUserId,updateAppClient,findAllAppClients,checkExistApp,deleteAppClients,saveUserLoginInfo,pageQueryForUserLogin,buildUserClientBridge&pid=6480&side=consumer&timestamp=1474421786504 empty://192.168.0.57/com.bjhy.platform.cas.CasService?application=platform-cas&category=routers&dubbo=2.5.3&interface=com.bjhy.platform.cas.CasService&methods=checkSSOLogin,removeUserClientBridge,findEnabledAppClients,deleteAppClientById,pageQueryForUserEnabled,getAppClientById,pageQueryForUserExist,createAppClient,pageQueryForAppClient,logout,getAppClientInfoByUserId,updateAppClient,findAllAppClients,checkExistApp,deleteAppClients,saveUserLoginInfo,pageQueryForUserLogin,buildUserClientBridge&pid=6480&side=consumer&timestamp=1474421786504, com.bjhy.platform.system.service.SystemRoleService=empty://192.168.0.33:20557/com.bjhy.platform.system.service.SystemRoleService?anyhost=true&application=platform-system&category=configurators&check=false&dubbo=2.5.3&interface=com.bjhy.platform.system.service.SystemRoleService&methods=deleteSystemRoleById,assemblePerm,pageQueryForUserEnabled,pageQueryForUserExist,removeRelatedRole,pageQueryForRoleExist,findSystemRoleByIds,findByUserId,saveSystemRole,updateSystemRole,assembleRole,pageQueryForRoleEnabled,deleteSystemRoles,findSystemRoleById,pageQuery&pid=2092&side=provider&timeout=6000&timestamp=1498805001034, cn.wulin.service.FileInfoProviderService=hessian://192.168.0.18:20858/cn.wulin.service.FileInfoProviderService?anyhost=true&application=show-file-provider&dubbo=2.5.3&interface=cn.wulin.service.FileInfoProviderService&methods=update,deleteById,deleteByBusinessId,store,findFileByBusinessId,findByBusinessId,getFileInputStream1,findFileInfo,getFileInputStream2,storeFile2,getFileBytes,findOne,storeFile1,isFile,isItEffective,findFileById,updateFile,deleteFile,getRootDirectory&pid=5140&side=provider&timestamp=1493687024211 empty://192.168.0.18/cn.wulin.service.FileInfoProviderService?application=show-file-test&category=configurators&dubbo=2.5.3&interface=cn.wulin.service.FileInfoProviderService&methods=update,deleteByBusinessId,deleteById,store,findFileByBusinessId,findByBusinessId,getFileInputStream1,getFileInputStream2,findFileInfo,getFileBytes,storeFile2,findOne,storeFile1,isFile,isItEffective,updateFile,findFileById,getRootDirectory,deleteFile&pid=6548&side=consumer&timeout=30000&timestamp=1493687091980 empty://192.168.0.18/cn.wulin.service.FileInfoProviderService?application=show-file-test&category=routers&dubbo=2.5.3&interface=cn.wulin.service.FileInfoProviderService&methods=update,deleteByBusinessId,deleteById,store,findFileByBusinessId,findByBusinessId,getFileInputStream1,getFileInputStream2,findFileInfo,getFileBytes,storeFile2,findOne,storeFile1,isFile,isItEffective,updateFile,findFileById,getRootDirectory,deleteFile&pid=6548&side=consumer&timeout=30000&timestamp=1493687091980}, dubbo version: 2.5.3, current host: 127.0.0.1
2017-09-04 20:14:11,930 INFO [ZkClient-EventThread-34-wulin:2181] org.I0Itec.zkclient.ZkEventThread [ZkEventThread.java : 64] Starting ZkClient event thread.
2017-09-04 20:14:11,953 INFO [main] org.apache.zookeeper.ZooKeeper [Environment.java : 100] Client environment:zookeeper.version=3.4.6-1569965, built on 02/20/2014 09:09 GMT
2017-09-04 20:14:11,954 INFO [main] org.apache.zookeeper.ZooKeeper [Environment.java : 100] Client environment:host.name=wulin
2017-09-04 20:14:11,955 INFO [main] org.apache.zookeeper.ZooKeeper [Environment.java : 100] Client environment:java.version=1.8.0_121
2017-09-04 20:14:11,955 INFO [main] org.apache.zookeeper.ZooKeeper [Environment.java : 100] Client environment:java.vendor=Oracle Corporation
2017-09-04 20:14:11,956 INFO [main] org.apache.zookeeper.ZooKeeper [Environment.java : 100] Client environment:java.home=D:\soft\job\java\jdk\jdk8\jdk8_target
2017-09-04 20:14:11,957 INFO [main] org.apache.zookeeper.ZooKeeper [Environment.java : 100] Client environment:java.class.path=D:\git\bjhy_repository\show-attach\bjhy_show_attach\show-attach-parent\show-attach-provider-web\target\test-classes;D:\git\bjhy_repository\show-attach\bjhy_show_attach\show-attach-parent\show-attach-provider-web\target\classes;D:\repository\com\github\sgroschupf\zkclient\0.1\zkclient-0.1.jar;D:\repository\org\apache\zookeeper\zookeeper\3.4.6\zookeeper-3.4.6.jar;D:\repository\jline\jline\0.9.94\jline-0.9.94.jar;D:\repository\io\netty\netty\3.7.0.Final\netty-3.7.0.Final.jar;D:\repository\com\alibaba\dubbo\2.5.3\dubbo-2.5.3.jar;D:\repository\org\jboss\netty\netty\3.2.5.Final\netty-3.2.5.Final.jar;D:\repository\org\apel\gaia-property-loader\1.0.1-SNAPSHOT\gaia-property-loader-1.0.1-SNAPSHOT.jar;D:\repository\org\springframework\spring-context\4.3.7.RELEASE\spring-context-4.3.7.RELEASE.jar;D:\repository\org\apel\gaia-container-boot\1.0.1-SNAPSHOT\gaia-container-boot-1.0.1-SNAPSHOT.jar;D:\repository\org\springframework\boot\spring-boot-starter-web\1.5.2.RELEASE\spring-boot-starter-web-1.5.2.RELEASE.jar;D:\repository\org\springframework\boot\spring-boot-starter\1.5.2.RELEASE\spring-boot-starter-1.5.2.RELEASE.jar;D:\repository\org\springframework\boot\spring-boot\1.5.2.RELEASE\spring-boot-1.5.2.RELEASE.jar;D:\repository\org\springframework\boot\spring-boot-autoconfigure\1.5.2.RELEASE\spring-boot-autoconfigure-1.5.2.RELEASE.jar;D:\repository\org\springframework\boot\spring-boot-starter-logging\1.5.2.RELEASE\spring-boot-starter-logging-1.5.2.RELEASE.jar;D:\repository\org\slf4j\jul-to-slf4j\1.7.24\jul-to-slf4j-1.7.24.jar;D:\repository\org\yaml\snakeyaml\1.17\snakeyaml-1.17.jar;D:\repository\org\hibernate\hibernate-validator\5.3.4.Final\hibernate-validator-5.3.4.Final.jar;D:\repository\javax\validation\validation-api\1.1.0.Final\validation-api-1.1.0.Final.jar;D:\repository\org\jboss\logging\jboss-logging\3.3.0.Final\jboss-logging-3.3.0.Final.jar;D:\repository\com\fasterxml\classmate\1.3.3\classmate-1.3.3.jar;D:\repository\org\springframework\boot\spring-boot-starter-jetty\1.5.2.RELEASE\spring-boot-starter-jetty-1.5.2.RELEASE.jar;D:\repository\org\eclipse\jetty\jetty-servlets\9.4.2.v20170220\jetty-servlets-9.4.2.v20170220.jar;D:\repository\org\eclipse\jetty\jetty-continuation\9.4.2.v20170220\jetty-continuation-9.4.2.v20170220.jar;D:\repository\org\eclipse\jetty\jetty-http\9.4.2.v20170220\jetty-http-9.4.2.v20170220.jar;D:\repository\org\eclipse\jetty\jetty-util\9.4.2.v20170220\jetty-util-9.4.2.v20170220.jar;D:\repository\org\eclipse\jetty\jetty-io\9.4.2.v20170220\jetty-io-9.4.2.v20170220.jar;D:\repository\org\eclipse\jetty\jetty-webapp\9.4.2.v20170220\jetty-webapp-9.4.2.v20170220.jar;D:\repository\org\eclipse\jetty\jetty-xml\9.4.2.v20170220\jetty-xml-9.4.2.v20170220.jar;D:\repository\org\eclipse\jetty\jetty-servlet\9.4.2.v20170220\jetty-servlet-9.4.2.v20170220.jar;D:\repository\org\eclipse\jetty\jetty-security\9.4.2.v20170220\jetty-security-9.4.2.v20170220.jar;D:\repository\org\eclipse\jetty\jetty-server\9.4.2.v20170220\jetty-server-9.4.2.v20170220.jar;D:\repository\org\eclipse\jetty\websocket\websocket-server\9.4.2.v20170220\websocket-server-9.4.2.v20170220.jar;D:\repository\org\eclipse\jetty\websocket\websocket-common\9.4.2.v20170220\websocket-common-9.4.2.v20170220.jar;D:\repository\org\eclipse\jetty\websocket\websocket-api\9.4.2.v20170220\websocket-api-9.4.2.v20170220.jar;D:\repository\org\eclipse\jetty\websocket\websocket-client\9.4.2.v20170220\websocket-client-9.4.2.v20170220.jar;D:\repository\org\eclipse\jetty\jetty-client\9.4.2.v20170220\jetty-client-9.4.2.v20170220.jar;D:\repository\org\eclipse\jetty\websocket\websocket-servlet\9.4.2.v20170220\websocket-servlet-9.4.2.v20170220.jar;D:\repository\org\eclipse\jetty\websocket\javax-websocket-server-impl\9.4.2.v20170220\javax-websocket-server-impl-9.4.2.v20170220.jar;D:\repository\org\eclipse\jetty\jetty-annotations\9.4.2.v20170220\jetty-annotations-9.4.2.v20170220.jar;D:\repository\org\eclipse\jetty\jetty-plus\9.4.2.v20170220\jetty-plus-9.4.2.v20170220.jar;D:\repository\javax\annotation\javax.annotation-api\1.2\javax.annotation-api-1.2.jar;D:\repository\org\ow2\asm\asm\5.1\asm-5.1.jar;D:\repository\org\ow2\asm\asm-commons\5.1\asm-commons-5.1.jar;D:\repository\org\ow2\asm\asm-tree\5.1\asm-tree-5.1.jar;D:\repository\org\eclipse\jetty\websocket\javax-websocket-client-impl\9.4.2.v20170220\javax-websocket-client-impl-9.4.2.v20170220.jar;D:\repository\javax\websocket\javax.websocket-api\1.0\javax.websocket-api-1.0.jar;D:\repository\org\mortbay\jasper\apache-el\8.0.33\apache-el-8.0.33.jar;D:\repository\org\springframework\spring-context-support\4.3.7.RELEASE\spring-context-support-4.3.7.RELEASE.jar;D:\repository\commons-fileupload\commons-fileupload\1.3.1\commons-fileupload-1.3.1.jar;D:\repository\commons-io\commons-io\2.5\commons-io-2.5.jar;D:\repository\org\springframework\boot\spring-boot-starter-freemarker\1.5.2.RELEASE\spring-boot-starter-freemarker-1.5.2.RELEASE.jar;D:\repository\org\freemarker\freemarker\2.3.25-incubating\freemarker-2.3.25-incubating.jar;D:\repository\org\apel\gaia-js-lib\1.0.1-SNAPSHOT\gaia-js-lib-1.0.1-SNAPSHOT.jar;D:\repository\org\springframework\spring-web\4.3.7.RELEASE\spring-web-4.3.7.RELEASE.jar;D:\repository\org\apel\gaia-commons\1.0.1-SNAPSHOT\gaia-commons-1.0.1-SNAPSHOT.jar;D:\repository\org\apache\commons\commons-lang3\3.4\commons-lang3-3.4.jar;D:\repository\com\caucho\hessian\4.0.7\hessian-4.0.7.jar;D:\repository\com\bjhy\base-inline-office\1.0.1-SNAPSHOT\base-inline-office-1.0.1-SNAPSHOT.jar;D:\repository\com\fasterxml\jackson\core\jackson-databind\2.8.7\jackson-databind-2.8.7.jar;D:\repository\com\fasterxml\jackson\core\jackson-annotations\2.8.0\jackson-annotations-2.8.0.jar;D:\repository\com\fasterxml\jackson\core\jackson-core\2.8.7\jackson-core-2.8.7.jar;D:\repository\fr\opensagres\xdocreport\xdocreport\1.0.6\xdocreport-1.0.6.jar;D:\repository\fr\opensagres\xdocreport\org.apache.poi.xwpf.converter.core\1.0.6\org.apache.poi.xwpf.converter.core-1.0.6.jar;D:\repository\commons-codec\commons-codec\1.10\commons-codec-1.10.jar;D:\repository\org\jsoup\jsoup\1.8.3\jsoup-1.8.3.jar;D:\repository\org\apache\poi\poi\3.14\poi-3.14.jar;D:\repository\org\apache\poi\poi-scratchpad\3.14\poi-scratchpad-3.14.jar;D:\repository\org\apache\poi\poi-ooxml\3.14\poi-ooxml-3.14.jar;D:\repository\com\github\virtuald\curvesapi\1.03\curvesapi-1.03.jar;D:\repository\org\apache\poi\poi-ooxml-schemas\3.14\poi-ooxml-schemas-3.14.jar;D:\repository\org\apache\xmlbeans\xmlbeans\2.6.0\xmlbeans-2.6.0.jar;D:\repository\stax\stax-api\1.0.1\stax-api-1.0.1.jar;D:\repository\org\apache\poi\ooxml-schemas\1.3\ooxml-schemas-1.3.jar;D:\repository\com\itextpdf\itext-asian\5.2.0\itext-asian-5.2.0.jar;D:\repository\org\xhtmlrenderer\core-renderer\R8\core-renderer-R8.jar;D:\repository\com\lowagie\itext\2.0.8\itext-2.0.8.jar;D:\repository\bouncycastle\bcmail-jdk14\138\bcmail-jdk14-138.jar;D:\repository\bouncycastle\bcprov-jdk14\138\bcprov-jdk14-138.jar;D:\repository\jtidy\jtidy\4aug2000r7-dev\jtidy-4aug2000r7-dev.jar;D:\repository\net\sf\barcode4j\barcode4j-light\2.0\barcode4j-light-2.0.jar;D:\repository\xml-apis\xml-apis\1.4.01\xml-apis-1.4.01.jar;D:\repository\avalon-framework\avalon-framework-impl\4.2.0\avalon-framework-impl-4.2.0.jar;D:\repository\org\apache\pdfbox\pdfbox\1.8.0\pdfbox-1.8.0.jar;D:\repository\org\apache\pdfbox\jempbox\1.8.0\jempbox-1.8.0.jar;D:\repository\commons-logging\commons-logging\1.2\commons-logging-1.2.jar;D:\repository\org\apache\pdfbox\fontbox\1.8.0\fontbox-1.8.0.jar;D:\repository\com\itextpdf\itextpdf\5.5.8\itextpdf-5.5.8.jar;D:\repository\org\springframework\spring-aop\4.3.7.RELEASE\spring-aop-4.3.7.RELEASE.jar;D:\repository\org\springframework\spring-beans\4.3.7.RELEASE\spring-beans-4.3.7.RELEASE.jar;D:\repository\org\springframework\spring-expression\4.3.7.RELEASE\spring-expression-4.3.7.RELEASE.jar;D:\repository\org\springframework\spring-jdbc\4.3.7.RELEASE\spring-jdbc-4.3.7.RELEASE.jar;D:\repository\org\springframework\spring-jms\4.3.7.RELEASE\spring-jms-4.3.7.RELEASE.jar;D:\repository\org\springframework\spring-messaging\4.3.7.RELEASE\spring-messaging-4.3.7.RELEASE.jar;D:\repository\org\springframework\spring-orm\4.3.7.RELEASE\spring-orm-4.3.7.RELEASE.jar;D:\repository\org\springframework\spring-oxm\4.3.7.RELEASE\spring-oxm-4.3.7.RELEASE.jar;D:\repository\org\springframework\spring-tx\4.3.7.RELEASE\spring-tx-4.3.7.RELEASE.jar;D:\repository\org\springframework\spring-webmvc\4.3.7.RELEASE\spring-webmvc-4.3.7.RELEASE.jar;D:\repository\org\springframework\spring-aspects\4.3.7.RELEASE\spring-aspects-4.3.7.RELEASE.jar;D:\repository\org\aspectj\aspectjweaver\1.8.9\aspectjweaver-1.8.9.jar;D:\repository\javax\servlet\javax.servlet-api\3.1.0\javax.servlet-api-3.1.0.jar;D:\repository\org\apel\gaia-util\1.0.1-SNAPSHOT\gaia-util-1.0.1-SNAPSHOT.jar;D:\repository\org\bouncycastle\bcprov-jdk15on\1.52\bcprov-jdk15on-1.52.jar;D:\repository\net\lingala\zip4j\zip4j\1.3.2\zip4j-1.3.2.jar;D:\repository\com\belerweb\pinyin4j\2.5.0\pinyin4j-2.5.0.jar;D:\git\bjhy_repository\show-attach\bjhy_show_attach\show-attach-parent\show-attach-service\target\classes;D:\repository\org\javassist\javassist\3.21.0-GA\javassist-3.21.0-GA.jar;D:\repository\org\slf4j\log4j-over-slf4j\1.7.24\log4j-over-slf4j-1.7.24.jar;D:\repository\junit\junit\4.12\junit-4.12.jar;D:\repository\org\hamcrest\hamcrest-core\1.3\hamcrest-core-1.3.jar;D:\repository\org\slf4j\jcl-over-slf4j\1.7.24\jcl-over-slf4j-1.7.24.jar;D:\repository\org\slf4j\slf4j-api\1.7.24\slf4j-api-1.7.24.jar;D:\repository\ch\qos\logback\logback-classic\1.1.11\logback-classic-1.1.11.jar;D:\repository\ch\qos\logback\logback-core\1.1.11\logback-core-1.1.11.jar;D:\repository\org\springframework\spring-core\4.3.7.RELEASE\spring-core-4.3.7.RELEASE.jar
2017-09-04 20:14:11,957 INFO [main] org.apache.zookeeper.ZooKeeper [Environment.java : 100] Client environment:java.library.path=D:\soft\job\java\jdk\jdk8\jdk8_target\bin;C:\Windows\Sun\Java\bin;C:\Windows\system32;C:\Windows;D:/soft/job/java/jdk/jdk8/jdk8_target/bin/client;D:/soft/job/java/jdk/jdk8/jdk8_target/bin;D:/soft/job/java/jdk/jdk8/jdk8_target/lib/i386;C:\ProgramData\Oracle\Java\javapath;C:\Windows\System32\Wbem;D:\oracle\product\10.2.0\db_1\bin;D:\soft\job\java\jdk\jdk8\jdk1.8.0_121\bin;D:\soft\job\jobSoft\svn\setup\bin;C:\\\\Program Files\\\\Android-sdk-windows\\\\tools;C:\Windows\System32;D:\Program Files\MySQL\MySQL Server 5.6\bin;C:\Windows\system32;C:\Windows;C:\Windows\System32\Wbem;%JRE_HOME_iSignatureServer%\bin;C:\Program Files\Microsoft SQL Server\110\Tools\Binn\;C:\Program Files\Common Files\Thunder Network\KanKan\Codecs;D:\soft\job\java\maven\apache-maven-3.0.4\bin;D:\\Program Files\\mysql\\mysql-5.5.22\\bin;D:\soft\learningSoftware\kingsoft\porwerWordDict;D:\soft\job\java\sql\derby\db-derby-10.12.1.1-bin\bin;C:\Program Files\Microsoft Games\Minesweeper;;D:\soft\job\java\javaIDE\eclipse_jee\eclipse-jee-luna-SR2-win32\eclipse;;.
2017-09-04 20:14:11,958 INFO [main] org.apache.zookeeper.ZooKeeper [Environment.java : 100] Client environment:java.io.tmpdir=C:\Users\ADMINI~1\AppData\Local\Temp\
2017-09-04 20:14:11,959 INFO [main] org.apache.zookeeper.ZooKeeper [Environment.java : 100] Client environment:java.compiler=<NA>
2017-09-04 20:14:11,959 INFO [main] org.apache.zookeeper.ZooKeeper [Environment.java : 100] Client environment:os.name=Windows 7
2017-09-04 20:14:11,960 INFO [main] org.apache.zookeeper.ZooKeeper [Environment.java : 100] Client environment:os.arch=x86
2017-09-04 20:14:11,961 INFO [main] org.apache.zookeeper.ZooKeeper [Environment.java : 100] Client environment:os.version=6.1
2017-09-04 20:14:11,961 INFO [main] org.apache.zookeeper.ZooKeeper [Environment.java : 100] Client environment:user.name=Administrator
2017-09-04 20:14:11,962 INFO [main] org.apache.zookeeper.ZooKeeper [Environment.java : 100] Client environment:user.home=C:\Users\Administrator
2017-09-04 20:14:11,962 INFO [main] org.apache.zookeeper.ZooKeeper [Environment.java : 100] Client environment:user.dir=D:\git\bjhy_repository\show-attach\bjhy_show_attach\show-attach-parent\show-attach-provider-web
2017-09-04 20:14:11,965 INFO [main] org.apache.zookeeper.ZooKeeper [ZooKeeper.java : 438] Initiating client connection, connectString=wulin:2181 sessionTimeout=30000 watcher=org.I0Itec.zkclient.ZkClient@1a4cf09
2017-09-04 20:14:12,020 INFO [main-SendThread(wulin:2181)] org.apache.zookeeper.ClientCnxn [ClientCnxn.java : 975] Opening socket connection to server wulin/192.168.0.33:2181. Will not attempt to authenticate using SASL (unknown error)
2017-09-04 20:14:12,026 INFO [main-SendThread(wulin:2181)] org.apache.zookeeper.ClientCnxn [ClientCnxn.java : 852] Socket connection established to wulin/192.168.0.33:2181, initiating session
2017-09-04 20:14:12,208 INFO [main-SendThread(wulin:2181)] org.apache.zookeeper.ClientCnxn [ClientCnxn.java : 1235] Session establishment complete on server wulin/192.168.0.33:2181, sessionid = 0x15e4ca2bcb60003, negotiated timeout = 30000
2017-09-04 20:14:12,214 INFO [main-EventThread] org.I0Itec.zkclient.ZkClient [ZkClient.java : 449] zookeeper state changed (SyncConnected)
2017-09-04 20:14:12,304 INFO [main] c.a.d.r.zookeeper.ZookeeperRegistry [Log4jLogger.java : 58]  [DUBBO] Register: consumer://192.168.0.33/org.apel.show.attach.service.service.FileInfoProviderService?application=show-attach-provider-web&category=consumers&check=false&dubbo=2.5.3&interface=org.apel.show.attach.service.service.FileInfoProviderService&methods=deleteFile,isItEffective,isFile,findOne,update,findByBusinessId,deleteByBusinessId,store,getFileBytes1,getFileBytes2,findFileByBusinessId,updateFile,getRootDirectory,deleteById,storeFile1,storeFile2,findFileById,findFileInfo&pid=6516&side=consumer&timeout=30000&timestamp=1504527251650, dubbo version: 2.5.3, current host: 192.168.0.33
2017-09-04 20:14:12,414 INFO [main] c.a.d.r.zookeeper.ZookeeperRegistry [Log4jLogger.java : 58]  [DUBBO] Subscribe: consumer://192.168.0.33/org.apel.show.attach.service.service.FileInfoProviderService?application=show-attach-provider-web&category=providers,configurators,routers&dubbo=2.5.3&interface=org.apel.show.attach.service.service.FileInfoProviderService&methods=deleteFile,isItEffective,isFile,findOne,update,findByBusinessId,deleteByBusinessId,store,getFileBytes1,getFileBytes2,findFileByBusinessId,updateFile,getRootDirectory,deleteById,storeFile1,storeFile2,findFileById,findFileInfo&pid=6516&side=consumer&timeout=30000&timestamp=1504527251650, dubbo version: 2.5.3, current host: 192.168.0.33
2017-09-04 20:14:12,553 INFO [main] c.a.d.r.zookeeper.ZookeeperRegistry [Log4jLogger.java : 58]  [DUBBO] Notify urls for subscribe url consumer://192.168.0.33/org.apel.show.attach.service.service.FileInfoProviderService?application=show-attach-provider-web&category=providers,configurators,routers&dubbo=2.5.3&interface=org.apel.show.attach.service.service.FileInfoProviderService&methods=deleteFile,isItEffective,isFile,findOne,update,findByBusinessId,deleteByBusinessId,store,getFileBytes1,getFileBytes2,findFileByBusinessId,updateFile,getRootDirectory,deleteById,storeFile1,storeFile2,findFileById,findFileInfo&pid=6516&side=consumer&timeout=30000&timestamp=1504527251650, urls: [hessian://192.168.0.33:20855/org.apel.show.attach.service.service.FileInfoProviderService?anyhost=true&application=show-attach-provider&dubbo=2.5.3&interface=org.apel.show.attach.service.service.FileInfoProviderService&methods=deleteFile,isItEffective,isFile,findOne,update,findByBusinessId,deleteByBusinessId,store,getFileBytes1,getFileBytes2,findFileByBusinessId,updateFile,getRootDirectory,deleteById,storeFile1,storeFile2,findFileById,findFileInfo&pid=6908&side=provider&timestamp=1504527214248, empty://192.168.0.33/org.apel.show.attach.service.service.FileInfoProviderService?application=show-attach-provider-web&category=configurators&dubbo=2.5.3&interface=org.apel.show.attach.service.service.FileInfoProviderService&methods=deleteFile,isItEffective,isFile,findOne,update,findByBusinessId,deleteByBusinessId,store,getFileBytes1,getFileBytes2,findFileByBusinessId,updateFile,getRootDirectory,deleteById,storeFile1,storeFile2,findFileById,findFileInfo&pid=6516&side=consumer&timeout=30000&timestamp=1504527251650, empty://192.168.0.33/org.apel.show.attach.service.service.FileInfoProviderService?application=show-attach-provider-web&category=routers&dubbo=2.5.3&interface=org.apel.show.attach.service.service.FileInfoProviderService&methods=deleteFile,isItEffective,isFile,findOne,update,findByBusinessId,deleteByBusinessId,store,getFileBytes1,getFileBytes2,findFileByBusinessId,updateFile,getRootDirectory,deleteById,storeFile1,storeFile2,findFileById,findFileInfo&pid=6516&side=consumer&timeout=30000&timestamp=1504527251650], dubbo version: 2.5.3, current host: 192.168.0.33
2017-09-04 20:14:12,898 INFO [main] c.a.dubbo.config.AbstractConfig [Log4jLogger.java : 58]  [DUBBO] Refer dubbo service org.apel.show.attach.service.service.FileInfoProviderService from url zookeeper://wulin:2181/com.alibaba.dubbo.registry.RegistryService?anyhost=true&application=show-attach-provider-web&check=false&dubbo=2.5.3&interface=org.apel.show.attach.service.service.FileInfoProviderService&methods=deleteFile,isItEffective,isFile,findOne,update,findByBusinessId,deleteByBusinessId,store,getFileBytes1,getFileBytes2,findFileByBusinessId,updateFile,getRootDirectory,deleteById,storeFile1,storeFile2,findFileById,findFileInfo&pid=6516&side=consumer&timeout=30000&timestamp=1504527251650, dubbo version: 2.5.3, current host: 192.168.0.33
2017-09-04 20:14:13,469 INFO [main] o.s.u.f.SpringTemplateLoader [SpringTemplateLoader.java : 61] SpringTemplateLoader for FreeMarker: using resource loader [org.springframework.boot.context.embedded.AnnotationConfigEmbeddedWebApplicationContext@815fa3: startup date [Mon Sep 04 20:14:00 CST 2017]; root of context hierarchy] and template loader path [jar:file:/D:/repository/org/apel/gaia-container-boot/1.0.1-SNAPSHOT/gaia-container-boot-1.0.1-SNAPSHOT.jar!/platform/templates/]
2017-09-04 20:14:13,471 INFO [main] o.s.u.f.SpringTemplateLoader [SpringTemplateLoader.java : 61] SpringTemplateLoader for FreeMarker: using resource loader [org.springframework.boot.context.embedded.AnnotationConfigEmbeddedWebApplicationContext@815fa3: startup date [Mon Sep 04 20:14:00 CST 2017]; root of context hierarchy] and template loader path [jar:file:/D:/repository/com/bjhy/base-inline-office/1.0.1-SNAPSHOT/base-inline-office-1.0.1-SNAPSHOT.jar!/platform/templates/]
2017-09-04 20:14:13,477 INFO [main] o.s.u.f.SpringTemplateLoader [SpringTemplateLoader.java : 61] SpringTemplateLoader for FreeMarker: using resource loader [org.springframework.boot.context.embedded.AnnotationConfigEmbeddedWebApplicationContext@815fa3: startup date [Mon Sep 04 20:14:00 CST 2017]; root of context hierarchy] and template loader path [classpath:/templates/]
2017-09-04 20:14:13,483 INFO [main] o.s.w.s.v.f.FreeMarkerConfigurer [FreeMarkerConfigurer.java : 127] ClassTemplateLoader for Spring macros added to FreeMarker configuration
2017-09-04 20:14:15,137 INFO [main] o.s.w.s.m.m.a.RequestMappingHandlerAdapter [RequestMappingHandlerAdapter.java : 534] Looking for @ControllerAdvice: org.springframework.boot.context.embedded.AnnotationConfigEmbeddedWebApplicationContext@815fa3: startup date [Mon Sep 04 20:14:00 CST 2017]; root of context hierarchy
2017-09-04 20:14:15,425 INFO [main] o.s.w.s.m.m.a.RequestMappingHandlerMapping [AbstractHandlerMethodMapping.java : 543] Mapped "{[/customerFileInfo/findFileInfo],methods=[GET]}" onto public org.apel.gaia.commons.pager.PageBean org.apel.show.attach.provider.web.CustomerFileInfoController.findSelectedCriminal(org.apel.gaia.commons.jqgrid.QueryParams)
2017-09-04 20:14:15,431 INFO [main] o.s.w.s.m.m.a.RequestMappingHandlerMapping [AbstractHandlerMethodMapping.java : 543] Mapped "{[/customerFileInfo],methods=[DELETE]}" onto public org.apel.gaia.commons.i18n.Message org.apel.show.attach.provider.web.CustomerFileInfoController.batchDelete(java.lang.String[])
2017-09-04 20:14:15,433 INFO [main] o.s.w.s.m.m.a.RequestMappingHandlerMapping [AbstractHandlerMethodMapping.java : 543] Mapped "{[/customerFileInfo/fileUpload],methods=[POST]}" onto public java.lang.String org.apel.show.attach.provider.web.CustomerFileInfoController.fileUpload(org.springframework.web.multipart.MultipartFile,javax.servlet.http.HttpServletRequest)
2017-09-04 20:14:15,434 INFO [main] o.s.w.s.m.m.a.RequestMappingHandlerMapping [AbstractHandlerMethodMapping.java : 543] Mapped "{[/customerFileInfo/downloadFile],methods=[GET]}" onto public org.springframework.http.ResponseEntity<byte[]> org.apel.show.attach.provider.web.CustomerFileInfoController.downloadFile(java.lang.String)
2017-09-04 20:14:15,435 INFO [main] o.s.w.s.m.m.a.RequestMappingHandlerMapping [AbstractHandlerMethodMapping.java : 543] Mapped "{[/customerFileInfo/showFileContext]}" onto public com.bjhy.inline.office.domain.Office org.apel.show.attach.provider.web.CustomerFileInfoController.showFileContext(java.lang.String)
2017-09-04 20:14:15,437 INFO [main] o.s.w.s.m.m.a.RequestMappingHandlerMapping [AbstractHandlerMethodMapping.java : 543] Mapped "{[/customerFileInfo/newOfficePage]}" onto public java.lang.String org.apel.show.attach.provider.web.CustomerFileInfoController.newOfficePage(javax.servlet.http.HttpServletRequest)
2017-09-04 20:14:15,438 INFO [main] o.s.w.s.m.m.a.RequestMappingHandlerMapping [AbstractHandlerMethodMapping.java : 543] Mapped "{[/customerFileInfo/file_progress]}" onto public java.lang.Integer org.apel.show.attach.provider.web.CustomerFileInfoController.netCheck(javax.servlet.http.HttpSession)
2017-09-04 20:14:15,443 INFO [main] o.s.w.s.m.m.a.RequestMappingHandlerMapping [AbstractHandlerMethodMapping.java : 543] Mapped "{[/net_detect]}" onto public java.lang.String org.apel.gaia.container.boot.controller.CommonController.netDedect()
2017-09-04 20:14:15,444 INFO [main] o.s.w.s.m.m.a.RequestMappingHandlerMapping [AbstractHandlerMethodMapping.java : 543] Mapped "{[/file_progress]}" onto public java.lang.Integer org.apel.gaia.container.boot.controller.CommonController.netCheck(javax.servlet.http.HttpSession)
2017-09-04 20:14:15,445 INFO [main] o.s.w.s.m.m.a.RequestMappingHandlerMapping [AbstractHandlerMethodMapping.java : 543] Mapped "{[/net_check]}" onto public java.lang.String org.apel.gaia.container.boot.controller.CommonController.netCheck(java.lang.String)
2017-09-04 20:14:15,450 INFO [main] o.s.w.s.m.m.a.RequestMappingHandlerMapping [AbstractHandlerMethodMapping.java : 543] Mapped "{[/404]}" onto public java.lang.String org.apel.gaia.container.boot.controller.ContainerErrorController._404() throws java.lang.Exception
2017-09-04 20:14:15,451 INFO [main] o.s.w.s.m.m.a.RequestMappingHandlerMapping [AbstractHandlerMethodMapping.java : 543] Mapped "{[/405]}" onto public java.lang.String org.apel.gaia.container.boot.controller.ContainerErrorController._405() throws java.lang.Exception
2017-09-04 20:14:15,452 INFO [main] o.s.w.s.m.m.a.RequestMappingHandlerMapping [AbstractHandlerMethodMapping.java : 543] Mapped "{[/500]}" onto public java.lang.String org.apel.gaia.container.boot.controller.ContainerErrorController._500() throws java.lang.Exception
2017-09-04 20:14:15,453 INFO [main] o.s.w.s.m.m.a.RequestMappingHandlerMapping [AbstractHandlerMethodMapping.java : 543] Mapped "{[/400]}" onto public java.lang.String org.apel.gaia.container.boot.controller.ContainerErrorController._400() throws java.lang.Exception
2017-09-04 20:14:15,454 INFO [main] o.s.w.s.m.m.a.RequestMappingHandlerMapping [AbstractHandlerMethodMapping.java : 543] Mapped "{[/403]}" onto public java.lang.String org.apel.gaia.container.boot.controller.ContainerErrorController._403() throws java.lang.Exception
2017-09-04 20:14:15,459 INFO [main] o.s.w.s.m.m.a.RequestMappingHandlerMapping [AbstractHandlerMethodMapping.java : 543] Mapped "{[/error]}" onto public java.lang.String org.apel.gaia.container.boot.controller.SpringErrorController.error()
2017-09-04 20:14:15,467 INFO [main] o.s.w.s.m.m.a.RequestMappingHandlerMapping [AbstractHandlerMethodMapping.java : 543] Mapped "{[/beforeShowOffice/index]}" onto public java.lang.String com.bjhy.inline.office.web.BeforeShowOfficeController.index(javax.servlet.http.HttpServletRequest)
2017-09-04 20:14:15,468 INFO [main] o.s.w.s.m.m.a.RequestMappingHandlerMapping [AbstractHandlerMethodMapping.java : 543] Mapped "{[/beforeShowOffice/index2]}" onto public java.lang.String com.bjhy.inline.office.web.BeforeShowOfficeController.index2(javax.servlet.http.HttpServletRequest)
2017-09-04 20:14:15,469 INFO [main] o.s.w.s.m.m.a.RequestMappingHandlerMapping [AbstractHandlerMethodMapping.java : 543] Mapped "{[/beforeShowOffice/openOffice]}" onto public com.bjhy.inline.office.domain.Office com.bjhy.inline.office.web.BeforeShowOfficeController.openOffice(javax.servlet.http.HttpServletRequest)
2017-09-04 20:14:15,470 INFO [main] o.s.w.s.m.m.a.RequestMappingHandlerMapping [AbstractHandlerMethodMapping.java : 543] Mapped "{[/beforeShowOffice/findOfficeImage]}" onto public org.springframework.http.ResponseEntity<byte[]> com.bjhy.inline.office.web.BeforeShowOfficeController.findOfficeImage(java.lang.String)
2017-09-04 20:14:15,474 INFO [main] o.s.w.s.m.m.a.RequestMappingHandlerMapping [AbstractHandlerMethodMapping.java : 543] Mapped "{[/testOffice/fileUpload],methods=[POST]}" onto public java.lang.String com.bjhy.inline.office.web.TestOfficeController.fileUpload(org.springframework.web.multipart.MultipartFile,javax.servlet.http.HttpServletRequest)
2017-09-04 20:14:15,475 INFO [main] o.s.w.s.m.m.a.RequestMappingHandlerMapping [AbstractHandlerMethodMapping.java : 543] Mapped "{[/testOffice/testOpenOffice]}" onto public com.bjhy.inline.office.domain.Office com.bjhy.inline.office.web.TestOfficeController.openOffice(javax.servlet.http.HttpServletRequest)
2017-09-04 20:14:15,476 INFO [main] o.s.w.s.m.m.a.RequestMappingHandlerMapping [AbstractHandlerMethodMapping.java : 543] Mapped "{[/testOffice/testOpenOffice2]}" onto public com.bjhy.inline.office.domain.Office com.bjhy.inline.office.web.TestOfficeController.openOffice2(java.lang.String,java.lang.String,java.lang.String,java.lang.String,javax.servlet.http.HttpServletRequest)
2017-09-04 20:14:15,477 INFO [main] o.s.w.s.m.m.a.RequestMappingHandlerMapping [AbstractHandlerMethodMapping.java : 543] Mapped "{[/testOffice/newPage]}" onto public java.lang.String com.bjhy.inline.office.web.TestOfficeController.newPage(javax.servlet.http.HttpServletRequest)
2017-09-04 20:14:15,478 INFO [main] o.s.w.s.m.m.a.RequestMappingHandlerMapping [AbstractHandlerMethodMapping.java : 543] Mapped "{[/testOffice/newPage2]}" onto public java.lang.String com.bjhy.inline.office.web.TestOfficeController.newPage2(javax.servlet.http.HttpServletRequest)
2017-09-04 20:14:15,649 INFO [main] o.s.w.s.h.SimpleUrlHandlerMapping [AbstractUrlHandlerMapping.java : 362] Mapped URL path [/webjars/**] onto handler of type [class org.springframework.web.servlet.resource.ResourceHttpRequestHandler]
2017-09-04 20:14:15,649 INFO [main] o.s.w.s.h.SimpleUrlHandlerMapping [AbstractUrlHandlerMapping.java : 362] Mapped URL path [/**] onto handler of type [class org.springframework.web.servlet.resource.ResourceHttpRequestHandler]
2017-09-04 20:14:15,871 INFO [main] o.s.w.s.h.SimpleUrlHandlerMapping [AbstractUrlHandlerMapping.java : 362] Mapped URL path [/**/favicon.ico] onto handler of type [class org.springframework.web.servlet.resource.ResourceHttpRequestHandler]
2017-09-04 20:14:17,264 INFO [main] o.s.j.e.a.AnnotationMBeanExporter [MBeanExporter.java : 431] Registering beans for JMX exposure on startup
2017-09-04 20:14:17,309 INFO [main] o.e.jetty.ContextHandler.application [ContextHandler.java : 2207] Initializing Spring FrameworkServlet 'dispatcherServlet'
2017-09-04 20:14:17,310 INFO [main] o.s.web.servlet.DispatcherServlet [FrameworkServlet.java : 489] FrameworkServlet 'dispatcherServlet': initialization started
2017-09-04 20:14:17,349 INFO [main] o.s.web.servlet.DispatcherServlet [FrameworkServlet.java : 508] FrameworkServlet 'dispatcherServlet': initialization completed in 38 ms
2017-09-04 20:14:17,390 INFO [main] o.e.jetty.server.AbstractConnector [AbstractConnector.java : 280] Started ServerConnector@18fc1f{HTTP/1.1,[http/1.1]}{0.0.0.0:6691}
2017-09-04 20:14:17,392 INFO [main] o.s.b.c.e.j.JettyEmbeddedServletContainer [JettyEmbeddedServletContainer.java : 144] Jetty started on port(s) 6691 (http/1.1)
2017-09-04 20:14:17,429 INFO [main] o.a.s.a.p.w.t.AttachProviderWebStart [StartupInfoLogger.java : 57] Started AttachProviderWebStart in 18.168 seconds (JVM running for 20.748)
2017-09-04 20:16:06,093 INFO [qtp29856293-20] o.apache.pdfbox.util.PDFStreamEngine [PDFStreamEngine.java : 560] unsupported/disabled operation: BDC
2017-09-04 20:16:06,095 INFO [qtp29856293-20] o.apache.pdfbox.util.PDFStreamEngine [PDFStreamEngine.java : 560] unsupported/disabled operation: i
2017-09-04 20:16:17,602 INFO [qtp29856293-20] o.a.pdfbox.pdmodel.font.PDType0Font [PDType0Font.java : 98] Using font SansSerif.plain instead of SimSun
2017-09-04 20:16:17,857 INFO [qtp29856293-20] o.apache.pdfbox.util.PDFStreamEngine [PDFStreamEngine.java : 560] unsupported/disabled operation: EMC
2017-09-04 20:16:19,882 WARN [qtp29856293-20] o.a.pdfbox.pdmodel.font.PDSimpleFont [PDSimpleFont.java : 139] Changing font on <z> from <FFBANE+Wingdings-Regular> to the default font
2017-09-04 20:16:22,463 INFO [qtp29856293-20] o.apache.pdfbox.util.PDFStreamEngine [PDFStreamEngine.java : 560] unsupported/disabled operation: BDC
2017-09-04 20:16:22,464 INFO [qtp29856293-20] o.apache.pdfbox.util.PDFStreamEngine [PDFStreamEngine.java : 560] unsupported/disabled operation: i
2017-09-04 20:16:22,470 INFO [qtp29856293-20] o.a.pdfbox.pdmodel.font.PDType0Font [PDType0Font.java : 98] Using font SansSerif.plain instead of SimSun
2017-09-04 20:16:22,479 INFO [qtp29856293-20] o.apache.pdfbox.util.PDFStreamEngine [PDFStreamEngine.java : 560] unsupported/disabled operation: EMC
2017-09-04 20:16:24,968 INFO [qtp29856293-20] o.apache.pdfbox.util.PDFStreamEngine [PDFStreamEngine.java : 560] unsupported/disabled operation: BDC
2017-09-04 20:16:24,969 INFO [qtp29856293-20] o.apache.pdfbox.util.PDFStreamEngine [PDFStreamEngine.java : 560] unsupported/disabled operation: i
2017-09-04 20:16:24,976 INFO [qtp29856293-20] o.a.pdfbox.pdmodel.font.PDType0Font [PDType0Font.java : 98] Using font SansSerif.plain instead of SimSun
2017-09-04 20:16:24,989 INFO [qtp29856293-20] o.apache.pdfbox.util.PDFStreamEngine [PDFStreamEngine.java : 560] unsupported/disabled operation: EMC
2017-09-04 20:16:25,422 WARN [qtp29856293-20] o.a.pdfbox.pdmodel.font.PDSimpleFont [PDSimpleFont.java : 139] Changing font on <z> from <FFBANE+Wingdings-Regular> to the default font
2017-09-04 20:16:26,837 INFO [qtp29856293-20] o.apache.pdfbox.util.PDFStreamEngine [PDFStreamEngine.java : 560] unsupported/disabled operation: BDC
2017-09-04 20:16:27,643 INFO [qtp29856293-20] o.apache.pdfbox.util.PDFStreamEngine [PDFStreamEngine.java : 560] unsupported/disabled operation: EMC
2017-09-04 20:16:27,644 INFO [qtp29856293-20] o.apache.pdfbox.util.PDFStreamEngine [PDFStreamEngine.java : 560] unsupported/disabled operation: i
2017-09-04 20:16:27,781 INFO [qtp29856293-20] o.a.pdfbox.pdmodel.font.PDType0Font [PDType0Font.java : 98] Using font SansSerif.plain instead of SimSun
2017-09-04 20:16:29,253 INFO [qtp29856293-20] o.apache.pdfbox.util.PDFStreamEngine [PDFStreamEngine.java : 560] unsupported/disabled operation: BDC
2017-09-04 20:16:29,293 INFO [qtp29856293-20] o.apache.pdfbox.util.PDFStreamEngine [PDFStreamEngine.java : 560] unsupported/disabled operation: EMC
2017-09-04 20:16:29,294 INFO [qtp29856293-20] o.apache.pdfbox.util.PDFStreamEngine [PDFStreamEngine.java : 560] unsupported/disabled operation: i
2017-09-04 20:16:29,300 INFO [qtp29856293-20] o.a.pdfbox.pdmodel.font.PDType0Font [PDType0Font.java : 98] Using font SansSerif.plain instead of SimSun
2017-09-04 20:16:31,122 INFO [qtp29856293-20] o.apache.pdfbox.util.PDFStreamEngine [PDFStreamEngine.java : 560] unsupported/disabled operation: BDC
2017-09-04 20:16:31,124 INFO [qtp29856293-20] o.apache.pdfbox.util.PDFStreamEngine [PDFStreamEngine.java : 560] unsupported/disabled operation: i
2017-09-04 20:16:31,198 INFO [qtp29856293-20] o.apache.pdfbox.util.PDFStreamEngine [PDFStreamEngine.java : 560] unsupported/disabled operation: EMC
2017-09-04 20:16:31,204 INFO [qtp29856293-20] o.a.pdfbox.pdmodel.font.PDType0Font [PDType0Font.java : 98] Using font SansSerif.plain instead of SimSun
2017-09-04 20:16:58,346 INFO [qtp29856293-20] o.a.pdfbox.pdmodel.font.PDType0Font [PDType0Font.java : 98] Using font SansSerif.plain instead of #CB#CE#CC#E5
2017-09-04 20:17:01,254 ERROR [qtp29856293-20] org.apache.pdfbox.filter.JBIG2Filter [JBIG2Filter.java : 67] Can't find an ImageIO plugin to decode the JBIG2 encoded datastream.
2017-09-04 20:17:01,256 ERROR [qtp29856293-20] o.a.p.p.graphics.xobject.PDPixelMap [PDPixelMap.java : 188] Something went wrong ... the pixelmap doesn't contain any data.
2017-09-04 20:17:01,257 WARN [qtp29856293-20] o.a.p.u.operator.pagedrawer.Invoke [Invoke.java : 86] getRGBImage returned NULL
2017-09-04 20:17:01,259 INFO [qtp29856293-20] o.a.pdfbox.pdmodel.font.PDType0Font [PDType0Font.java : 98] Using font SansSerif.plain instead of _GB2312
2017-09-04 20:17:01,733 INFO [qtp29856293-20] o.a.pdfbox.pdmodel.font.PDType0Font [PDType0Font.java : 98] Using font SansSerif.plain instead of #CB#CE#CC#E5
2017-09-04 20:17:03,674 ERROR [qtp29856293-20] org.apache.pdfbox.filter.JBIG2Filter [JBIG2Filter.java : 67] Can't find an ImageIO plugin to decode the JBIG2 encoded datastream.
2017-09-04 20:17:03,675 ERROR [qtp29856293-20] o.a.p.p.graphics.xobject.PDPixelMap [PDPixelMap.java : 188] Something went wrong ... the pixelmap doesn't contain any data.
2017-09-04 20:17:03,676 WARN [qtp29856293-20] o.a.p.u.operator.pagedrawer.Invoke [Invoke.java : 86] getRGBImage returned NULL
2017-09-04 20:17:03,679 INFO [qtp29856293-20] o.a.pdfbox.pdmodel.font.PDType0Font [PDType0Font.java : 98] Using font SansSerif.plain instead of _GB2312
2017-09-04 20:17:04,150 INFO [qtp29856293-20] o.a.pdfbox.pdmodel.font.PDType0Font [PDType0Font.java : 98] Using font SansSerif.plain instead of #CB#CE#CC#E5
2017-09-04 20:17:04,183 ERROR [qtp29856293-20] o.a.pdfbox.pdmodel.font.PDSimpleFont [PDSimpleFont.java : 354] Error in org.apache.pdfbox.pdmodel.font.PDType0Font.writeFont
java.awt.geom.NoninvertibleTransformException: Determinant is 0
	at java.awt.geom.AffineTransform.createInverse(Unknown Source)
	at org.apache.pdfbox.pdmodel.font.PDSimpleFont.writeFont(PDSimpleFont.java:339)
	at org.apache.pdfbox.pdmodel.font.PDSimpleFont.drawString(PDSimpleFont.java:147)
	at org.apache.pdfbox.pdfviewer.PageDrawer.processTextPosition(PageDrawer.java:227)
	at org.apache.pdfbox.util.PDFStreamEngine.processEncodedText(PDFStreamEngine.java:496)
	at org.apache.pdfbox.util.operator.ShowText.process(ShowText.java:45)
	at org.apache.pdfbox.util.PDFStreamEngine.processOperator(PDFStreamEngine.java:554)
	at org.apache.pdfbox.util.PDFStreamEngine.processSubStream(PDFStreamEngine.java:268)
	at org.apache.pdfbox.util.PDFStreamEngine.processSubStream(PDFStreamEngine.java:235)
	at org.apache.pdfbox.util.PDFStreamEngine.processStream(PDFStreamEngine.java:215)
	at org.apache.pdfbox.pdfviewer.PageDrawer.drawPage(PageDrawer.java:125)
	at org.apache.pdfbox.pdmodel.PDPage.convertToImage(PDPage.java:769)
	at org.apache.pdfbox.pdmodel.PDPage.convertToImage(PDPage.java:700)
	at com.bjhy.inline.office.pdf.PdfToHtml.pdfPage2Img(PdfToHtml.java:101)
	at com.bjhy.inline.office.pdf.PdfToHtml.pdf2img(PdfToHtml.java:75)
	at com.bjhy.inline.office.pdf.PdfToHtml.pdfToHtml(PdfToHtml.java:40)
	at com.bjhy.inline.office.base.FileConvert.convertPdf(FileConvert.java:206)
	at com.bjhy.inline.office.base.FileConvert.getOffice(FileConvert.java:89)
	at org.apel.show.attach.provider.web.CustomerFileInfoController.showFileContext(CustomerFileInfoController.java:168)
	at sun.reflect.NativeMethodAccessorImpl.invoke0(Native Method)
	at sun.reflect.NativeMethodAccessorImpl.invoke(Unknown Source)
	at sun.reflect.DelegatingMethodAccessorImpl.invoke(Unknown Source)
	at java.lang.reflect.Method.invoke(Unknown Source)
	at org.springframework.web.method.support.InvocableHandlerMethod.doInvoke(InvocableHandlerMethod.java:205)
	at org.springframework.web.method.support.InvocableHandlerMethod.invokeForRequest(InvocableHandlerMethod.java:133)
	at org.springframework.web.servlet.mvc.method.annotation.ServletInvocableHandlerMethod.invokeAndHandle(ServletInvocableHandlerMethod.java:116)
	at org.springframework.web.servlet.mvc.method.annotation.RequestMappingHandlerAdapter.invokeHandlerMethod(RequestMappingHandlerAdapter.java:827)
	at org.springframework.web.servlet.mvc.method.annotation.RequestMappingHandlerAdapter.handleInternal(RequestMappingHandlerAdapter.java:738)
	at org.springframework.web.servlet.mvc.method.AbstractHandlerMethodAdapter.handle(AbstractHandlerMethodAdapter.java:85)
	at org.springframework.web.servlet.DispatcherServlet.doDispatch(DispatcherServlet.java:963)
	at org.springframework.web.servlet.DispatcherServlet.doService(DispatcherServlet.java:897)
	at org.springframework.web.servlet.FrameworkServlet.processRequest(FrameworkServlet.java:970)
	at org.springframework.web.servlet.FrameworkServlet.doGet(FrameworkServlet.java:861)
	at javax.servlet.http.HttpServlet.service(HttpServlet.java:687)
	at org.springframework.web.servlet.FrameworkServlet.service(FrameworkServlet.java:846)
	at javax.servlet.http.HttpServlet.service(HttpServlet.java:790)
	at org.eclipse.jetty.servlet.ServletHolder.handle(ServletHolder.java:841)
	at org.eclipse.jetty.servlet.ServletHandler$CachedChain.doFilter(ServletHandler.java:1634)
	at org.eclipse.jetty.websocket.server.WebSocketUpgradeFilter.doFilter(WebSocketUpgradeFilter.java:206)
	at org.eclipse.jetty.servlet.ServletHandler$CachedChain.doFilter(ServletHandler.java:1621)
	at org.springframework.web.filter.RequestContextFilter.doFilterInternal(RequestContextFilter.java:99)
	at org.springframework.web.filter.OncePerRequestFilter.doFilter(OncePerRequestFilter.java:107)
	at org.eclipse.jetty.servlet.ServletHandler$CachedChain.doFilter(ServletHandler.java:1621)
	at org.springframework.web.filter.HttpPutFormContentFilter.doFilterInternal(HttpPutFormContentFilter.java:105)
	at org.springframework.web.filter.OncePerRequestFilter.doFilter(OncePerRequestFilter.java:107)
	at org.eclipse.jetty.servlet.ServletHandler$CachedChain.doFilter(ServletHandler.java:1621)
	at org.springframework.web.filter.HiddenHttpMethodFilter.doFilterInternal(HiddenHttpMethodFilter.java:81)
	at org.springframework.web.filter.OncePerRequestFilter.doFilter(OncePerRequestFilter.java:107)
	at org.eclipse.jetty.servlet.ServletHandler$CachedChain.doFilter(ServletHandler.java:1621)
	at org.springframework.web.filter.CharacterEncodingFilter.doFilterInternal(CharacterEncodingFilter.java:197)
	at org.springframework.web.filter.OncePerRequestFilter.doFilter(OncePerRequestFilter.java:107)
	at org.eclipse.jetty.servlet.ServletHandler$CachedChain.doFilter(ServletHandler.java:1621)
	at org.eclipse.jetty.servlet.ServletHandler.doHandle(ServletHandler.java:541)
	at org.eclipse.jetty.server.handler.ScopedHandler.handle(ScopedHandler.java:143)
	at org.eclipse.jetty.security.SecurityHandler.handle(SecurityHandler.java:548)
	at org.eclipse.jetty.server.handler.HandlerWrapper.handle(HandlerWrapper.java:132)
	at org.eclipse.jetty.server.handler.ScopedHandler.nextHandle(ScopedHandler.java:190)
	at org.eclipse.jetty.server.session.SessionHandler.doHandle(SessionHandler.java:1592)
	at org.eclipse.jetty.server.handler.ScopedHandler.nextHandle(ScopedHandler.java:188)
	at org.eclipse.jetty.server.handler.ContextHandler.doHandle(ContextHandler.java:1239)
	at org.eclipse.jetty.server.handler.ScopedHandler.nextScope(ScopedHandler.java:168)
	at org.eclipse.jetty.servlet.ServletHandler.doScope(ServletHandler.java:481)
	at org.eclipse.jetty.server.session.SessionHandler.doScope(SessionHandler.java:1561)
	at org.eclipse.jetty.server.handler.ScopedHandler.nextScope(ScopedHandler.java:166)
	at org.eclipse.jetty.server.handler.ContextHandler.doScope(ContextHandler.java:1141)
	at org.eclipse.jetty.server.handler.ScopedHandler.handle(ScopedHandler.java:141)
	at org.eclipse.jetty.server.handler.HandlerWrapper.handle(HandlerWrapper.java:132)
	at org.eclipse.jetty.server.Server.handle(Server.java:564)
	at org.eclipse.jetty.server.HttpChannel.handle(HttpChannel.java:320)
	at org.eclipse.jetty.server.HttpConnection.onFillable(HttpConnection.java:251)
	at org.eclipse.jetty.io.AbstractConnection$ReadCallback.succeeded(AbstractConnection.java:279)
	at org.eclipse.jetty.io.FillInterest.fillable(FillInterest.java:110)
	at org.eclipse.jetty.io.ChannelEndPoint$2.run(ChannelEndPoint.java:124)
	at org.eclipse.jetty.util.thread.Invocable.invokePreferred(Invocable.java:122)
	at org.eclipse.jetty.util.thread.strategy.ExecutingExecutionStrategy.invoke(ExecutingExecutionStrategy.java:58)
	at org.eclipse.jetty.util.thread.strategy.ExecuteProduceConsume.produceConsume(ExecuteProduceConsume.java:201)
	at org.eclipse.jetty.util.thread.strategy.ExecuteProduceConsume.run(ExecuteProduceConsume.java:133)
	at org.eclipse.jetty.util.thread.QueuedThreadPool.runJob(QueuedThreadPool.java:672)
	at org.eclipse.jetty.util.thread.QueuedThreadPool$2.run(QueuedThreadPool.java:590)
	at java.lang.Thread.run(Unknown Source)
2017-09-04 20:17:07,351 ERROR [qtp29856293-20] org.apache.pdfbox.filter.JBIG2Filter [JBIG2Filter.java : 67] Can't find an ImageIO plugin to decode the JBIG2 encoded datastream.
2017-09-04 20:17:07,352 ERROR [qtp29856293-20] o.a.p.p.graphics.xobject.PDPixelMap [PDPixelMap.java : 188] Something went wrong ... the pixelmap doesn't contain any data.
2017-09-04 20:17:07,353 WARN [qtp29856293-20] o.a.p.u.operator.pagedrawer.Invoke [Invoke.java : 86] getRGBImage returned NULL
2017-09-04 20:17:07,355 INFO [qtp29856293-20] o.a.pdfbox.pdmodel.font.PDType0Font [PDType0Font.java : 98] Using font SansSerif.plain instead of _GB2312
2017-09-04 20:17:54,217 INFO [qtp29856293-52] o.a.p.p.font.PDCIDFontType2Font [PDCIDFontType2Font.java : 85] Can't read the embedded font HMMPUS+SimSun
2017-09-04 20:17:54,221 INFO [qtp29856293-52] o.a.p.p.font.PDCIDFontType2Font [PDCIDFontType2Font.java : 92] Using font  instead
2017-09-04 20:18:00,910 INFO [qtp29856293-52] o.a.p.p.font.PDCIDFontType2Font [PDCIDFontType2Font.java : 85] Can't read the embedded font HMMPUS+SimSun
2017-09-04 20:18:00,911 INFO [qtp29856293-52] o.a.p.p.font.PDCIDFontType2Font [PDCIDFontType2Font.java : 92] Using font  instead
2017-09-04 20:18:07,228 INFO [qtp29856293-52] o.a.p.p.font.PDCIDFontType2Font [PDCIDFontType2Font.java : 85] Can't read the embedded font HMMPUS+SimSun
2017-09-04 20:18:07,229 INFO [qtp29856293-52] o.a.p.p.font.PDCIDFontType2Font [PDCIDFontType2Font.java : 92] Using font  instead
2017-09-04 20:18:13,973 INFO [qtp29856293-52] o.a.p.p.font.PDCIDFontType2Font [PDCIDFontType2Font.java : 85] Can't read the embedded font HMMPUS+SimSun
2017-09-04 20:18:13,974 INFO [qtp29856293-52] o.a.p.p.font.PDCIDFontType2Font [PDCIDFontType2Font.java : 92] Using font  instead
2017-09-04 20:18:20,881 INFO [qtp29856293-52] o.a.p.p.font.PDCIDFontType2Font [PDCIDFontType2Font.java : 85] Can't read the embedded font HMMPUS+SimSun
2017-09-04 20:18:20,883 INFO [qtp29856293-52] o.a.p.p.font.PDCIDFontType2Font [PDCIDFontType2Font.java : 92] Using font  instead
2017-09-04 20:18:26,980 INFO [qtp29856293-52] o.a.p.p.font.PDCIDFontType2Font [PDCIDFontType2Font.java : 85] Can't read the embedded font HMMPUS+SimSun
2017-09-04 20:18:26,981 INFO [qtp29856293-52] o.a.p.p.font.PDCIDFontType2Font [PDCIDFontType2Font.java : 92] Using font  instead
2017-09-04 20:18:32,739 INFO [qtp29856293-52] o.a.p.p.font.PDCIDFontType2Font [PDCIDFontType2Font.java : 85] Can't read the embedded font HMMPUS+SimSun
2017-09-04 20:18:32,740 INFO [qtp29856293-52] o.a.p.p.font.PDCIDFontType2Font [PDCIDFontType2Font.java : 92] Using font  instead
2017-09-04 20:18:38,744 INFO [qtp29856293-52] o.a.p.p.font.PDCIDFontType2Font [PDCIDFontType2Font.java : 85] Can't read the embedded font HMMPUS+SimSun
2017-09-04 20:18:38,746 INFO [qtp29856293-52] o.a.p.p.font.PDCIDFontType2Font [PDCIDFontType2Font.java : 92] Using font  instead
2017-09-04 20:20:47,809 INFO [qtp29856293-53] o.apache.pdfbox.util.PDFStreamEngine [PDFStreamEngine.java : 560] unsupported/disabled operation: BDC
2017-09-04 20:20:47,810 INFO [qtp29856293-53] o.apache.pdfbox.util.PDFStreamEngine [PDFStreamEngine.java : 560] unsupported/disabled operation: i
2017-09-04 20:20:47,828 INFO [qtp29856293-53] o.a.pdfbox.pdmodel.font.PDType0Font [PDType0Font.java : 98] Using font SansSerif.plain instead of SimSun
2017-09-04 20:20:48,063 INFO [qtp29856293-53] o.apache.pdfbox.util.PDFStreamEngine [PDFStreamEngine.java : 560] unsupported/disabled operation: EMC
2017-09-04 20:20:49,069 WARN [qtp29856293-53] o.a.pdfbox.pdmodel.font.PDSimpleFont [PDSimpleFont.java : 139] Changing font on <z> from <FFBANE+Wingdings-Regular> to the default font
2017-09-04 20:20:50,873 INFO [qtp29856293-53] o.apache.pdfbox.util.PDFStreamEngine [PDFStreamEngine.java : 560] unsupported/disabled operation: BDC
2017-09-04 20:20:50,875 INFO [qtp29856293-53] o.apache.pdfbox.util.PDFStreamEngine [PDFStreamEngine.java : 560] unsupported/disabled operation: i
2017-09-04 20:20:50,881 INFO [qtp29856293-53] o.a.pdfbox.pdmodel.font.PDType0Font [PDType0Font.java : 98] Using font SansSerif.plain instead of SimSun
2017-09-04 20:20:50,888 INFO [qtp29856293-53] o.apache.pdfbox.util.PDFStreamEngine [PDFStreamEngine.java : 560] unsupported/disabled operation: EMC
2017-09-04 20:20:53,103 INFO [qtp29856293-53] o.apache.pdfbox.util.PDFStreamEngine [PDFStreamEngine.java : 560] unsupported/disabled operation: BDC
2017-09-04 20:20:53,104 INFO [qtp29856293-53] o.apache.pdfbox.util.PDFStreamEngine [PDFStreamEngine.java : 560] unsupported/disabled operation: i
2017-09-04 20:20:53,109 INFO [qtp29856293-53] o.a.pdfbox.pdmodel.font.PDType0Font [PDType0Font.java : 98] Using font SansSerif.plain instead of SimSun
2017-09-04 20:20:53,121 INFO [qtp29856293-53] o.apache.pdfbox.util.PDFStreamEngine [PDFStreamEngine.java : 560] unsupported/disabled operation: EMC
2017-09-04 20:20:53,523 WARN [qtp29856293-53] o.a.pdfbox.pdmodel.font.PDSimpleFont [PDSimpleFont.java : 139] Changing font on <z> from <FFBANE+Wingdings-Regular> to the default font
2017-09-04 20:20:55,055 INFO [qtp29856293-53] o.apache.pdfbox.util.PDFStreamEngine [PDFStreamEngine.java : 560] unsupported/disabled operation: BDC
2017-09-04 20:20:55,496 INFO [qtp29856293-53] o.apache.pdfbox.util.PDFStreamEngine [PDFStreamEngine.java : 560] unsupported/disabled operation: EMC
2017-09-04 20:20:55,498 INFO [qtp29856293-53] o.apache.pdfbox.util.PDFStreamEngine [PDFStreamEngine.java : 560] unsupported/disabled operation: i
2017-09-04 20:20:55,536 INFO [qtp29856293-53] o.a.pdfbox.pdmodel.font.PDType0Font [PDType0Font.java : 98] Using font SansSerif.plain instead of SimSun
2017-09-04 20:20:56,698 INFO [qtp29856293-53] o.apache.pdfbox.util.PDFStreamEngine [PDFStreamEngine.java : 560] unsupported/disabled operation: BDC
2017-09-04 20:20:56,734 INFO [qtp29856293-53] o.apache.pdfbox.util.PDFStreamEngine [PDFStreamEngine.java : 560] unsupported/disabled operation: EMC
2017-09-04 20:20:56,735 INFO [qtp29856293-53] o.apache.pdfbox.util.PDFStreamEngine [PDFStreamEngine.java : 560] unsupported/disabled operation: i
2017-09-04 20:20:56,741 INFO [qtp29856293-53] o.a.pdfbox.pdmodel.font.PDType0Font [PDType0Font.java : 98] Using font SansSerif.plain instead of SimSun
2017-09-04 20:20:58,145 INFO [qtp29856293-53] o.apache.pdfbox.util.PDFStreamEngine [PDFStreamEngine.java : 560] unsupported/disabled operation: BDC
2017-09-04 20:20:58,146 INFO [qtp29856293-53] o.apache.pdfbox.util.PDFStreamEngine [PDFStreamEngine.java : 560] unsupported/disabled operation: i
2017-09-04 20:20:58,211 INFO [qtp29856293-53] o.apache.pdfbox.util.PDFStreamEngine [PDFStreamEngine.java : 560] unsupported/disabled operation: EMC
2017-09-04 20:20:58,215 INFO [qtp29856293-53] o.a.pdfbox.pdmodel.font.PDType0Font [PDType0Font.java : 98] Using font SansSerif.plain instead of SimSun
